start_time : 1657641600, datetime : Wed Jul 13 00:00:00 2022, gain : daily_gain_v_one============================== start_time 
time: 2022-07-13 13:40:56.416309
name: , daily_gain: daily_gain_v_one, monthly_gain: daily_gain_v_one, symbol: https://xueqiu.com/P/https://xueqiu.com/cubes/rebalancing/show_origin.json?rb_id=123546877&cube_symbol=ZH2514120, datetime: Wed Jul 13 13:30:12 2022
end_time : 1657690736, datetime : Wed Jul 13 13:38:56 2022, gain : daily_gain_v_one============================ end_time 
start_time : 1657690736, datetime : Wed Jul 13 13:38:56 2022, gain : daily_gain_v_one============================== start_time 
end_time : 1657690788, datetime : Wed Jul 13 13:39:48 2022, gain : daily_gain_v_one============================ end_time 
start_time : 1657690788, datetime : Wed Jul 13 13:39:48 2022, gain : daily_gain_v_one============================== start_time 
end_time : 1657690858, datetime : Wed Jul 13 13:40:58 2022, gain : daily_gain_v_one============================ end_time 
start_time : 1657690858, datetime : Wed Jul 13 13:40:58 2022, gain : daily_gain_v_one============================== start_time 
end_time : 1657690943, datetime : Wed Jul 13 13:42:23 2022, gain : daily_gain_v_one============================ end_time 
start_time : 1657690943, datetime : Wed Jul 13 13:42:23 2022, gain : daily_gain_v_one============================== start_time 
end_time : 1657691028, datetime : Wed Jul 13 13:43:48 2022, gain : daily_gain_v_one============================ end_time 
start_time : 1657691028, datetime : Wed Jul 13 13:43:48 2022, gain : daily_gain_v_one============================== start_time 
end_time : 1657691050, datetime : Wed Jul 13 13:44:10 2022, gain : daily_gain_v_one============================ end_time 
start_time : 1657691050, datetime : Wed Jul 13 13:44:10 2022, gain : daily_gain_v_one============================== start_time 
end_time : 1657694650, datetime : Wed Jul 13 14:44:10 2022, gain : daily_gain_v_one============================ end_time 
start_time : 1657694650, datetime : Wed Jul 13 14:44:10 2022, gain : daily_gain_v_one============================== start_time 
end_time : 1657694913, datetime : Wed Jul 13 14:48:33 2022, gain : daily_gain_v_one============================ end_time 
start_time : 1657694913, datetime : Wed Jul 13 14:48:33 2022, gain : daily_gain_v_one============================== start_time 
end_time : 1657694917, datetime : Wed Jul 13 14:48:37 2022, gain : daily_gain_v_one============================ end_time 
start_time : 1657694917, datetime : Wed Jul 13 14:48:37 2022, gain : daily_gain_v_one============================== start_time 
end_time : 1657695078, datetime : Wed Jul 13 14:51:18 2022, gain : daily_gain_v_one============================ end_time 
start_time : 1657695078, datetime : Wed Jul 13 14:51:18 2022, gain : daily_gain_v_one============================== start_time 
end_time : 1657695145, datetime : Wed Jul 13 14:52:25 2022, gain : daily_gain_v_one============================ end_time 
start_time : 1657695145, datetime : Wed Jul 13 14:52:25 2022, gain : daily_gain_v_one============================== start_time 
end_time : 1657695209, datetime : Wed Jul 13 14:53:29 2022, gain : daily_gain_v_one============================ end_time 
start_time : 1657695209, datetime : Wed Jul 13 14:53:29 2022, gain : daily_gain_v_one============================== start_time 
end_time : 1657695335, datetime : Wed Jul 13 14:55:35 2022, gain : daily_gain_v_one============================ end_time 
start_time : 1657695335, datetime : Wed Jul 13 14:55:35 2022, gain : daily_gain_v_one============================== start_time 
end_time : 1657695586, datetime : Wed Jul 13 14:59:46 2022, gain : daily_gain_v_one============================ end_time 
start_time : 1657695586, datetime : Wed Jul 13 14:59:46 2022, gain : daily_gain_v_one============================== start_time 
end_time : 1657695838, datetime : Wed Jul 13 15:03:58 2022, gain : daily_gain_v_one============================ end_time 
start_time : 1657695838, datetime : Wed Jul 13 15:03:58 2022, gain : daily_gain_v_one============================== start_time 
end_time : 1657696023, datetime : Wed Jul 13 15:07:03 2022, gain : daily_gain_v_one============================ end_time 
start_time : 1657696023, datetime : Wed Jul 13 15:07:03 2022, gain : daily_gain_v_one============================== start_time 
end_time : 1657696155, datetime : Wed Jul 13 15:09:15 2022, gain : daily_gain_v_one============================ end_time 
start_time : 1657696155, datetime : Wed Jul 13 15:09:15 2022, gain : daily_gain_v_one============================== start_time 
end_time : 1657696409, datetime : Wed Jul 13 15:13:29 2022, gain : daily_gain_v_one============================ end_time 
start_time : 1657696409, datetime : Wed Jul 13 15:13:29 2022, gain : daily_gain_v_one============================== start_time 
end_time : 1657696590, datetime : Wed Jul 13 15:16:30 2022, gain : daily_gain_v_one============================ end_time 
start_time : 1657696590, datetime : Wed Jul 13 15:16:30 2022, gain : daily_gain_v_one============================== start_time 
end_time : 1657696863, datetime : Wed Jul 13 15:21:03 2022, gain : daily_gain_v_one============================ end_time 
start_time : 1657696863, datetime : Wed Jul 13 15:21:03 2022, gain : daily_gain_v_one============================== start_time 
end_time : 1657696961, datetime : Wed Jul 13 15:22:41 2022, gain : daily_gain_v_one============================ end_time 
start_time : 1657696961, datetime : Wed Jul 13 15:22:41 2022, gain : daily_gain_v_one============================== start_time 
end_time : 1657697049, datetime : Wed Jul 13 15:24:09 2022, gain : daily_gain_v_one============================ end_time 
start_time : 1657697049, datetime : Wed Jul 13 15:24:09 2022, gain : daily_gain_v_one============================== start_time 
end_time : 1657697055, datetime : Wed Jul 13 15:24:15 2022, gain : daily_gain_v_one============================ end_time 
start_time : 1657697055, datetime : Wed Jul 13 15:24:15 2022, gain : daily_gain_v_one============================== start_time 
end_time : 1657697274, datetime : Wed Jul 13 15:27:54 2022, gain : daily_gain_v_one============================ end_time 
start_time : 1657697274, datetime : Wed Jul 13 15:27:54 2022, gain : daily_gain_v_one============================== start_time 
end_time : 1657704724, datetime : Wed Jul 13 17:32:04 2022, gain : daily_gain_v_one============================ end_time 
start_time : 1657704724, datetime : Wed Jul 13 17:32:04 2022, gain : daily_gain_v_one============================== start_time 
end_time : 1657704909, datetime : Wed Jul 13 17:35:09 2022, gain : daily_gain_v_one============================ end_time 
start_time : 1657704909, datetime : Wed Jul 13 17:35:09 2022, gain : daily_gain_v_one============================== start_time 
end_time : 1657705196, datetime : Wed Jul 13 17:39:56 2022, gain : daily_gain_v_one============================ end_time 
start_time : 1657705196, datetime : Wed Jul 13 17:39:56 2022, gain : daily_gain_v_one============================== start_time 
end_time : 1657705383, datetime : Wed Jul 13 17:43:03 2022, gain : daily_gain_v_one============================ end_time 
start_time : 1657705383, datetime : Wed Jul 13 17:43:03 2022, gain : daily_gain_v_one============================== start_time 
end_time : 1657705393, datetime : Wed Jul 13 17:43:13 2022, gain : daily_gain_v_one============================ end_time 
start_time : 1657705393, datetime : Wed Jul 13 17:43:13 2022, gain : daily_gain_v_one============================== start_time 
end_time : 1657705438, datetime : Wed Jul 13 17:43:58 2022, gain : daily_gain_v_one============================ end_time 
start_time : 1657705438, datetime : Wed Jul 13 17:43:58 2022, gain : daily_gain_v_one============================== start_time 
end_time : 1657705583, datetime : Wed Jul 13 17:46:23 2022, gain : daily_gain_v_one============================ end_time 
start_time : 1657705583, datetime : Wed Jul 13 17:46:23 2022, gain : daily_gain_v_one============================== start_time 
end_time : 1657705879, datetime : Wed Jul 13 17:51:19 2022, gain : daily_gain_v_one============================ end_time 
start_time : 1657705879, datetime : Wed Jul 13 17:51:19 2022, gain : daily_gain_v_one============================== start_time 
end_time : 1657705929, datetime : Wed Jul 13 17:52:09 2022, gain : daily_gain_v_one============================ end_time 
start_time : 1657705929, datetime : Wed Jul 13 17:52:09 2022, gain : daily_gain_v_one============================== start_time 
end_time : 1657706169, datetime : Wed Jul 13 17:56:09 2022, gain : daily_gain_v_one============================ end_time 
start_time : 1657706169, datetime : Wed Jul 13 17:56:09 2022, gain : daily_gain_v_one============================== start_time 
end_time : 1657706439, datetime : Wed Jul 13 18:00:39 2022, gain : daily_gain_v_one============================ end_time 
start_time : 1657706439, datetime : Wed Jul 13 18:00:39 2022, gain : daily_gain_v_one============================== start_time 
end_time : 1657706529, datetime : Wed Jul 13 18:02:09 2022, gain : daily_gain_v_one============================ end_time 
start_time : 1657706529, datetime : Wed Jul 13 18:02:09 2022, gain : daily_gain_v_one============================== start_time 
end_time : 1657706807, datetime : Wed Jul 13 18:06:47 2022, gain : daily_gain_v_one============================ end_time 
start_time : 1657706807, datetime : Wed Jul 13 18:06:47 2022, gain : daily_gain_v_one============================== start_time 
end_time : 1657706902, datetime : Wed Jul 13 18:08:22 2022, gain : daily_gain_v_one============================ end_time 
start_time : 1657706902, datetime : Wed Jul 13 18:08:22 2022, gain : daily_gain_v_one============================== start_time 
end_time : 1657707186, datetime : Wed Jul 13 18:13:06 2022, gain : daily_gain_v_one============================ end_time 
start_time : 1657707186, datetime : Wed Jul 13 18:13:06 2022, gain : daily_gain_v_one============================== start_time 
end_time : 1657707291, datetime : Wed Jul 13 18:14:51 2022, gain : daily_gain_v_one============================ end_time 
start_time : 1657707291, datetime : Wed Jul 13 18:14:51 2022, gain : daily_gain_v_one============================== start_time 
end_time : 1657707476, datetime : Wed Jul 13 18:17:56 2022, gain : daily_gain_v_one============================ end_time 
start_time : 1657707476, datetime : Wed Jul 13 18:17:56 2022, gain : daily_gain_v_one============================== start_time 
end_time : 1657707523, datetime : Wed Jul 13 18:18:43 2022, gain : daily_gain_v_one============================ end_time 
start_time : 1657707523, datetime : Wed Jul 13 18:18:43 2022, gain : daily_gain_v_one============================== start_time 
end_time : 1657707588, datetime : Wed Jul 13 18:19:48 2022, gain : daily_gain_v_one============================ end_time 
start_time : 1657707588, datetime : Wed Jul 13 18:19:48 2022, gain : daily_gain_v_one============================== start_time 
end_time : 1657707820, datetime : Wed Jul 13 18:23:40 2022, gain : daily_gain_v_one============================ end_time 
start_time : 1657707820, datetime : Wed Jul 13 18:23:40 2022, gain : daily_gain_v_one============================== start_time 
end_time : 1657707949, datetime : Wed Jul 13 18:25:49 2022, gain : daily_gain_v_one============================ end_time 
start_time : 1657707949, datetime : Wed Jul 13 18:25:49 2022, gain : daily_gain_v_one============================== start_time 
end_time : 1657707957, datetime : Wed Jul 13 18:25:57 2022, gain : daily_gain_v_one============================ end_time 
start_time : 1657707957, datetime : Wed Jul 13 18:25:57 2022, gain : daily_gain_v_one============================== start_time 
end_time : 1657708177, datetime : Wed Jul 13 18:29:37 2022, gain : daily_gain_v_one============================ end_time 
start_time : 1657708177, datetime : Wed Jul 13 18:29:37 2022, gain : daily_gain_v_one============================== start_time 
end_time : 1657708249, datetime : Wed Jul 13 18:30:49 2022, gain : daily_gain_v_one============================ end_time 
start_time : 1657708249, datetime : Wed Jul 13 18:30:49 2022, gain : daily_gain_v_one============================== start_time 
end_time : 1657708270, datetime : Wed Jul 13 18:31:10 2022, gain : daily_gain_v_one============================ end_time 
start_time : 1657708270, datetime : Wed Jul 13 18:31:10 2022, gain : daily_gain_v_one============================== start_time 
end_time : 1657708501, datetime : Wed Jul 13 18:35:01 2022, gain : daily_gain_v_one============================ end_time 
start_time : 1657708501, datetime : Wed Jul 13 18:35:01 2022, gain : daily_gain_v_one============================== start_time 
end_time : 1657708800, datetime : Wed Jul 13 18:40:00 2022, gain : daily_gain_v_one============================ end_time 
start_time : 1657708800, datetime : Wed Jul 13 18:40:00 2022, gain : daily_gain_v_one============================== start_time 
end_time : 1657709063, datetime : Wed Jul 13 18:44:23 2022, gain : daily_gain_v_one============================ end_time 
start_time : 1657709063, datetime : Wed Jul 13 18:44:23 2022, gain : daily_gain_v_one============================== start_time 
end_time : 1657709248, datetime : Wed Jul 13 18:47:28 2022, gain : daily_gain_v_one============================ end_time 
start_time : 1657709248, datetime : Wed Jul 13 18:47:28 2022, gain : daily_gain_v_one============================== start_time 
end_time : 1657709451, datetime : Wed Jul 13 18:50:51 2022, gain : daily_gain_v_one============================ end_time 
start_time : 1657709451, datetime : Wed Jul 13 18:50:51 2022, gain : daily_gain_v_one============================== start_time 
end_time : 1657709653, datetime : Wed Jul 13 18:54:13 2022, gain : daily_gain_v_one============================ end_time 
start_time : 1657709653, datetime : Wed Jul 13 18:54:13 2022, gain : daily_gain_v_one============================== start_time 
end_time : 1657709758, datetime : Wed Jul 13 18:55:58 2022, gain : daily_gain_v_one============================ end_time 
start_time : 1657709758, datetime : Wed Jul 13 18:55:58 2022, gain : daily_gain_v_one============================== start_time 
end_time : 1657709920, datetime : Wed Jul 13 18:58:40 2022, gain : daily_gain_v_one============================ end_time 
start_time : 1657709920, datetime : Wed Jul 13 18:58:40 2022, gain : daily_gain_v_one============================== start_time 
end_time : 1657709979, datetime : Wed Jul 13 18:59:39 2022, gain : daily_gain_v_one============================ end_time 
start_time : 1657709979, datetime : Wed Jul 13 18:59:39 2022, gain : daily_gain_v_one============================== start_time 
end_time : 1657710160, datetime : Wed Jul 13 19:02:40 2022, gain : daily_gain_v_one============================ end_time 
start_time : 1657710160, datetime : Wed Jul 13 19:02:40 2022, gain : daily_gain_v_one============================== start_time 
end_time : 1657710368, datetime : Wed Jul 13 19:06:08 2022, gain : daily_gain_v_one============================ end_time 
start_time : 1657710368, datetime : Wed Jul 13 19:06:08 2022, gain : daily_gain_v_one============================== start_time 
end_time : 1657710517, datetime : Wed Jul 13 19:08:37 2022, gain : daily_gain_v_one============================ end_time 
start_time : 1657710517, datetime : Wed Jul 13 19:08:37 2022, gain : daily_gain_v_one============================== start_time 
end_time : 1657710546, datetime : Wed Jul 13 19:09:06 2022, gain : daily_gain_v_one============================ end_time 
start_time : 1657710546, datetime : Wed Jul 13 19:09:06 2022, gain : daily_gain_v_one============================== start_time 
end_time : 1657710699, datetime : Wed Jul 13 19:11:39 2022, gain : daily_gain_v_one============================ end_time 
start_time : 1657710699, datetime : Wed Jul 13 19:11:39 2022, gain : daily_gain_v_one============================== start_time 
end_time : 1657710979, datetime : Wed Jul 13 19:16:19 2022, gain : daily_gain_v_one============================ end_time 
start_time : 1657710979, datetime : Wed Jul 13 19:16:19 2022, gain : daily_gain_v_one============================== start_time 
end_time : 1657711160, datetime : Wed Jul 13 19:19:20 2022, gain : daily_gain_v_one============================ end_time 
start_time : 1657711160, datetime : Wed Jul 13 19:19:20 2022, gain : daily_gain_v_one============================== start_time 
end_time : 1657711193, datetime : Wed Jul 13 19:19:53 2022, gain : daily_gain_v_one============================ end_time 
start_time : 1657711193, datetime : Wed Jul 13 19:19:53 2022, gain : daily_gain_v_one============================== start_time 
end_time : 1657711276, datetime : Wed Jul 13 19:21:16 2022, gain : daily_gain_v_one============================ end_time 
start_time : 1657711276, datetime : Wed Jul 13 19:21:16 2022, gain : daily_gain_v_one============================== start_time 
end_time : 1657711464, datetime : Wed Jul 13 19:24:24 2022, gain : daily_gain_v_one============================ end_time 
start_time : 1657711464, datetime : Wed Jul 13 19:24:24 2022, gain : daily_gain_v_one============================== start_time 
end_time : 1657711534, datetime : Wed Jul 13 19:25:34 2022, gain : daily_gain_v_one============================ end_time 
start_time : 1657711534, datetime : Wed Jul 13 19:25:34 2022, gain : daily_gain_v_one============================== start_time 
end_time : 1657711829, datetime : Wed Jul 13 19:30:29 2022, gain : daily_gain_v_one============================ end_time 
start_time : 1657711829, datetime : Wed Jul 13 19:30:29 2022, gain : daily_gain_v_one============================== start_time 
end_time : 1657712120, datetime : Wed Jul 13 19:35:20 2022, gain : daily_gain_v_one============================ end_time 
start_time : 1657712120, datetime : Wed Jul 13 19:35:20 2022, gain : daily_gain_v_one============================== start_time 
end_time : 1657712275, datetime : Wed Jul 13 19:37:55 2022, gain : daily_gain_v_one============================ end_time 
start_time : 1657712275, datetime : Wed Jul 13 19:37:55 2022, gain : daily_gain_v_one============================== start_time 
end_time : 1657712485, datetime : Wed Jul 13 19:41:25 2022, gain : daily_gain_v_one============================ end_time 
start_time : 1657712485, datetime : Wed Jul 13 19:41:25 2022, gain : daily_gain_v_one============================== start_time 
end_time : 1657712745, datetime : Wed Jul 13 19:45:45 2022, gain : daily_gain_v_one============================ end_time 
start_time : 1657712745, datetime : Wed Jul 13 19:45:45 2022, gain : daily_gain_v_one============================== start_time 
end_time : 1657712770, datetime : Wed Jul 13 19:46:10 2022, gain : daily_gain_v_one============================ end_time 
start_time : 1657712770, datetime : Wed Jul 13 19:46:10 2022, gain : daily_gain_v_one============================== start_time 
end_time : 1657712925, datetime : Wed Jul 13 19:48:45 2022, gain : daily_gain_v_one============================ end_time 
start_time : 1657712925, datetime : Wed Jul 13 19:48:45 2022, gain : daily_gain_v_one============================== start_time 
end_time : 1657713031, datetime : Wed Jul 13 19:50:31 2022, gain : daily_gain_v_one============================ end_time 
start_time : 1657713031, datetime : Wed Jul 13 19:50:31 2022, gain : daily_gain_v_one============================== start_time 
end_time : 1657713278, datetime : Wed Jul 13 19:54:38 2022, gain : daily_gain_v_one============================ end_time 
start_time : 1657713278, datetime : Wed Jul 13 19:54:38 2022, gain : daily_gain_v_one============================== start_time 
end_time : 1657713415, datetime : Wed Jul 13 19:56:55 2022, gain : daily_gain_v_one============================ end_time 
start_time : 1657713415, datetime : Wed Jul 13 19:56:55 2022, gain : daily_gain_v_one============================== start_time 
end_time : 1657713457, datetime : Wed Jul 13 19:57:37 2022, gain : daily_gain_v_one============================ end_time 
start_time : 1657713457, datetime : Wed Jul 13 19:57:37 2022, gain : daily_gain_v_one============================== start_time 
end_time : 1657713756, datetime : Wed Jul 13 20:02:36 2022, gain : daily_gain_v_one============================ end_time 
start_time : 1657713756, datetime : Wed Jul 13 20:02:36 2022, gain : daily_gain_v_one============================== start_time 
end_time : 1657713880, datetime : Wed Jul 13 20:04:40 2022, gain : daily_gain_v_one============================ end_time 
start_time : 1657713880, datetime : Wed Jul 13 20:04:40 2022, gain : daily_gain_v_one============================== start_time 
end_time : 1657713932, datetime : Wed Jul 13 20:05:32 2022, gain : daily_gain_v_one============================ end_time 
start_time : 1657713932, datetime : Wed Jul 13 20:05:32 2022, gain : daily_gain_v_one============================== start_time 
end_time : 1657714192, datetime : Wed Jul 13 20:09:52 2022, gain : daily_gain_v_one============================ end_time 
start_time : 1657714192, datetime : Wed Jul 13 20:09:52 2022, gain : daily_gain_v_one============================== start_time 
end_time : 1657714306, datetime : Wed Jul 13 20:11:46 2022, gain : daily_gain_v_one============================ end_time 
start_time : 1657714306, datetime : Wed Jul 13 20:11:46 2022, gain : daily_gain_v_one============================== start_time 
end_time : 1657714421, datetime : Wed Jul 13 20:13:41 2022, gain : daily_gain_v_one============================ end_time 
start_time : 1657714421, datetime : Wed Jul 13 20:13:41 2022, gain : daily_gain_v_one============================== start_time 
end_time : 1657714438, datetime : Wed Jul 13 20:13:58 2022, gain : daily_gain_v_one============================ end_time 
start_time : 1657714438, datetime : Wed Jul 13 20:13:58 2022, gain : daily_gain_v_one============================== start_time 
end_time : 1657714462, datetime : Wed Jul 13 20:14:22 2022, gain : daily_gain_v_one============================ end_time 
start_time : 1657714462, datetime : Wed Jul 13 20:14:22 2022, gain : daily_gain_v_one============================== start_time 
end_time : 1657714568, datetime : Wed Jul 13 20:16:08 2022, gain : daily_gain_v_one============================ end_time 
start_time : 1657714568, datetime : Wed Jul 13 20:16:08 2022, gain : daily_gain_v_one============================== start_time 
end_time : 1657714765, datetime : Wed Jul 13 20:19:25 2022, gain : daily_gain_v_one============================ end_time 
start_time : 1657714765, datetime : Wed Jul 13 20:19:25 2022, gain : daily_gain_v_one============================== start_time 
end_time : 1657714838, datetime : Wed Jul 13 20:20:38 2022, gain : daily_gain_v_one============================ end_time 
start_time : 1657714838, datetime : Wed Jul 13 20:20:38 2022, gain : daily_gain_v_one============================== start_time 
end_time : 1657714897, datetime : Wed Jul 13 20:21:37 2022, gain : daily_gain_v_one============================ end_time 
start_time : 1657714897, datetime : Wed Jul 13 20:21:37 2022, gain : daily_gain_v_one============================== start_time 
end_time : 1657715131, datetime : Wed Jul 13 20:25:31 2022, gain : daily_gain_v_one============================ end_time 
start_time : 1657715131, datetime : Wed Jul 13 20:25:31 2022, gain : daily_gain_v_one============================== start_time 
end_time : 1657715352, datetime : Wed Jul 13 20:29:12 2022, gain : daily_gain_v_one============================ end_time 
start_time : 1657715352, datetime : Wed Jul 13 20:29:12 2022, gain : daily_gain_v_one============================== start_time 
end_time : 1657715381, datetime : Wed Jul 13 20:29:41 2022, gain : daily_gain_v_one============================ end_time 
start_time : 1657715381, datetime : Wed Jul 13 20:29:41 2022, gain : daily_gain_v_one============================== start_time 
end_time : 1657715625, datetime : Wed Jul 13 20:33:45 2022, gain : daily_gain_v_one============================ end_time 
start_time : 1657715625, datetime : Wed Jul 13 20:33:45 2022, gain : daily_gain_v_one============================== start_time 
end_time : 1657715665, datetime : Wed Jul 13 20:34:25 2022, gain : daily_gain_v_one============================ end_time 
start_time : 1657715665, datetime : Wed Jul 13 20:34:25 2022, gain : daily_gain_v_one============================== start_time 
end_time : 1657715778, datetime : Wed Jul 13 20:36:18 2022, gain : daily_gain_v_one============================ end_time 
start_time : 1657715778, datetime : Wed Jul 13 20:36:18 2022, gain : daily_gain_v_one============================== start_time 
end_time : 1657716063, datetime : Wed Jul 13 20:41:03 2022, gain : daily_gain_v_one============================ end_time 
start_time : 1657716063, datetime : Wed Jul 13 20:41:03 2022, gain : daily_gain_v_one============================== start_time 
end_time : 1657716304, datetime : Wed Jul 13 20:45:04 2022, gain : daily_gain_v_one============================ end_time 
start_time : 1657716304, datetime : Wed Jul 13 20:45:04 2022, gain : daily_gain_v_one============================== start_time 
end_time : 1657716401, datetime : Wed Jul 13 20:46:41 2022, gain : daily_gain_v_one============================ end_time 
start_time : 1658246400, datetime : Wed Jul 20 00:00:00 2022, gain : daily_gain_v_one============================== start_time 
end_time : 1658299761, datetime : Wed Jul 20 14:49:21 2022, gain : daily_gain_v_one============================ end_time 
start_time : 1658299761, datetime : Wed Jul 20 14:49:21 2022, gain : daily_gain_v_one============================== start_time 
end_time : 1658299803, datetime : Wed Jul 20 14:50:03 2022, gain : daily_gain_v_one============================ end_time 
start_time : 1658299803, datetime : Wed Jul 20 14:50:03 2022, gain : daily_gain_v_one============================== start_time 
end_time : 1658300020, datetime : Wed Jul 20 14:53:40 2022, gain : daily_gain_v_one============================ end_time 
start_time : 1658300020, datetime : Wed Jul 20 14:53:40 2022, gain : daily_gain_v_one============================== start_time 
end_time : 1658300129, datetime : Wed Jul 20 14:55:29 2022, gain : daily_gain_v_one============================ end_time 
start_time : 1658246400, datetime : Wed Jul 20 00:00:00 2022, gain : daily_gain_v_one============================== start_time 
start_time : 1658246400, datetime : Wed Jul 20 00:00:00 2022, gain : daily_gain_v_one============================== start_time 
start_time : 1658246400, datetime : Wed Jul 20 00:00:00 2022, gain : daily_gain_v_one============================== start_time 
end_time : 1658300295, datetime : Wed Jul 20 14:58:15 2022, gain : daily_gain_v_one============================ end_time 
start_time : 1658246400, datetime : Wed Jul 20 00:00:00 2022, gain : daily_gain_v_one============================== start_time 
start_time : 1658246400, datetime : Wed Jul 20 00:00:00 2022, gain : daily_gain_v_one============================== start_time 
start_time : 1658246400, datetime : Wed Jul 20 00:00:00 2022, gain : daily_gain_v_one============================== start_time 
end_time : 1658300378, datetime : Wed Jul 20 14:59:38 2022, gain : daily_gain_v_one============================ end_time 
start_time : 1658246400, datetime : Wed Jul 20 00:00:00 2022, gain : daily_gain_v_one============================== start_time 
end_time : 1658300415, datetime : Wed Jul 20 15:00:15 2022, gain : daily_gain_v_one============================ end_time 
start_time : 1658300415, datetime : Wed Jul 20 15:00:15 2022, gain : daily_gain_v_one============================== start_time 
end_time : 1658300666, datetime : Wed Jul 20 15:04:26 2022, gain : daily_gain_v_one============================ end_time 
start_time : 1658300666, datetime : Wed Jul 20 15:04:26 2022, gain : daily_gain_v_one============================== start_time 
end_time : 1658300691, datetime : Wed Jul 20 15:04:51 2022, gain : daily_gain_v_one============================ end_time 
start_time : 1658300691, datetime : Wed Jul 20 15:04:51 2022, gain : daily_gain_v_one============================== start_time 
end_time : 1658300702, datetime : Wed Jul 20 15:05:02 2022, gain : daily_gain_v_one============================ end_time 
start_time : 1658300702, datetime : Wed Jul 20 15:05:02 2022, gain : daily_gain_v_one============================== start_time 
end_time : 1658300795, datetime : Wed Jul 20 15:06:35 2022, gain : daily_gain_v_one============================ end_time 
start_time : 1658300795, datetime : Wed Jul 20 15:06:35 2022, gain : daily_gain_v_one============================== start_time 
end_time : 1658300928, datetime : Wed Jul 20 15:08:48 2022, gain : daily_gain_v_one============================ end_time 
start_time : 1658300928, datetime : Wed Jul 20 15:08:48 2022, gain : daily_gain_v_one============================== start_time 
end_time : 1658301203, datetime : Wed Jul 20 15:13:23 2022, gain : daily_gain_v_one============================ end_time 
start_time : 1658301203, datetime : Wed Jul 20 15:13:23 2022, gain : daily_gain_v_one============================== start_time 
end_time : 1658301248, datetime : Wed Jul 20 15:14:08 2022, gain : daily_gain_v_one============================ end_time 
start_time : 1658301248, datetime : Wed Jul 20 15:14:08 2022, gain : daily_gain_v_one============================== start_time 
end_time : 1658301391, datetime : Wed Jul 20 15:16:31 2022, gain : daily_gain_v_one============================ end_time 
start_time : 1658246400, datetime : Wed Jul 20 00:00:00 2022, gain : daily_gain_v_one============================== start_time 
start_time : 1658246400, datetime : Wed Jul 20 00:00:00 2022, gain : daily_gain_v_one============================== start_time 
time: 2022-07-20 15:21:45.458123
name: , daily_gain: daily_gain_v_one, monthly_gain: daily_gain_v_one, symbol: https://xueqiu.com/P/https://xueqiu.com/cubes/rebalancing/show_origin.json?rb_id=124246556&cube_symbol=ZH2514120, datetime: Wed Jul 20 14:54:30 2022
end_time : 1658301585, datetime : Wed Jul 20 15:19:45 2022, gain : daily_gain_v_one============================ end_time 
end_time : 1658301586, datetime : Wed Jul 20 15:19:46 2022, gain : daily_gain_v_one============================ end_time 
start_time : 1658301585, datetime : Wed Jul 20 15:19:45 2022, gain : daily_gain_v_one============================== start_time 
end_time : 1658301624, datetime : Wed Jul 20 15:20:24 2022, gain : daily_gain_v_one============================ end_time 
start_time : 1658301586, datetime : Wed Jul 20 15:19:46 2022, gain : daily_gain_v_one============================== start_time 
end_time : 1658301717, datetime : Wed Jul 20 15:21:57 2022, gain : daily_gain_v_one============================ end_time 
start_time : 1658301717, datetime : Wed Jul 20 15:21:57 2022, gain : daily_gain_v_one============================== start_time 
end_time : 1658301826, datetime : Wed Jul 20 15:23:46 2022, gain : daily_gain_v_one============================ end_time 
start_time : 1658301624, datetime : Wed Jul 20 15:20:24 2022, gain : daily_gain_v_one============================== start_time 
end_time : 1658301847, datetime : Wed Jul 20 15:24:07 2022, gain : daily_gain_v_one============================ end_time 
start_time : 1658301847, datetime : Wed Jul 20 15:24:07 2022, gain : daily_gain_v_one============================== start_time 
end_time : 1658301924, datetime : Wed Jul 20 15:25:24 2022, gain : daily_gain_v_one============================ end_time 
start_time : 1658301924, datetime : Wed Jul 20 15:25:24 2022, gain : daily_gain_v_one============================== start_time 
end_time : 1658302034, datetime : Wed Jul 20 15:27:14 2022, gain : daily_gain_v_one============================ end_time 
start_time : 1658301826, datetime : Wed Jul 20 15:23:46 2022, gain : daily_gain_v_one============================== start_time 
end_time : 1658302055, datetime : Wed Jul 20 15:27:35 2022, gain : daily_gain_v_one============================ end_time 
start_time : 1658302034, datetime : Wed Jul 20 15:27:14 2022, gain : daily_gain_v_one============================== start_time 
start_time : 1658302055, datetime : Wed Jul 20 15:27:35 2022, gain : daily_gain_v_one============================== start_time 
end_time : 1658302280, datetime : Wed Jul 20 15:31:20 2022, gain : daily_gain_v_one============================ end_time 
end_time : 1658302280, datetime : Wed Jul 20 15:31:20 2022, gain : daily_gain_v_one============================ end_time 
start_time : 1658302280, datetime : Wed Jul 20 15:31:20 2022, gain : daily_gain_v_one============================== start_time 
end_time : 1658302531, datetime : Wed Jul 20 15:35:31 2022, gain : daily_gain_v_one============================ end_time 
start_time : 1658302280, datetime : Wed Jul 20 15:31:20 2022, gain : daily_gain_v_one============================== start_time 
end_time : 1658302547, datetime : Wed Jul 20 15:35:47 2022, gain : daily_gain_v_one============================ end_time 
start_time : 1658302547, datetime : Wed Jul 20 15:35:47 2022, gain : daily_gain_v_one============================== start_time 
end_time : 1658302699, datetime : Wed Jul 20 15:38:19 2022, gain : daily_gain_v_one============================ end_time 
start_time : 1658302531, datetime : Wed Jul 20 15:35:31 2022, gain : daily_gain_v_one============================== start_time 
end_time : 1658302802, datetime : Wed Jul 20 15:40:02 2022, gain : daily_gain_v_one============================ end_time 
start_time : 1658302699, datetime : Wed Jul 20 15:38:19 2022, gain : daily_gain_v_one============================== start_time 
end_time : 1658302883, datetime : Wed Jul 20 15:41:23 2022, gain : daily_gain_v_one============================ end_time 
start_time : 1658302802, datetime : Wed Jul 20 15:40:02 2022, gain : daily_gain_v_one============================== start_time 
end_time : 1658302906, datetime : Wed Jul 20 15:41:46 2022, gain : daily_gain_v_one============================ end_time 
start_time : 1658302883, datetime : Wed Jul 20 15:41:23 2022, gain : daily_gain_v_one============================== start_time 
end_time : 1658302947, datetime : Wed Jul 20 15:42:27 2022, gain : daily_gain_v_one============================ end_time 
start_time : 1658302947, datetime : Wed Jul 20 15:42:27 2022, gain : daily_gain_v_one============================== start_time 
end_time : 1658303025, datetime : Wed Jul 20 15:43:45 2022, gain : daily_gain_v_one============================ end_time 
start_time : 1658302906, datetime : Wed Jul 20 15:41:46 2022, gain : daily_gain_v_one============================== start_time 
end_time : 1658303103, datetime : Wed Jul 20 15:45:03 2022, gain : daily_gain_v_one============================ end_time 
start_time : 1658303025, datetime : Wed Jul 20 15:43:45 2022, gain : daily_gain_v_one============================== start_time 
end_time : 1658303115, datetime : Wed Jul 20 15:45:15 2022, gain : daily_gain_v_one============================ end_time 
start_time : 1658303115, datetime : Wed Jul 20 15:45:15 2022, gain : daily_gain_v_one============================== start_time 
end_time : 1658303202, datetime : Wed Jul 20 15:46:42 2022, gain : daily_gain_v_one============================ end_time 
start_time : 1658303103, datetime : Wed Jul 20 15:45:03 2022, gain : daily_gain_v_one============================== start_time 
end_time : 1658303402, datetime : Wed Jul 20 15:50:02 2022, gain : daily_gain_v_one============================ end_time 
start_time : 1658303202, datetime : Wed Jul 20 15:46:42 2022, gain : daily_gain_v_one============================== start_time 
end_time : 1658303420, datetime : Wed Jul 20 15:50:20 2022, gain : daily_gain_v_one============================ end_time 
start_time : 1658303402, datetime : Wed Jul 20 15:50:02 2022, gain : daily_gain_v_one============================== start_time 
end_time : 1658303517, datetime : Wed Jul 20 15:51:57 2022, gain : daily_gain_v_one============================ end_time 
start_time : 1658303420, datetime : Wed Jul 20 15:50:20 2022, gain : daily_gain_v_one============================== start_time 
end_time : 1658303537, datetime : Wed Jul 20 15:52:17 2022, gain : daily_gain_v_one============================ end_time 
start_time : 1658303537, datetime : Wed Jul 20 15:52:17 2022, gain : daily_gain_v_one============================== start_time 
end_time : 1658303663, datetime : Wed Jul 20 15:54:23 2022, gain : daily_gain_v_one============================ end_time 
start_time : 1658303517, datetime : Wed Jul 20 15:51:57 2022, gain : daily_gain_v_one============================== start_time 
start_time : 1658303663, datetime : Wed Jul 20 15:54:23 2022, gain : daily_gain_v_one============================== start_time 
end_time : 1658303667, datetime : Wed Jul 20 15:54:27 2022, gain : daily_gain_v_one============================ end_time 
end_time : 1658303667, datetime : Wed Jul 20 15:54:27 2022, gain : daily_gain_v_one============================ end_time 
start_time : 1658303667, datetime : Wed Jul 20 15:54:27 2022, gain : daily_gain_v_one============================== start_time 
end_time : 1658303697, datetime : Wed Jul 20 15:54:57 2022, gain : daily_gain_v_one============================ end_time 
start_time : 1658303667, datetime : Wed Jul 20 15:54:27 2022, gain : daily_gain_v_one============================== start_time 
end_time : 1658303741, datetime : Wed Jul 20 15:55:41 2022, gain : daily_gain_v_one============================ end_time 
start_time : 1658303741, datetime : Wed Jul 20 15:55:41 2022, gain : daily_gain_v_one============================== start_time 
end_time : 1658303905, datetime : Wed Jul 20 15:58:25 2022, gain : daily_gain_v_one============================ end_time 
start_time : 1658303697, datetime : Wed Jul 20 15:54:57 2022, gain : daily_gain_v_one============================== start_time 
end_time : 1658303924, datetime : Wed Jul 20 15:58:44 2022, gain : daily_gain_v_one============================ end_time 
start_time : 1658303905, datetime : Wed Jul 20 15:58:25 2022, gain : daily_gain_v_one============================== start_time 
end_time : 1658304051, datetime : Wed Jul 20 16:00:51 2022, gain : daily_gain_v_one============================ end_time 
start_time : 1658304051, datetime : Wed Jul 20 16:00:51 2022, gain : daily_gain_v_one============================== start_time 
end_time : 1658304160, datetime : Wed Jul 20 16:02:40 2022, gain : daily_gain_v_one============================ end_time 
start_time : 1658303924, datetime : Wed Jul 20 15:58:44 2022, gain : daily_gain_v_one============================== start_time 
end_time : 1658304186, datetime : Wed Jul 20 16:03:06 2022, gain : daily_gain_v_one============================ end_time 
start_time : 1658304160, datetime : Wed Jul 20 16:02:40 2022, gain : daily_gain_v_one============================== start_time 
end_time : 1658304270, datetime : Wed Jul 20 16:04:30 2022, gain : daily_gain_v_one============================ end_time 
start_time : 1658304186, datetime : Wed Jul 20 16:03:06 2022, gain : daily_gain_v_one============================== start_time 
end_time : 1658304406, datetime : Wed Jul 20 16:06:46 2022, gain : daily_gain_v_one============================ end_time 
start_time : 1658304406, datetime : Wed Jul 20 16:06:46 2022, gain : daily_gain_v_one============================== start_time 
end_time : 1658304437, datetime : Wed Jul 20 16:07:17 2022, gain : daily_gain_v_one============================ end_time 
start_time : 1658304270, datetime : Wed Jul 20 16:04:30 2022, gain : daily_gain_v_one============================== start_time 
end_time : 1658304505, datetime : Wed Jul 20 16:08:25 2022, gain : daily_gain_v_one============================ end_time 
start_time : 1658304437, datetime : Wed Jul 20 16:07:17 2022, gain : daily_gain_v_one============================== start_time 
end_time : 1658304524, datetime : Wed Jul 20 16:08:44 2022, gain : daily_gain_v_one============================ end_time 
start_time : 1658304524, datetime : Wed Jul 20 16:08:44 2022, gain : daily_gain_v_one============================== start_time 
end_time : 1658304533, datetime : Wed Jul 20 16:08:53 2022, gain : daily_gain_v_one============================ end_time 
start_time : 1658304505, datetime : Wed Jul 20 16:08:25 2022, gain : daily_gain_v_one============================== start_time 
end_time : 1658304603, datetime : Wed Jul 20 16:10:03 2022, gain : daily_gain_v_one============================ end_time 
start_time : 1658304533, datetime : Wed Jul 20 16:08:53 2022, gain : daily_gain_v_one============================== start_time 
end_time : 1658304653, datetime : Wed Jul 20 16:10:53 2022, gain : daily_gain_v_one============================ end_time 
start_time : 1658304653, datetime : Wed Jul 20 16:10:53 2022, gain : daily_gain_v_one============================== start_time 
end_time : 1658304738, datetime : Wed Jul 20 16:12:18 2022, gain : daily_gain_v_one============================ end_time 
start_time : 1658304603, datetime : Wed Jul 20 16:10:03 2022, gain : daily_gain_v_one============================== start_time 
end_time : 1658304854, datetime : Wed Jul 20 16:14:14 2022, gain : daily_gain_v_one============================ end_time 
start_time : 1658304854, datetime : Wed Jul 20 16:14:14 2022, gain : daily_gain_v_one============================== start_time 
end_time : 1658304882, datetime : Wed Jul 20 16:14:42 2022, gain : daily_gain_v_one============================ end_time 
start_time : 1658304882, datetime : Wed Jul 20 16:14:42 2022, gain : daily_gain_v_one============================== start_time 
end_time : 1658304890, datetime : Wed Jul 20 16:14:50 2022, gain : daily_gain_v_one============================ end_time 
start_time : 1658304738, datetime : Wed Jul 20 16:12:18 2022, gain : daily_gain_v_one============================== start_time 
end_time : 1658304929, datetime : Wed Jul 20 16:15:29 2022, gain : daily_gain_v_one============================ end_time 
start_time : 1658304929, datetime : Wed Jul 20 16:15:29 2022, gain : daily_gain_v_one============================== start_time 
end_time : 1658304940, datetime : Wed Jul 20 16:15:40 2022, gain : daily_gain_v_one============================ end_time 
start_time : 1658304890, datetime : Wed Jul 20 16:14:50 2022, gain : daily_gain_v_one============================== start_time 
end_time : 1658305033, datetime : Wed Jul 20 16:17:13 2022, gain : daily_gain_v_one============================ end_time 
start_time : 1658305033, datetime : Wed Jul 20 16:17:13 2022, gain : daily_gain_v_one============================== start_time 
end_time : 1658305078, datetime : Wed Jul 20 16:17:58 2022, gain : daily_gain_v_one============================ end_time 
start_time : 1658305078, datetime : Wed Jul 20 16:17:58 2022, gain : daily_gain_v_one============================== start_time 
end_time : 1658305125, datetime : Wed Jul 20 16:18:45 2022, gain : daily_gain_v_one============================ end_time 
start_time : 1658304940, datetime : Wed Jul 20 16:15:40 2022, gain : daily_gain_v_one============================== start_time 
end_time : 1658305148, datetime : Wed Jul 20 16:19:08 2022, gain : daily_gain_v_one============================ end_time 
start_time : 1658305148, datetime : Wed Jul 20 16:19:08 2022, gain : daily_gain_v_one============================== start_time 
end_time : 1658305151, datetime : Wed Jul 20 16:19:11 2022, gain : daily_gain_v_one============================ end_time 
start_time : 1658305125, datetime : Wed Jul 20 16:18:45 2022, gain : daily_gain_v_one============================== start_time 
end_time : 1658305365, datetime : Wed Jul 20 16:22:45 2022, gain : daily_gain_v_one============================ end_time 
start_time : 1658305365, datetime : Wed Jul 20 16:22:45 2022, gain : daily_gain_v_one============================== start_time 
end_time : 1658305414, datetime : Wed Jul 20 16:23:34 2022, gain : daily_gain_v_one============================ end_time 
start_time : 1658305151, datetime : Wed Jul 20 16:19:11 2022, gain : daily_gain_v_one============================== start_time 
end_time : 1658305434, datetime : Wed Jul 20 16:23:54 2022, gain : daily_gain_v_one============================ end_time 
start_time : 1658305414, datetime : Wed Jul 20 16:23:34 2022, gain : daily_gain_v_one============================== start_time 
end_time : 1658305481, datetime : Wed Jul 20 16:24:41 2022, gain : daily_gain_v_one============================ end_time 
start_time : 1658305434, datetime : Wed Jul 20 16:23:54 2022, gain : daily_gain_v_one============================== start_time 
end_time : 1658305698, datetime : Wed Jul 20 16:28:18 2022, gain : daily_gain_v_one============================ end_time 
start_time : 1658305481, datetime : Wed Jul 20 16:24:41 2022, gain : daily_gain_v_one============================== start_time 
end_time : 1658305729, datetime : Wed Jul 20 16:28:49 2022, gain : daily_gain_v_one============================ end_time 
start_time : 1658305729, datetime : Wed Jul 20 16:28:49 2022, gain : daily_gain_v_one============================== start_time 
end_time : 1658305871, datetime : Wed Jul 20 16:31:11 2022, gain : daily_gain_v_one============================ end_time 
start_time : 1658305698, datetime : Wed Jul 20 16:28:18 2022, gain : daily_gain_v_one============================== start_time 
end_time : 1658305892, datetime : Wed Jul 20 16:31:32 2022, gain : daily_gain_v_one============================ end_time 
start_time : 1658305892, datetime : Wed Jul 20 16:31:32 2022, gain : daily_gain_v_one============================== start_time 
end_time : 1658305943, datetime : Wed Jul 20 16:32:23 2022, gain : daily_gain_v_one============================ end_time 
start_time : 1658305871, datetime : Wed Jul 20 16:31:11 2022, gain : daily_gain_v_one============================== start_time 
end_time : 1658306007, datetime : Wed Jul 20 16:33:27 2022, gain : daily_gain_v_one============================ end_time 
start_time : 1658305943, datetime : Wed Jul 20 16:32:23 2022, gain : daily_gain_v_one============================== start_time 
start_time : 1658306007, datetime : Wed Jul 20 16:33:27 2022, gain : daily_gain_v_one============================== start_time 
end_time : 1658306176, datetime : Wed Jul 20 16:36:16 2022, gain : daily_gain_v_one============================ end_time 
end_time : 1658306176, datetime : Wed Jul 20 16:36:16 2022, gain : daily_gain_v_one============================ end_time 
start_time : 1658306176, datetime : Wed Jul 20 16:36:16 2022, gain : daily_gain_v_one============================== start_time 
start_time : 1658306176, datetime : Wed Jul 20 16:36:16 2022, gain : daily_gain_v_one============================== start_time 
end_time : 1658306280, datetime : Wed Jul 20 16:38:00 2022, gain : daily_gain_v_one============================ end_time 
end_time : 1658306281, datetime : Wed Jul 20 16:38:01 2022, gain : daily_gain_v_one============================ end_time 
start_time : 1658306280, datetime : Wed Jul 20 16:38:00 2022, gain : daily_gain_v_one============================== start_time 
end_time : 1658306373, datetime : Wed Jul 20 16:39:33 2022, gain : daily_gain_v_one============================ end_time 
start_time : 1658306281, datetime : Wed Jul 20 16:38:01 2022, gain : daily_gain_v_one============================== start_time 
end_time : 1658306553, datetime : Wed Jul 20 16:42:33 2022, gain : daily_gain_v_one============================ end_time 
start_time : 1658306373, datetime : Wed Jul 20 16:39:33 2022, gain : daily_gain_v_one============================== start_time 
end_time : 1658306667, datetime : Wed Jul 20 16:44:27 2022, gain : daily_gain_v_one============================ end_time 
start_time : 1658306553, datetime : Wed Jul 20 16:42:33 2022, gain : daily_gain_v_one============================== start_time 
end_time : 1658306757, datetime : Wed Jul 20 16:45:57 2022, gain : daily_gain_v_one============================ end_time 
start_time : 1658306757, datetime : Wed Jul 20 16:45:57 2022, gain : daily_gain_v_one============================== start_time 
end_time : 1658306828, datetime : Wed Jul 20 16:47:08 2022, gain : daily_gain_v_one============================ end_time 
start_time : 1658306667, datetime : Wed Jul 20 16:44:27 2022, gain : daily_gain_v_one============================== start_time 
end_time : 1658306958, datetime : Wed Jul 20 16:49:18 2022, gain : daily_gain_v_one============================ end_time 
start_time : 1658306828, datetime : Wed Jul 20 16:47:08 2022, gain : daily_gain_v_one============================== start_time 
end_time : 1658307016, datetime : Wed Jul 20 16:50:16 2022, gain : daily_gain_v_one============================ end_time 
start_time : 1658307016, datetime : Wed Jul 20 16:50:16 2022, gain : daily_gain_v_one============================== start_time 
end_time : 1658307150, datetime : Wed Jul 20 16:52:30 2022, gain : daily_gain_v_one============================ end_time 
start_time : 1658307150, datetime : Wed Jul 20 16:52:30 2022, gain : daily_gain_v_one============================== start_time 
end_time : 1658307196, datetime : Wed Jul 20 16:53:16 2022, gain : daily_gain_v_one============================ end_time 
start_time : 1658306958, datetime : Wed Jul 20 16:49:18 2022, gain : daily_gain_v_one============================== start_time 
end_time : 1658307221, datetime : Wed Jul 20 16:53:41 2022, gain : daily_gain_v_one============================ end_time 
start_time : 1658307196, datetime : Wed Jul 20 16:53:16 2022, gain : daily_gain_v_one============================== start_time 
end_time : 1658307302, datetime : Wed Jul 20 16:55:02 2022, gain : daily_gain_v_one============================ end_time 
start_time : 1658307302, datetime : Wed Jul 20 16:55:02 2022, gain : daily_gain_v_one============================== start_time 
end_time : 1658307326, datetime : Wed Jul 20 16:55:26 2022, gain : daily_gain_v_one============================ end_time 
start_time : 1658307221, datetime : Wed Jul 20 16:53:41 2022, gain : daily_gain_v_one============================== start_time 
end_time : 1658307429, datetime : Wed Jul 20 16:57:09 2022, gain : daily_gain_v_one============================ end_time 
start_time : 1658307326, datetime : Wed Jul 20 16:55:26 2022, gain : daily_gain_v_one============================== start_time 
end_time : 1658307501, datetime : Wed Jul 20 16:58:21 2022, gain : daily_gain_v_one============================ end_time 
start_time : 1658307501, datetime : Wed Jul 20 16:58:21 2022, gain : daily_gain_v_one============================== start_time 
end_time : 1658307553, datetime : Wed Jul 20 16:59:13 2022, gain : daily_gain_v_one============================ end_time 
start_time : 1658307429, datetime : Wed Jul 20 16:57:09 2022, gain : daily_gain_v_one============================== start_time 
end_time : 1658307566, datetime : Wed Jul 20 16:59:26 2022, gain : daily_gain_v_one============================ end_time 
start_time : 1658307566, datetime : Wed Jul 20 16:59:26 2022, gain : daily_gain_v_one============================== start_time 
end_time : 1658307725, datetime : Wed Jul 20 17:02:05 2022, gain : daily_gain_v_one============================ end_time 
start_time : 1658307553, datetime : Wed Jul 20 16:59:13 2022, gain : daily_gain_v_one============================== start_time 
end_time : 1658307734, datetime : Wed Jul 20 17:02:14 2022, gain : daily_gain_v_one============================ end_time 
start_time : 1658307725, datetime : Wed Jul 20 17:02:05 2022, gain : daily_gain_v_one============================== start_time 
end_time : 1658307865, datetime : Wed Jul 20 17:04:25 2022, gain : daily_gain_v_one============================ end_time 
start_time : 1658307734, datetime : Wed Jul 20 17:02:14 2022, gain : daily_gain_v_one============================== start_time 
end_time : 1658307999, datetime : Wed Jul 20 17:06:39 2022, gain : daily_gain_v_one============================ end_time 
start_time : 1658307999, datetime : Wed Jul 20 17:06:39 2022, gain : daily_gain_v_one============================== start_time 
end_time : 1658308013, datetime : Wed Jul 20 17:06:53 2022, gain : daily_gain_v_one============================ end_time 
start_time : 1658307865, datetime : Wed Jul 20 17:04:25 2022, gain : daily_gain_v_one============================== start_time 
end_time : 1658308051, datetime : Wed Jul 20 17:07:31 2022, gain : daily_gain_v_one============================ end_time 
start_time : 1658308013, datetime : Wed Jul 20 17:06:53 2022, gain : daily_gain_v_one============================== start_time 
end_time : 1658308135, datetime : Wed Jul 20 17:08:55 2022, gain : daily_gain_v_one============================ end_time 
start_time : 1658308135, datetime : Wed Jul 20 17:08:55 2022, gain : daily_gain_v_one============================== start_time 
end_time : 1658308208, datetime : Wed Jul 20 17:10:08 2022, gain : daily_gain_v_one============================ end_time 
start_time : 1658308051, datetime : Wed Jul 20 17:07:31 2022, gain : daily_gain_v_one============================== start_time 
end_time : 1658308227, datetime : Wed Jul 20 17:10:27 2022, gain : daily_gain_v_one============================ end_time 
start_time : 1658308227, datetime : Wed Jul 20 17:10:27 2022, gain : daily_gain_v_one============================== start_time 
end_time : 1658308429, datetime : Wed Jul 20 17:13:49 2022, gain : daily_gain_v_one============================ end_time 
start_time : 1658308429, datetime : Wed Jul 20 17:13:49 2022, gain : daily_gain_v_one============================== start_time 
end_time : 1658308440, datetime : Wed Jul 20 17:14:00 2022, gain : daily_gain_v_one============================ end_time 
start_time : 1658308208, datetime : Wed Jul 20 17:10:08 2022, gain : daily_gain_v_one============================== start_time 
end_time : 1658308452, datetime : Wed Jul 20 17:14:12 2022, gain : daily_gain_v_one============================ end_time 
start_time : 1658308440, datetime : Wed Jul 20 17:14:00 2022, gain : daily_gain_v_one============================== start_time 
end_time : 1658308623, datetime : Wed Jul 20 17:17:03 2022, gain : daily_gain_v_one============================ end_time 
start_time : 1658308452, datetime : Wed Jul 20 17:14:12 2022, gain : daily_gain_v_one============================== start_time 
end_time : 1658308635, datetime : Wed Jul 20 17:17:15 2022, gain : daily_gain_v_one============================ end_time 
start_time : 1658308635, datetime : Wed Jul 20 17:17:15 2022, gain : daily_gain_v_one============================== start_time 
end_time : 1658308683, datetime : Wed Jul 20 17:18:03 2022, gain : daily_gain_v_one============================ end_time 
start_time : 1658308623, datetime : Wed Jul 20 17:17:03 2022, gain : daily_gain_v_one============================== start_time 
end_time : 1658308762, datetime : Wed Jul 20 17:19:22 2022, gain : daily_gain_v_one============================ end_time 
start_time : 1658308683, datetime : Wed Jul 20 17:18:03 2022, gain : daily_gain_v_one============================== start_time 
end_time : 1658308899, datetime : Wed Jul 20 17:21:39 2022, gain : daily_gain_v_one============================ end_time 
start_time : 1658308899, datetime : Wed Jul 20 17:21:39 2022, gain : daily_gain_v_one============================== start_time 
end_time : 1658308955, datetime : Wed Jul 20 17:22:35 2022, gain : daily_gain_v_one============================ end_time 
start_time : 1658308955, datetime : Wed Jul 20 17:22:35 2022, gain : daily_gain_v_one============================== start_time 
end_time : 1658309018, datetime : Wed Jul 20 17:23:38 2022, gain : daily_gain_v_one============================ end_time 
start_time : 1658308762, datetime : Wed Jul 20 17:19:22 2022, gain : daily_gain_v_one============================== start_time 
end_time : 1658309035, datetime : Wed Jul 20 17:23:55 2022, gain : daily_gain_v_one============================ end_time 
start_time : 1658309035, datetime : Wed Jul 20 17:23:55 2022, gain : daily_gain_v_one============================== start_time 
end_time : 1658309051, datetime : Wed Jul 20 17:24:11 2022, gain : daily_gain_v_one============================ end_time 
start_time : 1658309018, datetime : Wed Jul 20 17:23:38 2022, gain : daily_gain_v_one============================== start_time 
end_time : 1658309086, datetime : Wed Jul 20 17:24:46 2022, gain : daily_gain_v_one============================ end_time 
start_time : 1658309086, datetime : Wed Jul 20 17:24:46 2022, gain : daily_gain_v_one============================== start_time 
end_time : 1658309170, datetime : Wed Jul 20 17:26:10 2022, gain : daily_gain_v_one============================ end_time 
