start_time : 1655346600.0, datetime : Thu Jun 16 10:30:00 2022, gain : monthly_gain============================== start_time 
time: 2022-07-01 09:24:16.765403
name: 揭谛, daily_gain: 0.0, monthly_gain: 158.89, symbol: https://xueqiu.com/P/ZH2340674, datetime: Sat Jun 25 17:21:28 2022
time: 2022-07-01 09:24:22.020121
name: 苦集灭道, daily_gain: 0.0, monthly_gain: 159.04, symbol: https://xueqiu.com/P/ZH2237631, datetime: Thu Jun 30 20:35:18 2022
time: 2022-07-01 09:24:25.080811
name: 动态成长, daily_gain: 0.0, monthly_gain: 156.96, symbol: https://xueqiu.com/P/ZH2060102, datetime: Thu Jun 16 14:04:59 2022
time: 2022-07-01 09:24:27.567917
name: 八零二零, daily_gain: 0.0, monthly_gain: 152.23, symbol: https://xueqiu.com/P/ZH2239234, datetime: Fri Jul  1 06:01:48 2022
time: 2022-07-01 09:24:29.460557
name: 好名字都被取了, daily_gain: 0.0, monthly_gain: 139.98, symbol: https://xueqiu.com/P/ZH1048465, datetime: Thu Jun 30 10:38:08 2022
time: 2022-07-01 09:24:30.462631
name: 免税, daily_gain: 0.21, monthly_gain: 136.78, symbol: https://xueqiu.com/P/ZH2048194, datetime: Wed Jun 22 14:33:47 2022
time: 2022-07-01 09:24:31.535368
name: 踏上征程, daily_gain: 0.0, monthly_gain: 134.11, symbol: https://xueqiu.com/P/ZH2132386, datetime: Wed Jun 29 10:13:19 2022
time: 2022-07-01 09:24:33.453945
name: 龙头配置, daily_gain: 0.0, monthly_gain: 118.3, symbol: https://xueqiu.com/P/ZH1408445, datetime: Fri Jun 24 09:58:20 2022
end_time : 1656638557, datetime : Fri Jul  1 09:22:37 2022, gain : monthly_gain============================ end_time 
start_time : 1656638557, datetime : Fri Jul  1 09:22:37 2022, gain : monthly_gain============================== start_time 
end_time : 1656638737, datetime : Fri Jul  1 09:25:37 2022, gain : monthly_gain============================ end_time 
start_time : 1656604800, datetime : Fri Jul  1 00:00:00 2022, gain : monthly_gain============================== start_time 
end_time : 1656639097, datetime : Fri Jul  1 09:31:37 2022, gain : monthly_gain============================ end_time 
start_time : 1656639097, datetime : Fri Jul  1 09:31:37 2022, gain : monthly_gain============================== start_time 
end_time : 1656639382, datetime : Fri Jul  1 09:36:22 2022, gain : monthly_gain============================ end_time 
start_time : 1656604800, datetime : Fri Jul  1 00:00:00 2022, gain : monthly_gain============================== start_time 
end_time : 1656639459, datetime : Fri Jul  1 09:37:39 2022, gain : monthly_gain============================ end_time 
start_time : 1656639459, datetime : Fri Jul  1 09:37:39 2022, gain : monthly_gain============================== start_time 
end_time : 1656639611, datetime : Fri Jul  1 09:40:11 2022, gain : monthly_gain============================ end_time 
start_time : 1656639382, datetime : Fri Jul  1 09:36:22 2022, gain : monthly_gain============================== start_time 
end_time : 1656639733, datetime : Fri Jul  1 09:42:13 2022, gain : monthly_gain============================ end_time 
start_time : 1656639611, datetime : Fri Jul  1 09:40:11 2022, gain : monthly_gain============================== start_time 
end_time : 1656639766, datetime : Fri Jul  1 09:42:46 2022, gain : monthly_gain============================ end_time 
start_time : 1656639766, datetime : Fri Jul  1 09:42:46 2022, gain : monthly_gain============================== start_time 
end_time : 1656639953, datetime : Fri Jul  1 09:45:53 2022, gain : monthly_gain============================ end_time 
start_time : 1656639733, datetime : Fri Jul  1 09:42:13 2022, gain : monthly_gain============================== start_time 
start_time : 1656639953, datetime : Fri Jul  1 09:45:53 2022, gain : monthly_gain============================== start_time 
end_time : 1656640025, datetime : Fri Jul  1 09:47:05 2022, gain : monthly_gain============================ end_time 
end_time : 1656640028, datetime : Fri Jul  1 09:47:08 2022, gain : monthly_gain============================ end_time 
start_time : 1656640025, datetime : Fri Jul  1 09:47:05 2022, gain : monthly_gain============================== start_time 
end_time : 1656640260, datetime : Fri Jul  1 09:51:00 2022, gain : monthly_gain============================ end_time 
start_time : 1656640260, datetime : Fri Jul  1 09:51:00 2022, gain : monthly_gain============================== start_time 
end_time : 1656640356, datetime : Fri Jul  1 09:52:36 2022, gain : monthly_gain============================ end_time 
start_time : 1656640356, datetime : Fri Jul  1 09:52:36 2022, gain : monthly_gain============================== start_time 
end_time : 1656640656, datetime : Fri Jul  1 09:57:36 2022, gain : monthly_gain============================ end_time 
start_time : 1656640656, datetime : Fri Jul  1 09:57:36 2022, gain : monthly_gain============================== start_time 
end_time : 1656640792, datetime : Fri Jul  1 09:59:52 2022, gain : monthly_gain============================ end_time 
start_time : 1656640792, datetime : Fri Jul  1 09:59:52 2022, gain : monthly_gain============================== start_time 
end_time : 1656641018, datetime : Fri Jul  1 10:03:38 2022, gain : monthly_gain============================ end_time 
start_time : 1656641018, datetime : Fri Jul  1 10:03:38 2022, gain : monthly_gain============================== start_time 
end_time : 1656641181, datetime : Fri Jul  1 10:06:21 2022, gain : monthly_gain============================ end_time 
start_time : 1656641181, datetime : Fri Jul  1 10:06:21 2022, gain : monthly_gain============================== start_time 
end_time : 1656641297, datetime : Fri Jul  1 10:08:17 2022, gain : monthly_gain============================ end_time 
start_time : 1656641297, datetime : Fri Jul  1 10:08:17 2022, gain : monthly_gain============================== start_time 
end_time : 1656641544, datetime : Fri Jul  1 10:12:24 2022, gain : monthly_gain============================ end_time 
start_time : 1656641544, datetime : Fri Jul  1 10:12:24 2022, gain : monthly_gain============================== start_time 
end_time : 1656641622, datetime : Fri Jul  1 10:13:42 2022, gain : monthly_gain============================ end_time 
start_time : 1656641622, datetime : Fri Jul  1 10:13:42 2022, gain : monthly_gain============================== start_time 
end_time : 1656641755, datetime : Fri Jul  1 10:15:55 2022, gain : monthly_gain============================ end_time 
start_time : 1656641755, datetime : Fri Jul  1 10:15:55 2022, gain : monthly_gain============================== start_time 
end_time : 1656641900, datetime : Fri Jul  1 10:18:20 2022, gain : monthly_gain============================ end_time 
start_time : 1656641900, datetime : Fri Jul  1 10:18:20 2022, gain : monthly_gain============================== start_time 
end_time : 1656642018, datetime : Fri Jul  1 10:20:18 2022, gain : monthly_gain============================ end_time 
start_time : 1656642018, datetime : Fri Jul  1 10:20:18 2022, gain : monthly_gain============================== start_time 
end_time : 1656642131, datetime : Fri Jul  1 10:22:11 2022, gain : monthly_gain============================ end_time 
start_time : 1656642131, datetime : Fri Jul  1 10:22:11 2022, gain : monthly_gain============================== start_time 
end_time : 1656642231, datetime : Fri Jul  1 10:23:51 2022, gain : monthly_gain============================ end_time 
start_time : 1656642231, datetime : Fri Jul  1 10:23:51 2022, gain : monthly_gain============================== start_time 
end_time : 1656642572, datetime : Fri Jul  1 10:29:32 2022, gain : monthly_gain============================ end_time 
start_time : 1656642572, datetime : Fri Jul  1 10:29:32 2022, gain : monthly_gain============================== start_time 
end_time : 1656642820, datetime : Fri Jul  1 10:33:40 2022, gain : monthly_gain============================ end_time 
start_time : 1656642820, datetime : Fri Jul  1 10:33:40 2022, gain : monthly_gain============================== start_time 
end_time : 1656643147, datetime : Fri Jul  1 10:39:07 2022, gain : monthly_gain============================ end_time 
start_time : 1656643147, datetime : Fri Jul  1 10:39:07 2022, gain : monthly_gain============================== start_time 
end_time : 1656643368, datetime : Fri Jul  1 10:42:48 2022, gain : monthly_gain============================ end_time 
start_time : 1656643368, datetime : Fri Jul  1 10:42:48 2022, gain : monthly_gain============================== start_time 
end_time : 1656643459, datetime : Fri Jul  1 10:44:19 2022, gain : monthly_gain============================ end_time 
start_time : 1656643459, datetime : Fri Jul  1 10:44:19 2022, gain : monthly_gain============================== start_time 
end_time : 1656643701, datetime : Fri Jul  1 10:48:21 2022, gain : monthly_gain============================ end_time 
start_time : 1656643701, datetime : Fri Jul  1 10:48:21 2022, gain : monthly_gain============================== start_time 
end_time : 1656643973, datetime : Fri Jul  1 10:52:53 2022, gain : monthly_gain============================ end_time 
start_time : 1656643973, datetime : Fri Jul  1 10:52:53 2022, gain : monthly_gain============================== start_time 
end_time : 1656644103, datetime : Fri Jul  1 10:55:03 2022, gain : monthly_gain============================ end_time 
start_time : 1656644103, datetime : Fri Jul  1 10:55:03 2022, gain : monthly_gain============================== start_time 
end_time : 1656644317, datetime : Fri Jul  1 10:58:37 2022, gain : monthly_gain============================ end_time 
start_time : 1656644317, datetime : Fri Jul  1 10:58:37 2022, gain : monthly_gain============================== start_time 
end_time : 1656644494, datetime : Fri Jul  1 11:01:34 2022, gain : monthly_gain============================ end_time 
start_time : 1656644494, datetime : Fri Jul  1 11:01:34 2022, gain : monthly_gain============================== start_time 
end_time : 1656644789, datetime : Fri Jul  1 11:06:29 2022, gain : monthly_gain============================ end_time 
start_time : 1656644789, datetime : Fri Jul  1 11:06:29 2022, gain : monthly_gain============================== start_time 
end_time : 1656644939, datetime : Fri Jul  1 11:08:59 2022, gain : monthly_gain============================ end_time 
start_time : 1656644939, datetime : Fri Jul  1 11:08:59 2022, gain : monthly_gain============================== start_time 
end_time : 1656645105, datetime : Fri Jul  1 11:11:45 2022, gain : monthly_gain============================ end_time 
start_time : 1656645105, datetime : Fri Jul  1 11:11:45 2022, gain : monthly_gain============================== start_time 
end_time : 1656645181, datetime : Fri Jul  1 11:13:01 2022, gain : monthly_gain============================ end_time 
start_time : 1656645181, datetime : Fri Jul  1 11:13:01 2022, gain : monthly_gain============================== start_time 
end_time : 1656645250, datetime : Fri Jul  1 11:14:10 2022, gain : monthly_gain============================ end_time 
start_time : 1656645250, datetime : Fri Jul  1 11:14:10 2022, gain : monthly_gain============================== start_time 
end_time : 1656645325, datetime : Fri Jul  1 11:15:25 2022, gain : monthly_gain============================ end_time 
start_time : 1656645325, datetime : Fri Jul  1 11:15:25 2022, gain : monthly_gain============================== start_time 
end_time : 1656645649, datetime : Fri Jul  1 11:20:49 2022, gain : monthly_gain============================ end_time 
start_time : 1656645649, datetime : Fri Jul  1 11:20:49 2022, gain : monthly_gain============================== start_time 
end_time : 1656645826, datetime : Fri Jul  1 11:23:46 2022, gain : monthly_gain============================ end_time 
start_time : 1656645826, datetime : Fri Jul  1 11:23:46 2022, gain : monthly_gain============================== start_time 
end_time : 1656646139, datetime : Fri Jul  1 11:28:59 2022, gain : monthly_gain============================ end_time 
start_time : 1656646139, datetime : Fri Jul  1 11:28:59 2022, gain : monthly_gain============================== start_time 
end_time : 1656646360, datetime : Fri Jul  1 11:32:40 2022, gain : monthly_gain============================ end_time 
start_time : 1656646360, datetime : Fri Jul  1 11:32:40 2022, gain : monthly_gain============================== start_time 
end_time : 1656646466, datetime : Fri Jul  1 11:34:26 2022, gain : monthly_gain============================ end_time 
start_time : 1656646466, datetime : Fri Jul  1 11:34:26 2022, gain : monthly_gain============================== start_time 
end_time : 1656646656, datetime : Fri Jul  1 11:37:36 2022, gain : monthly_gain============================ end_time 
start_time : 1656646656, datetime : Fri Jul  1 11:37:36 2022, gain : monthly_gain============================== start_time 
end_time : 1656646983, datetime : Fri Jul  1 11:43:03 2022, gain : monthly_gain============================ end_time 
start_time : 1656646983, datetime : Fri Jul  1 11:43:03 2022, gain : monthly_gain============================== start_time 
end_time : 1656647233, datetime : Fri Jul  1 11:47:13 2022, gain : monthly_gain============================ end_time 
start_time : 1656647233, datetime : Fri Jul  1 11:47:13 2022, gain : monthly_gain============================== start_time 
end_time : 1656647550, datetime : Fri Jul  1 11:52:30 2022, gain : monthly_gain============================ end_time 
start_time : 1656647550, datetime : Fri Jul  1 11:52:30 2022, gain : monthly_gain============================== start_time 
end_time : 1656647777, datetime : Fri Jul  1 11:56:17 2022, gain : monthly_gain============================ end_time 
start_time : 1656647777, datetime : Fri Jul  1 11:56:17 2022, gain : monthly_gain============================== start_time 
end_time : 1656648000, datetime : Fri Jul  1 12:00:00 2022, gain : monthly_gain============================ end_time 
start_time : 1656648000, datetime : Fri Jul  1 12:00:00 2022, gain : monthly_gain============================== start_time 
end_time : 1656648141, datetime : Fri Jul  1 12:02:21 2022, gain : monthly_gain============================ end_time 
start_time : 1656648141, datetime : Fri Jul  1 12:02:21 2022, gain : monthly_gain============================== start_time 
end_time : 1656648336, datetime : Fri Jul  1 12:05:36 2022, gain : monthly_gain============================ end_time 
start_time : 1656648336, datetime : Fri Jul  1 12:05:36 2022, gain : monthly_gain============================== start_time 
end_time : 1656648514, datetime : Fri Jul  1 12:08:34 2022, gain : monthly_gain============================ end_time 
start_time : 1656648514, datetime : Fri Jul  1 12:08:34 2022, gain : monthly_gain============================== start_time 
end_time : 1656648737, datetime : Fri Jul  1 12:12:17 2022, gain : monthly_gain============================ end_time 
start_time : 1656648737, datetime : Fri Jul  1 12:12:17 2022, gain : monthly_gain============================== start_time 
end_time : 1656648945, datetime : Fri Jul  1 12:15:45 2022, gain : monthly_gain============================ end_time 
start_time : 1656648945, datetime : Fri Jul  1 12:15:45 2022, gain : monthly_gain============================== start_time 
end_time : 1656649264, datetime : Fri Jul  1 12:21:04 2022, gain : monthly_gain============================ end_time 
start_time : 1656649264, datetime : Fri Jul  1 12:21:04 2022, gain : monthly_gain============================== start_time 
end_time : 1656649576, datetime : Fri Jul  1 12:26:16 2022, gain : monthly_gain============================ end_time 
start_time : 1656649576, datetime : Fri Jul  1 12:26:16 2022, gain : monthly_gain============================== start_time 
end_time : 1656649867, datetime : Fri Jul  1 12:31:07 2022, gain : monthly_gain============================ end_time 
start_time : 1656649867, datetime : Fri Jul  1 12:31:07 2022, gain : monthly_gain============================== start_time 
end_time : 1656650098, datetime : Fri Jul  1 12:34:58 2022, gain : monthly_gain============================ end_time 
start_time : 1656650098, datetime : Fri Jul  1 12:34:58 2022, gain : monthly_gain============================== start_time 
end_time : 1656650198, datetime : Fri Jul  1 12:36:38 2022, gain : monthly_gain============================ end_time 
start_time : 1656650198, datetime : Fri Jul  1 12:36:38 2022, gain : monthly_gain============================== start_time 
end_time : 1656650337, datetime : Fri Jul  1 12:38:57 2022, gain : monthly_gain============================ end_time 
start_time : 1656650337, datetime : Fri Jul  1 12:38:57 2022, gain : monthly_gain============================== start_time 
end_time : 1656650465, datetime : Fri Jul  1 12:41:05 2022, gain : monthly_gain============================ end_time 
start_time : 1656650465, datetime : Fri Jul  1 12:41:05 2022, gain : monthly_gain============================== start_time 
end_time : 1656650679, datetime : Fri Jul  1 12:44:39 2022, gain : monthly_gain============================ end_time 
start_time : 1656650679, datetime : Fri Jul  1 12:44:39 2022, gain : monthly_gain============================== start_time 
end_time : 1656650761, datetime : Fri Jul  1 12:46:01 2022, gain : monthly_gain============================ end_time 
start_time : 1656650761, datetime : Fri Jul  1 12:46:01 2022, gain : monthly_gain============================== start_time 
end_time : 1656651068, datetime : Fri Jul  1 12:51:08 2022, gain : monthly_gain============================ end_time 
start_time : 1656651068, datetime : Fri Jul  1 12:51:08 2022, gain : monthly_gain============================== start_time 
end_time : 1656651123, datetime : Fri Jul  1 12:52:03 2022, gain : monthly_gain============================ end_time 
start_time : 1656651123, datetime : Fri Jul  1 12:52:03 2022, gain : monthly_gain============================== start_time 
end_time : 1656651228, datetime : Fri Jul  1 12:53:48 2022, gain : monthly_gain============================ end_time 
start_time : 1656651228, datetime : Fri Jul  1 12:53:48 2022, gain : monthly_gain============================== start_time 
end_time : 1656651367, datetime : Fri Jul  1 12:56:07 2022, gain : monthly_gain============================ end_time 
start_time : 1656651367, datetime : Fri Jul  1 12:56:07 2022, gain : monthly_gain============================== start_time 
end_time : 1656651696, datetime : Fri Jul  1 13:01:36 2022, gain : monthly_gain============================ end_time 
start_time : 1656651696, datetime : Fri Jul  1 13:01:36 2022, gain : monthly_gain============================== start_time 
end_time : 1656652001, datetime : Fri Jul  1 13:06:41 2022, gain : monthly_gain============================ end_time 
start_time : 1656652001, datetime : Fri Jul  1 13:06:41 2022, gain : monthly_gain============================== start_time 
end_time : 1656652219, datetime : Fri Jul  1 13:10:19 2022, gain : monthly_gain============================ end_time 
start_time : 1656652219, datetime : Fri Jul  1 13:10:19 2022, gain : monthly_gain============================== start_time 
end_time : 1656652476, datetime : Fri Jul  1 13:14:36 2022, gain : monthly_gain============================ end_time 
start_time : 1656652476, datetime : Fri Jul  1 13:14:36 2022, gain : monthly_gain============================== start_time 
end_time : 1656652593, datetime : Fri Jul  1 13:16:33 2022, gain : monthly_gain============================ end_time 
start_time : 1656652593, datetime : Fri Jul  1 13:16:33 2022, gain : monthly_gain============================== start_time 
start_time : 1656864000, datetime : Mon Jul  4 00:00:00 2022, gain : monthly_gain============================== start_time 
end_time : 1656945595, datetime : Mon Jul  4 22:39:55 2022, gain : monthly_gain============================ end_time 
start_time : 1656864000, datetime : Mon Jul  4 00:00:00 2022, gain : monthly_gain============================== start_time 
end_time : 1656945653, datetime : Mon Jul  4 22:40:53 2022, gain : monthly_gain============================ end_time 
start_time : 1656945653, datetime : Mon Jul  4 22:40:53 2022, gain : monthly_gain============================== start_time 
end_time : 1656945738, datetime : Mon Jul  4 22:42:18 2022, gain : monthly_gain============================ end_time 
start_time : 1657036800, datetime : Wed Jul  6 00:00:00 2022, gain : monthly_gain============================== start_time 
end_time : 1657080736, datetime : Wed Jul  6 12:12:16 2022, gain : monthly_gain============================ end_time 
start_time : 1657080736, datetime : Wed Jul  6 12:12:16 2022, gain : monthly_gain============================== start_time 
end_time : 1657081021, datetime : Wed Jul  6 12:17:01 2022, gain : monthly_gain============================ end_time 
start_time : 1657081021, datetime : Wed Jul  6 12:17:01 2022, gain : monthly_gain============================== start_time 
end_time : 1657081340, datetime : Wed Jul  6 12:22:20 2022, gain : monthly_gain============================ end_time 
start_time : 1657081340, datetime : Wed Jul  6 12:22:20 2022, gain : monthly_gain============================== start_time 
end_time : 1657081492, datetime : Wed Jul  6 12:24:52 2022, gain : monthly_gain============================ end_time 
start_time : 1657081492, datetime : Wed Jul  6 12:24:52 2022, gain : monthly_gain============================== start_time 
end_time : 1657081768, datetime : Wed Jul  6 12:29:28 2022, gain : monthly_gain============================ end_time 
start_time : 1657081768, datetime : Wed Jul  6 12:29:28 2022, gain : monthly_gain============================== start_time 
end_time : 1657081867, datetime : Wed Jul  6 12:31:07 2022, gain : monthly_gain============================ end_time 
start_time : 1657081867, datetime : Wed Jul  6 12:31:07 2022, gain : monthly_gain============================== start_time 
end_time : 1657082004, datetime : Wed Jul  6 12:33:24 2022, gain : monthly_gain============================ end_time 
start_time : 1657082004, datetime : Wed Jul  6 12:33:24 2022, gain : monthly_gain============================== start_time 
end_time : 1657082174, datetime : Wed Jul  6 12:36:14 2022, gain : monthly_gain============================ end_time 
start_time : 1657082174, datetime : Wed Jul  6 12:36:14 2022, gain : monthly_gain============================== start_time 
end_time : 1657082307, datetime : Wed Jul  6 12:38:27 2022, gain : monthly_gain============================ end_time 
start_time : 1657082307, datetime : Wed Jul  6 12:38:27 2022, gain : monthly_gain============================== start_time 
end_time : 1657082444, datetime : Wed Jul  6 12:40:44 2022, gain : monthly_gain============================ end_time 
start_time : 1657082444, datetime : Wed Jul  6 12:40:44 2022, gain : monthly_gain============================== start_time 
end_time : 1657082578, datetime : Wed Jul  6 12:42:58 2022, gain : monthly_gain============================ end_time 
start_time : 1657082578, datetime : Wed Jul  6 12:42:58 2022, gain : monthly_gain============================== start_time 
end_time : 1657082907, datetime : Wed Jul  6 12:48:27 2022, gain : monthly_gain============================ end_time 
start_time : 1657082907, datetime : Wed Jul  6 12:48:27 2022, gain : monthly_gain============================== start_time 
end_time : 1657083020, datetime : Wed Jul  6 12:50:20 2022, gain : monthly_gain============================ end_time 
start_time : 1657083020, datetime : Wed Jul  6 12:50:20 2022, gain : monthly_gain============================== start_time 
end_time : 1657083174, datetime : Wed Jul  6 12:52:54 2022, gain : monthly_gain============================ end_time 
start_time : 1657083174, datetime : Wed Jul  6 12:52:54 2022, gain : monthly_gain============================== start_time 
end_time : 1657083383, datetime : Wed Jul  6 12:56:23 2022, gain : monthly_gain============================ end_time 
start_time : 1657083383, datetime : Wed Jul  6 12:56:23 2022, gain : monthly_gain============================== start_time 
end_time : 1657083471, datetime : Wed Jul  6 12:57:51 2022, gain : monthly_gain============================ end_time 
start_time : 1657083471, datetime : Wed Jul  6 12:57:51 2022, gain : monthly_gain============================== start_time 
end_time : 1657083680, datetime : Wed Jul  6 13:01:20 2022, gain : monthly_gain============================ end_time 
start_time : 1657083680, datetime : Wed Jul  6 13:01:20 2022, gain : monthly_gain============================== start_time 
end_time : 1657083986, datetime : Wed Jul  6 13:06:26 2022, gain : monthly_gain============================ end_time 
start_time : 1657083986, datetime : Wed Jul  6 13:06:26 2022, gain : monthly_gain============================== start_time 
end_time : 1657084228, datetime : Wed Jul  6 13:10:28 2022, gain : monthly_gain============================ end_time 
start_time : 1657084228, datetime : Wed Jul  6 13:10:28 2022, gain : monthly_gain============================== start_time 
end_time : 1657084405, datetime : Wed Jul  6 13:13:25 2022, gain : monthly_gain============================ end_time 
start_time : 1657084405, datetime : Wed Jul  6 13:13:25 2022, gain : monthly_gain============================== start_time 
end_time : 1657084604, datetime : Wed Jul  6 13:16:44 2022, gain : monthly_gain============================ end_time 
start_time : 1657084604, datetime : Wed Jul  6 13:16:44 2022, gain : monthly_gain============================== start_time 
end_time : 1657084881, datetime : Wed Jul  6 13:21:21 2022, gain : monthly_gain============================ end_time 
start_time : 1657084881, datetime : Wed Jul  6 13:21:21 2022, gain : monthly_gain============================== start_time 
end_time : 1657085188, datetime : Wed Jul  6 13:26:28 2022, gain : monthly_gain============================ end_time 
start_time : 1657085188, datetime : Wed Jul  6 13:26:28 2022, gain : monthly_gain============================== start_time 
end_time : 1657085391, datetime : Wed Jul  6 13:29:51 2022, gain : monthly_gain============================ end_time 
start_time : 1657085391, datetime : Wed Jul  6 13:29:51 2022, gain : monthly_gain============================== start_time 
end_time : 1657085699, datetime : Wed Jul  6 13:34:59 2022, gain : monthly_gain============================ end_time 
start_time : 1657085699, datetime : Wed Jul  6 13:34:59 2022, gain : monthly_gain============================== start_time 
end_time : 1657085750, datetime : Wed Jul  6 13:35:50 2022, gain : monthly_gain============================ end_time 
start_time : 1657085750, datetime : Wed Jul  6 13:35:50 2022, gain : monthly_gain============================== start_time 
end_time : 1657085936, datetime : Wed Jul  6 13:38:56 2022, gain : monthly_gain============================ end_time 
start_time : 1657085936, datetime : Wed Jul  6 13:38:56 2022, gain : monthly_gain============================== start_time 
end_time : 1657086186, datetime : Wed Jul  6 13:43:06 2022, gain : monthly_gain============================ end_time 
start_time : 1657086186, datetime : Wed Jul  6 13:43:06 2022, gain : monthly_gain============================== start_time 
end_time : 1657086265, datetime : Wed Jul  6 13:44:25 2022, gain : monthly_gain============================ end_time 
start_time : 1657086265, datetime : Wed Jul  6 13:44:25 2022, gain : monthly_gain============================== start_time 
end_time : 1657086584, datetime : Wed Jul  6 13:49:44 2022, gain : monthly_gain============================ end_time 
start_time : 1657086584, datetime : Wed Jul  6 13:49:44 2022, gain : monthly_gain============================== start_time 
end_time : 1657086822, datetime : Wed Jul  6 13:53:42 2022, gain : monthly_gain============================ end_time 
start_time : 1657086822, datetime : Wed Jul  6 13:53:42 2022, gain : monthly_gain============================== start_time 
end_time : 1657086894, datetime : Wed Jul  6 13:54:54 2022, gain : monthly_gain============================ end_time 
start_time : 1657086894, datetime : Wed Jul  6 13:54:54 2022, gain : monthly_gain============================== start_time 
end_time : 1657087027, datetime : Wed Jul  6 13:57:07 2022, gain : monthly_gain============================ end_time 
start_time : 1657087027, datetime : Wed Jul  6 13:57:07 2022, gain : monthly_gain============================== start_time 
end_time : 1657087097, datetime : Wed Jul  6 13:58:17 2022, gain : monthly_gain============================ end_time 
start_time : 1657087097, datetime : Wed Jul  6 13:58:17 2022, gain : monthly_gain============================== start_time 
end_time : 1657087391, datetime : Wed Jul  6 14:03:11 2022, gain : monthly_gain============================ end_time 
start_time : 1657087391, datetime : Wed Jul  6 14:03:11 2022, gain : monthly_gain============================== start_time 
end_time : 1657087502, datetime : Wed Jul  6 14:05:02 2022, gain : monthly_gain============================ end_time 
start_time : 1657087502, datetime : Wed Jul  6 14:05:02 2022, gain : monthly_gain============================== start_time 
end_time : 1657087556, datetime : Wed Jul  6 14:05:56 2022, gain : monthly_gain============================ end_time 
start_time : 1657087556, datetime : Wed Jul  6 14:05:56 2022, gain : monthly_gain============================== start_time 
end_time : 1657098512, datetime : Wed Jul  6 17:08:32 2022, gain : monthly_gain============================ end_time 
start_time : 1657098512, datetime : Wed Jul  6 17:08:32 2022, gain : monthly_gain============================== start_time 
end_time : 1657098692, datetime : Wed Jul  6 17:11:32 2022, gain : monthly_gain============================ end_time 
start_time : 1657098692, datetime : Wed Jul  6 17:11:32 2022, gain : monthly_gain============================== start_time 
end_time : 1657098916, datetime : Wed Jul  6 17:15:16 2022, gain : monthly_gain============================ end_time 
start_time : 1657098916, datetime : Wed Jul  6 17:15:16 2022, gain : monthly_gain============================== start_time 
end_time : 1657099027, datetime : Wed Jul  6 17:17:07 2022, gain : monthly_gain============================ end_time 
start_time : 1657099027, datetime : Wed Jul  6 17:17:07 2022, gain : monthly_gain============================== start_time 
end_time : 1657099343, datetime : Wed Jul  6 17:22:23 2022, gain : monthly_gain============================ end_time 
start_time : 1657099343, datetime : Wed Jul  6 17:22:23 2022, gain : monthly_gain============================== start_time 
end_time : 1657099512, datetime : Wed Jul  6 17:25:12 2022, gain : monthly_gain============================ end_time 
start_time : 1657099512, datetime : Wed Jul  6 17:25:12 2022, gain : monthly_gain============================== start_time 
end_time : 1657099671, datetime : Wed Jul  6 17:27:51 2022, gain : monthly_gain============================ end_time 
start_time : 1657099671, datetime : Wed Jul  6 17:27:51 2022, gain : monthly_gain============================== start_time 
end_time : 1657099751, datetime : Wed Jul  6 17:29:11 2022, gain : monthly_gain============================ end_time 
start_time : 1657099751, datetime : Wed Jul  6 17:29:11 2022, gain : monthly_gain============================== start_time 
end_time : 1657099864, datetime : Wed Jul  6 17:31:04 2022, gain : monthly_gain============================ end_time 
start_time : 1657099864, datetime : Wed Jul  6 17:31:04 2022, gain : monthly_gain============================== start_time 
end_time : 1657100060, datetime : Wed Jul  6 17:34:20 2022, gain : monthly_gain============================ end_time 
start_time : 1657100060, datetime : Wed Jul  6 17:34:20 2022, gain : monthly_gain============================== start_time 
end_time : 1657100277, datetime : Wed Jul  6 17:37:57 2022, gain : monthly_gain============================ end_time 
start_time : 1657100277, datetime : Wed Jul  6 17:37:57 2022, gain : monthly_gain============================== start_time 
end_time : 1657100552, datetime : Wed Jul  6 17:42:32 2022, gain : monthly_gain============================ end_time 
start_time : 1657100552, datetime : Wed Jul  6 17:42:32 2022, gain : monthly_gain============================== start_time 
end_time : 1657100717, datetime : Wed Jul  6 17:45:17 2022, gain : monthly_gain============================ end_time 
start_time : 1657100717, datetime : Wed Jul  6 17:45:17 2022, gain : monthly_gain============================== start_time 
end_time : 1657100957, datetime : Wed Jul  6 17:49:17 2022, gain : monthly_gain============================ end_time 
start_time : 1657100957, datetime : Wed Jul  6 17:49:17 2022, gain : monthly_gain============================== start_time 
end_time : 1657101236, datetime : Wed Jul  6 17:53:56 2022, gain : monthly_gain============================ end_time 
start_time : 1657101236, datetime : Wed Jul  6 17:53:56 2022, gain : monthly_gain============================== start_time 
end_time : 1657101387, datetime : Wed Jul  6 17:56:27 2022, gain : monthly_gain============================ end_time 
start_time : 1657101387, datetime : Wed Jul  6 17:56:27 2022, gain : monthly_gain============================== start_time 
end_time : 1657101507, datetime : Wed Jul  6 17:58:27 2022, gain : monthly_gain============================ end_time 
start_time : 1657101507, datetime : Wed Jul  6 17:58:27 2022, gain : monthly_gain============================== start_time 
end_time : 1657101752, datetime : Wed Jul  6 18:02:32 2022, gain : monthly_gain============================ end_time 
start_time : 1657101752, datetime : Wed Jul  6 18:02:32 2022, gain : monthly_gain============================== start_time 
end_time : 1657102039, datetime : Wed Jul  6 18:07:19 2022, gain : monthly_gain============================ end_time 
start_time : 1657102039, datetime : Wed Jul  6 18:07:19 2022, gain : monthly_gain============================== start_time 
end_time : 1657102369, datetime : Wed Jul  6 18:12:49 2022, gain : monthly_gain============================ end_time 
start_time : 1657102369, datetime : Wed Jul  6 18:12:49 2022, gain : monthly_gain============================== start_time 
end_time : 1657102655, datetime : Wed Jul  6 18:17:35 2022, gain : monthly_gain============================ end_time 
start_time : 1657102655, datetime : Wed Jul  6 18:17:35 2022, gain : monthly_gain============================== start_time 
end_time : 1657102885, datetime : Wed Jul  6 18:21:25 2022, gain : monthly_gain============================ end_time 
start_time : 1657102885, datetime : Wed Jul  6 18:21:25 2022, gain : monthly_gain============================== start_time 
end_time : 1657103026, datetime : Wed Jul  6 18:23:46 2022, gain : monthly_gain============================ end_time 
start_time : 1657103026, datetime : Wed Jul  6 18:23:46 2022, gain : monthly_gain============================== start_time 
end_time : 1657103085, datetime : Wed Jul  6 18:24:45 2022, gain : monthly_gain============================ end_time 
start_time : 1657103085, datetime : Wed Jul  6 18:24:45 2022, gain : monthly_gain============================== start_time 
end_time : 1657103416, datetime : Wed Jul  6 18:30:16 2022, gain : monthly_gain============================ end_time 
start_time : 1657103416, datetime : Wed Jul  6 18:30:16 2022, gain : monthly_gain============================== start_time 
start_time : 1657555200, datetime : Tue Jul 12 00:00:00 2022, gain : monthly_gain============================== start_time 
end_time : 1657634763, datetime : Tue Jul 12 22:06:03 2022, gain : monthly_gain============================ end_time 
start_time : 1657555200, datetime : Tue Jul 12 00:00:00 2022, gain : monthly_gain============================== start_time 
end_time : 1657634819, datetime : Tue Jul 12 22:06:59 2022, gain : monthly_gain============================ end_time 
start_time : 1657634819, datetime : Tue Jul 12 22:06:59 2022, gain : monthly_gain============================== start_time 
end_time : 1657635042, datetime : Tue Jul 12 22:10:42 2022, gain : monthly_gain============================ end_time 
start_time : 1657635042, datetime : Tue Jul 12 22:10:42 2022, gain : monthly_gain============================== start_time 
end_time : 1657635136, datetime : Tue Jul 12 22:12:16 2022, gain : monthly_gain============================ end_time 
start_time : 1657635136, datetime : Tue Jul 12 22:12:16 2022, gain : monthly_gain============================== start_time 
end_time : 1657635223, datetime : Tue Jul 12 22:13:43 2022, gain : monthly_gain============================ end_time 
start_time : 1657635223, datetime : Tue Jul 12 22:13:43 2022, gain : monthly_gain============================== start_time 
end_time : 1657635554, datetime : Tue Jul 12 22:19:14 2022, gain : monthly_gain============================ end_time 
start_time : 1657635554, datetime : Tue Jul 12 22:19:14 2022, gain : monthly_gain============================== start_time 
end_time : 1657635864, datetime : Tue Jul 12 22:24:24 2022, gain : monthly_gain============================ end_time 
start_time : 1657635864, datetime : Tue Jul 12 22:24:24 2022, gain : monthly_gain============================== start_time 
end_time : 1657636023, datetime : Tue Jul 12 22:27:03 2022, gain : monthly_gain============================ end_time 
start_time : 1657636023, datetime : Tue Jul 12 22:27:03 2022, gain : monthly_gain============================== start_time 
end_time : 1657636227, datetime : Tue Jul 12 22:30:27 2022, gain : monthly_gain============================ end_time 
start_time : 1657636227, datetime : Tue Jul 12 22:30:27 2022, gain : monthly_gain============================== start_time 
end_time : 1657636520, datetime : Tue Jul 12 22:35:20 2022, gain : monthly_gain============================ end_time 
start_time : 1657636520, datetime : Tue Jul 12 22:35:20 2022, gain : monthly_gain============================== start_time 
end_time : 1657636852, datetime : Tue Jul 12 22:40:52 2022, gain : monthly_gain============================ end_time 
start_time : 1657636852, datetime : Tue Jul 12 22:40:52 2022, gain : monthly_gain============================== start_time 
end_time : 1657637134, datetime : Tue Jul 12 22:45:34 2022, gain : monthly_gain============================ end_time 
start_time : 1657637134, datetime : Tue Jul 12 22:45:34 2022, gain : monthly_gain============================== start_time 
end_time : 1657637377, datetime : Tue Jul 12 22:49:37 2022, gain : monthly_gain============================ end_time 
start_time : 1657637377, datetime : Tue Jul 12 22:49:37 2022, gain : monthly_gain============================== start_time 
end_time : 1657637508, datetime : Tue Jul 12 22:51:48 2022, gain : monthly_gain============================ end_time 
start_time : 1657637508, datetime : Tue Jul 12 22:51:48 2022, gain : monthly_gain============================== start_time 
end_time : 1657637840, datetime : Tue Jul 12 22:57:20 2022, gain : monthly_gain============================ end_time 
start_time : 1657637840, datetime : Tue Jul 12 22:57:20 2022, gain : monthly_gain============================== start_time 
end_time : 1657637994, datetime : Tue Jul 12 22:59:54 2022, gain : monthly_gain============================ end_time 
start_time : 1657641600, datetime : Wed Jul 13 00:00:00 2022, gain : monthly_gain============================== start_time 
end_time : 1657677854, datetime : Wed Jul 13 10:04:14 2022, gain : monthly_gain============================ end_time 
start_time : 1657641600, datetime : Wed Jul 13 00:00:00 2022, gain : monthly_gain============================== start_time 
end_time : 1657677901, datetime : Wed Jul 13 10:05:01 2022, gain : monthly_gain============================ end_time 
start_time : 1657677901, datetime : Wed Jul 13 10:05:01 2022, gain : monthly_gain============================== start_time 
end_time : 1657677968, datetime : Wed Jul 13 10:06:08 2022, gain : monthly_gain============================ end_time 
start_time : 1657641600, datetime : Wed Jul 13 00:00:00 2022, gain : monthly_gain============================== start_time 
time: 2022-07-13 10:08:55.203213
name: 彩票, daily_gain: 1.28, monthly_gain: 103.21, symbol: https://xueqiu.com/P/ZH2495462, datetime: Wed Jul 13 09:45:22 2022
time: 2022-07-13 10:09:02.138261
name: 香饽饽, daily_gain: -0.33, monthly_gain: 85.46, symbol: https://xueqiu.com/P/ZH3082494, datetime: Wed Jul 13 09:34:48 2022
end_time : 1657678028, datetime : Wed Jul 13 10:07:08 2022, gain : monthly_gain============================ end_time 
start_time : 1657678028, datetime : Wed Jul 13 10:07:08 2022, gain : monthly_gain============================== start_time 
end_time : 1657678385, datetime : Wed Jul 13 10:13:05 2022, gain : monthly_gain============================ end_time 
start_time : 1657678385, datetime : Wed Jul 13 10:13:05 2022, gain : monthly_gain============================== start_time 
end_time : 1657678672, datetime : Wed Jul 13 10:17:52 2022, gain : monthly_gain============================ end_time 
start_time : 1657678672, datetime : Wed Jul 13 10:17:52 2022, gain : monthly_gain============================== start_time 
end_time : 1657678928, datetime : Wed Jul 13 10:22:08 2022, gain : monthly_gain============================ end_time 
start_time : 1657678928, datetime : Wed Jul 13 10:22:08 2022, gain : monthly_gain============================== start_time 
time: 2022-07-13 10:27:52.241379
name: 晨晨, daily_gain: 9.09, monthly_gain: 106.51, symbol: https://xueqiu.com/P/ZH2163940, datetime: Wed Jul 13 10:25:01 2022
end_time : 1657679161, datetime : Wed Jul 13 10:26:01 2022, gain : monthly_gain============================ end_time 
start_time : 1657679161, datetime : Wed Jul 13 10:26:01 2022, gain : monthly_gain============================== start_time 
end_time : 1657679242, datetime : Wed Jul 13 10:27:22 2022, gain : monthly_gain============================ end_time 
start_time : 1657679242, datetime : Wed Jul 13 10:27:22 2022, gain : monthly_gain============================== start_time 
end_time : 1657679374, datetime : Wed Jul 13 10:29:34 2022, gain : monthly_gain============================ end_time 
start_time : 1657679374, datetime : Wed Jul 13 10:29:34 2022, gain : monthly_gain============================== start_time 
end_time : 1657680591, datetime : Wed Jul 13 10:49:51 2022, gain : monthly_gain============================ end_time 
start_time : 1657680591, datetime : Wed Jul 13 10:49:51 2022, gain : monthly_gain============================== start_time 
end_time : 1657680787, datetime : Wed Jul 13 10:53:07 2022, gain : monthly_gain============================ end_time 
start_time : 1657680787, datetime : Wed Jul 13 10:53:07 2022, gain : monthly_gain============================== start_time 
end_time : 1657681084, datetime : Wed Jul 13 10:58:04 2022, gain : monthly_gain============================ end_time 
start_time : 1657681084, datetime : Wed Jul 13 10:58:04 2022, gain : monthly_gain============================== start_time 
end_time : 1657681223, datetime : Wed Jul 13 11:00:23 2022, gain : monthly_gain============================ end_time 
start_time : 1657681223, datetime : Wed Jul 13 11:00:23 2022, gain : monthly_gain============================== start_time 
end_time : 1657681453, datetime : Wed Jul 13 11:04:13 2022, gain : monthly_gain============================ end_time 
start_time : 1657681453, datetime : Wed Jul 13 11:04:13 2022, gain : monthly_gain============================== start_time 
end_time : 1657681572, datetime : Wed Jul 13 11:06:12 2022, gain : monthly_gain============================ end_time 
start_time : 1657681572, datetime : Wed Jul 13 11:06:12 2022, gain : monthly_gain============================== start_time 
end_time : 1657681773, datetime : Wed Jul 13 11:09:33 2022, gain : monthly_gain============================ end_time 
start_time : 1657681773, datetime : Wed Jul 13 11:09:33 2022, gain : monthly_gain============================== start_time 
end_time : 1657681922, datetime : Wed Jul 13 11:12:02 2022, gain : monthly_gain============================ end_time 
start_time : 1657681922, datetime : Wed Jul 13 11:12:02 2022, gain : monthly_gain============================== start_time 
end_time : 1657681974, datetime : Wed Jul 13 11:12:54 2022, gain : monthly_gain============================ end_time 
start_time : 1657681974, datetime : Wed Jul 13 11:12:54 2022, gain : monthly_gain============================== start_time 
end_time : 1657682164, datetime : Wed Jul 13 11:16:04 2022, gain : monthly_gain============================ end_time 
start_time : 1657682164, datetime : Wed Jul 13 11:16:04 2022, gain : monthly_gain============================== start_time 
end_time : 1657682387, datetime : Wed Jul 13 11:19:47 2022, gain : monthly_gain============================ end_time 
start_time : 1657682387, datetime : Wed Jul 13 11:19:47 2022, gain : monthly_gain============================== start_time 
end_time : 1657682513, datetime : Wed Jul 13 11:21:53 2022, gain : monthly_gain============================ end_time 
start_time : 1657682513, datetime : Wed Jul 13 11:21:53 2022, gain : monthly_gain============================== start_time 
end_time : 1657682821, datetime : Wed Jul 13 11:27:01 2022, gain : monthly_gain============================ end_time 
start_time : 1657682821, datetime : Wed Jul 13 11:27:01 2022, gain : monthly_gain============================== start_time 
end_time : 1657682906, datetime : Wed Jul 13 11:28:26 2022, gain : monthly_gain============================ end_time 
start_time : 1657682906, datetime : Wed Jul 13 11:28:26 2022, gain : monthly_gain============================== start_time 
end_time : 1657682972, datetime : Wed Jul 13 11:29:32 2022, gain : monthly_gain============================ end_time 
start_time : 1657682972, datetime : Wed Jul 13 11:29:32 2022, gain : monthly_gain============================== start_time 
end_time : 1657683172, datetime : Wed Jul 13 11:32:52 2022, gain : monthly_gain============================ end_time 
start_time : 1657683172, datetime : Wed Jul 13 11:32:52 2022, gain : monthly_gain============================== start_time 
end_time : 1657683418, datetime : Wed Jul 13 11:36:58 2022, gain : monthly_gain============================ end_time 
start_time : 1657683418, datetime : Wed Jul 13 11:36:58 2022, gain : monthly_gain============================== start_time 
end_time : 1657683578, datetime : Wed Jul 13 11:39:38 2022, gain : monthly_gain============================ end_time 
start_time : 1657683578, datetime : Wed Jul 13 11:39:38 2022, gain : monthly_gain============================== start_time 
end_time : 1657683901, datetime : Wed Jul 13 11:45:01 2022, gain : monthly_gain============================ end_time 
start_time : 1657683901, datetime : Wed Jul 13 11:45:01 2022, gain : monthly_gain============================== start_time 
end_time : 1657686211, datetime : Wed Jul 13 12:23:31 2022, gain : monthly_gain============================ end_time 
start_time : 1657686211, datetime : Wed Jul 13 12:23:31 2022, gain : monthly_gain============================== start_time 
end_time : 1657686280, datetime : Wed Jul 13 12:24:40 2022, gain : monthly_gain============================ end_time 
start_time : 1657686280, datetime : Wed Jul 13 12:24:40 2022, gain : monthly_gain============================== start_time 
end_time : 1657686367, datetime : Wed Jul 13 12:26:07 2022, gain : monthly_gain============================ end_time 
start_time : 1657686367, datetime : Wed Jul 13 12:26:07 2022, gain : monthly_gain============================== start_time 
end_time : 1657686425, datetime : Wed Jul 13 12:27:05 2022, gain : monthly_gain============================ end_time 
start_time : 1657686425, datetime : Wed Jul 13 12:27:05 2022, gain : monthly_gain============================== start_time 
end_time : 1657686756, datetime : Wed Jul 13 12:32:36 2022, gain : monthly_gain============================ end_time 
start_time : 1657686756, datetime : Wed Jul 13 12:32:36 2022, gain : monthly_gain============================== start_time 
end_time : 1657686836, datetime : Wed Jul 13 12:33:56 2022, gain : monthly_gain============================ end_time 
start_time : 1657686836, datetime : Wed Jul 13 12:33:56 2022, gain : monthly_gain============================== start_time 
end_time : 1657687119, datetime : Wed Jul 13 12:38:39 2022, gain : monthly_gain============================ end_time 
start_time : 1657687119, datetime : Wed Jul 13 12:38:39 2022, gain : monthly_gain============================== start_time 
end_time : 1657687335, datetime : Wed Jul 13 12:42:15 2022, gain : monthly_gain============================ end_time 
start_time : 1657687335, datetime : Wed Jul 13 12:42:15 2022, gain : monthly_gain============================== start_time 
end_time : 1657687612, datetime : Wed Jul 13 12:46:52 2022, gain : monthly_gain============================ end_time 
start_time : 1657687612, datetime : Wed Jul 13 12:46:52 2022, gain : monthly_gain============================== start_time 
end_time : 1657687776, datetime : Wed Jul 13 12:49:36 2022, gain : monthly_gain============================ end_time 
start_time : 1657687776, datetime : Wed Jul 13 12:49:36 2022, gain : monthly_gain============================== start_time 
end_time : 1657687822, datetime : Wed Jul 13 12:50:22 2022, gain : monthly_gain============================ end_time 
start_time : 1657687822, datetime : Wed Jul 13 12:50:22 2022, gain : monthly_gain============================== start_time 
end_time : 1657687892, datetime : Wed Jul 13 12:51:32 2022, gain : monthly_gain============================ end_time 
start_time : 1657687892, datetime : Wed Jul 13 12:51:32 2022, gain : monthly_gain============================== start_time 
end_time : 1657688125, datetime : Wed Jul 13 12:55:25 2022, gain : monthly_gain============================ end_time 
start_time : 1657688125, datetime : Wed Jul 13 12:55:25 2022, gain : monthly_gain============================== start_time 
end_time : 1657688311, datetime : Wed Jul 13 12:58:31 2022, gain : monthly_gain============================ end_time 
start_time : 1657688311, datetime : Wed Jul 13 12:58:31 2022, gain : monthly_gain============================== start_time 
end_time : 1657688495, datetime : Wed Jul 13 13:01:35 2022, gain : monthly_gain============================ end_time 
start_time : 1657688495, datetime : Wed Jul 13 13:01:35 2022, gain : monthly_gain============================== start_time 
end_time : 1657688572, datetime : Wed Jul 13 13:02:52 2022, gain : monthly_gain============================ end_time 
start_time : 1657688572, datetime : Wed Jul 13 13:02:52 2022, gain : monthly_gain============================== start_time 
end_time : 1657688782, datetime : Wed Jul 13 13:06:22 2022, gain : monthly_gain============================ end_time 
start_time : 1657688782, datetime : Wed Jul 13 13:06:22 2022, gain : monthly_gain============================== start_time 
end_time : 1657688853, datetime : Wed Jul 13 13:07:33 2022, gain : monthly_gain============================ end_time 
start_time : 1657688853, datetime : Wed Jul 13 13:07:33 2022, gain : monthly_gain============================== start_time 
end_time : 1657688960, datetime : Wed Jul 13 13:09:20 2022, gain : monthly_gain============================ end_time 
start_time : 1657688960, datetime : Wed Jul 13 13:09:20 2022, gain : monthly_gain============================== start_time 
end_time : 1657689039, datetime : Wed Jul 13 13:10:39 2022, gain : monthly_gain============================ end_time 
start_time : 1657689039, datetime : Wed Jul 13 13:10:39 2022, gain : monthly_gain============================== start_time 
end_time : 1657689121, datetime : Wed Jul 13 13:12:01 2022, gain : monthly_gain============================ end_time 
start_time : 1657689121, datetime : Wed Jul 13 13:12:01 2022, gain : monthly_gain============================== start_time 
end_time : 1657689378, datetime : Wed Jul 13 13:16:18 2022, gain : monthly_gain============================ end_time 
start_time : 1657689378, datetime : Wed Jul 13 13:16:18 2022, gain : monthly_gain============================== start_time 
end_time : 1657689705, datetime : Wed Jul 13 13:21:45 2022, gain : monthly_gain============================ end_time 
start_time : 1657689705, datetime : Wed Jul 13 13:21:45 2022, gain : monthly_gain============================== start_time 
end_time : 1657689907, datetime : Wed Jul 13 13:25:07 2022, gain : monthly_gain============================ end_time 
start_time : 1657689907, datetime : Wed Jul 13 13:25:07 2022, gain : monthly_gain============================== start_time 
end_time : 1657689967, datetime : Wed Jul 13 13:26:07 2022, gain : monthly_gain============================ end_time 
start_time : 1657689967, datetime : Wed Jul 13 13:26:07 2022, gain : monthly_gain============================== start_time 
end_time : 1657690196, datetime : Wed Jul 13 13:29:56 2022, gain : monthly_gain============================ end_time 
start_time : 1657690196, datetime : Wed Jul 13 13:29:56 2022, gain : monthly_gain============================== start_time 
end_time : 1657690302, datetime : Wed Jul 13 13:31:42 2022, gain : monthly_gain============================ end_time 
start_time : 1657690302, datetime : Wed Jul 13 13:31:42 2022, gain : monthly_gain============================== start_time 
end_time : 1657690644, datetime : Wed Jul 13 13:37:24 2022, gain : monthly_gain============================ end_time 
start_time : 1657690644, datetime : Wed Jul 13 13:37:24 2022, gain : monthly_gain============================== start_time 
end_time : 1657690721, datetime : Wed Jul 13 13:38:41 2022, gain : monthly_gain============================ end_time 
start_time : 1657690721, datetime : Wed Jul 13 13:38:41 2022, gain : monthly_gain============================== start_time 
end_time : 1657690798, datetime : Wed Jul 13 13:39:58 2022, gain : monthly_gain============================ end_time 
start_time : 1657690798, datetime : Wed Jul 13 13:39:58 2022, gain : monthly_gain============================== start_time 
end_time : 1657691034, datetime : Wed Jul 13 13:43:54 2022, gain : monthly_gain============================ end_time 
start_time : 1657691034, datetime : Wed Jul 13 13:43:54 2022, gain : monthly_gain============================== start_time 
end_time : 1657694641, datetime : Wed Jul 13 14:44:01 2022, gain : monthly_gain============================ end_time 
start_time : 1657694641, datetime : Wed Jul 13 14:44:01 2022, gain : monthly_gain============================== start_time 
end_time : 1657694972, datetime : Wed Jul 13 14:49:32 2022, gain : monthly_gain============================ end_time 
start_time : 1657694972, datetime : Wed Jul 13 14:49:32 2022, gain : monthly_gain============================== start_time 
end_time : 1657695318, datetime : Wed Jul 13 14:55:18 2022, gain : monthly_gain============================ end_time 
start_time : 1657695318, datetime : Wed Jul 13 14:55:18 2022, gain : monthly_gain============================== start_time 
end_time : 1657695388, datetime : Wed Jul 13 14:56:28 2022, gain : monthly_gain============================ end_time 
start_time : 1657695388, datetime : Wed Jul 13 14:56:28 2022, gain : monthly_gain============================== start_time 
end_time : 1657695529, datetime : Wed Jul 13 14:58:49 2022, gain : monthly_gain============================ end_time 
start_time : 1657695529, datetime : Wed Jul 13 14:58:49 2022, gain : monthly_gain============================== start_time 
end_time : 1657695707, datetime : Wed Jul 13 15:01:47 2022, gain : monthly_gain============================ end_time 
start_time : 1657695707, datetime : Wed Jul 13 15:01:47 2022, gain : monthly_gain============================== start_time 
end_time : 1657695956, datetime : Wed Jul 13 15:05:56 2022, gain : monthly_gain============================ end_time 
start_time : 1657695956, datetime : Wed Jul 13 15:05:56 2022, gain : monthly_gain============================== start_time 
end_time : 1657696252, datetime : Wed Jul 13 15:10:52 2022, gain : monthly_gain============================ end_time 
start_time : 1657696252, datetime : Wed Jul 13 15:10:52 2022, gain : monthly_gain============================== start_time 
end_time : 1657696378, datetime : Wed Jul 13 15:12:58 2022, gain : monthly_gain============================ end_time 
start_time : 1657696378, datetime : Wed Jul 13 15:12:58 2022, gain : monthly_gain============================== start_time 
end_time : 1657696612, datetime : Wed Jul 13 15:16:52 2022, gain : monthly_gain============================ end_time 
start_time : 1657696612, datetime : Wed Jul 13 15:16:52 2022, gain : monthly_gain============================== start_time 
end_time : 1657696880, datetime : Wed Jul 13 15:21:20 2022, gain : monthly_gain============================ end_time 
start_time : 1657696880, datetime : Wed Jul 13 15:21:20 2022, gain : monthly_gain============================== start_time 
end_time : 1657697198, datetime : Wed Jul 13 15:26:38 2022, gain : monthly_gain============================ end_time 
start_time : 1657697198, datetime : Wed Jul 13 15:26:38 2022, gain : monthly_gain============================== start_time 
end_time : 1657704728, datetime : Wed Jul 13 17:32:08 2022, gain : monthly_gain============================ end_time 
start_time : 1657704728, datetime : Wed Jul 13 17:32:08 2022, gain : monthly_gain============================== start_time 
end_time : 1657704829, datetime : Wed Jul 13 17:33:49 2022, gain : monthly_gain============================ end_time 
start_time : 1657704829, datetime : Wed Jul 13 17:33:49 2022, gain : monthly_gain============================== start_time 
end_time : 1657704979, datetime : Wed Jul 13 17:36:19 2022, gain : monthly_gain============================ end_time 
start_time : 1657704979, datetime : Wed Jul 13 17:36:19 2022, gain : monthly_gain============================== start_time 
end_time : 1657705216, datetime : Wed Jul 13 17:40:16 2022, gain : monthly_gain============================ end_time 
start_time : 1657705216, datetime : Wed Jul 13 17:40:16 2022, gain : monthly_gain============================== start_time 
end_time : 1657705281, datetime : Wed Jul 13 17:41:21 2022, gain : monthly_gain============================ end_time 
start_time : 1657705281, datetime : Wed Jul 13 17:41:21 2022, gain : monthly_gain============================== start_time 
end_time : 1657705567, datetime : Wed Jul 13 17:46:07 2022, gain : monthly_gain============================ end_time 
start_time : 1657705567, datetime : Wed Jul 13 17:46:07 2022, gain : monthly_gain============================== start_time 
end_time : 1657705770, datetime : Wed Jul 13 17:49:30 2022, gain : monthly_gain============================ end_time 
start_time : 1657705770, datetime : Wed Jul 13 17:49:30 2022, gain : monthly_gain============================== start_time 
end_time : 1657706072, datetime : Wed Jul 13 17:54:32 2022, gain : monthly_gain============================ end_time 
start_time : 1657706072, datetime : Wed Jul 13 17:54:32 2022, gain : monthly_gain============================== start_time 
end_time : 1657706223, datetime : Wed Jul 13 17:57:03 2022, gain : monthly_gain============================ end_time 
start_time : 1657706223, datetime : Wed Jul 13 17:57:03 2022, gain : monthly_gain============================== start_time 
end_time : 1657706392, datetime : Wed Jul 13 17:59:52 2022, gain : monthly_gain============================ end_time 
start_time : 1657706392, datetime : Wed Jul 13 17:59:52 2022, gain : monthly_gain============================== start_time 
end_time : 1657706476, datetime : Wed Jul 13 18:01:16 2022, gain : monthly_gain============================ end_time 
start_time : 1657706476, datetime : Wed Jul 13 18:01:16 2022, gain : monthly_gain============================== start_time 
end_time : 1657706625, datetime : Wed Jul 13 18:03:45 2022, gain : monthly_gain============================ end_time 
start_time : 1657706625, datetime : Wed Jul 13 18:03:45 2022, gain : monthly_gain============================== start_time 
end_time : 1657706868, datetime : Wed Jul 13 18:07:48 2022, gain : monthly_gain============================ end_time 
start_time : 1657706868, datetime : Wed Jul 13 18:07:48 2022, gain : monthly_gain============================== start_time 
end_time : 1657707170, datetime : Wed Jul 13 18:12:50 2022, gain : monthly_gain============================ end_time 
start_time : 1658160000, datetime : Tue Jul 19 00:00:00 2022, gain : monthly_gain============================== start_time 
start_time : 1658160000, datetime : Tue Jul 19 00:00:00 2022, gain : monthly_gain============================== start_time 
end_time : 1658195747, datetime : Tue Jul 19 09:55:47 2022, gain : monthly_gain============================ end_time 
end_time : 1658195749, datetime : Tue Jul 19 09:55:49 2022, gain : monthly_gain============================ end_time 
start_time : 1658160000, datetime : Tue Jul 19 00:00:00 2022, gain : monthly_gain============================== start_time 
start_time : 1658160000, datetime : Tue Jul 19 00:00:00 2022, gain : monthly_gain============================== start_time 
end_time : 1658195972, datetime : Tue Jul 19 09:59:32 2022, gain : monthly_gain============================ end_time 
end_time : 1658195972, datetime : Tue Jul 19 09:59:32 2022, gain : monthly_gain============================ end_time 
start_time : 1658160000, datetime : Tue Jul 19 00:00:00 2022, gain : monthly_gain============================== start_time 
start_time : 1658160000, datetime : Tue Jul 19 00:00:00 2022, gain : monthly_gain============================== start_time 
end_time : 1658196121, datetime : Tue Jul 19 10:02:01 2022, gain : monthly_gain============================ end_time 
end_time : 1658196121, datetime : Tue Jul 19 10:02:01 2022, gain : monthly_gain============================ end_time 
