start_time : 1655346600.0, datetime : Thu Jun 16 10:30:00 2022, gain : daily_gain============================== start_time 
time: 2022-07-01 09:23:50.581705
name: 板板车组合, daily_gain: 0.0, monthly_gain: 39.92, symbol: https://xueqiu.com/P/ZH2188949, datetime: Fri Jul  1 09:22:32 2022
time: 2022-07-01 09:23:52.864742
name: 元宝, daily_gain: 0.0, monthly_gain: 30.99, symbol: https://xueqiu.com/P/ZH024256, datetime: Thu Jun 23 09:35:00 2022
time: 2022-07-01 09:23:58.045641
name: 非实盘, daily_gain: 0.0, monthly_gain: 18.75, symbol: https://xueqiu.com/P/ZH1757736, datetime: Wed Jun 29 12:49:07 2022
time: 2022-07-01 09:24:00.295452
name: 六脉神剑, daily_gain: 0.0, monthly_gain: 15.02, symbol: https://xueqiu.com/P/ZH1728970, datetime: Wed Jun 22 11:56:56 2022
time: 2022-07-01 09:24:04.806987
name: 中线获利队型, daily_gain: 0.0, monthly_gain: 47.3, symbol: https://xueqiu.com/P/ZH471032, datetime: Thu Jun 30 09:30:09 2022
time: 2022-07-01 09:24:06.421037
name: 醉生梦死, daily_gain: 0.0, monthly_gain: 48.76, symbol: https://xueqiu.com/P/ZH2190502, datetime: Thu Jun 30 10:12:02 2022
time: 2022-07-01 09:24:09.335825
name: 岂无山歌与村笛, daily_gain: 10.01, monthly_gain: 19.93, symbol: https://xueqiu.com/P/ZH1414088, datetime: Tue Jun 28 21:40:58 2022
time: 2022-07-01 09:24:10.748144
name: 2020新征程, daily_gain: 0.0, monthly_gain: 68.43, symbol: https://xueqiu.com/P/ZH2157380, datetime: Tue Jun 28 13:39:44 2022
end_time : 1656638530, datetime : Fri Jul  1 09:22:10 2022, gain : daily_gain============================ end_time 
start_time : 1656638530, datetime : Fri Jul  1 09:22:10 2022, gain : daily_gain============================== start_time 
time: 2022-07-01 09:26:57.755483
name: 板板车组合, daily_gain: 0.0, monthly_gain: 39.92, symbol: https://xueqiu.com/P/ZH2188949, datetime: Fri Jul  1 09:22:32 2022
end_time : 1656638716, datetime : Fri Jul  1 09:25:16 2022, gain : daily_gain============================ end_time 
start_time : 1656604800, datetime : Fri Jul  1 00:00:00 2022, gain : daily_gain============================== start_time 
end_time : 1656639080, datetime : Fri Jul  1 09:31:20 2022, gain : daily_gain============================ end_time 
start_time : 1656639080, datetime : Fri Jul  1 09:31:20 2022, gain : daily_gain============================== start_time 
end_time : 1656639362, datetime : Fri Jul  1 09:36:02 2022, gain : daily_gain============================ end_time 
start_time : 1656604800, datetime : Fri Jul  1 00:00:00 2022, gain : daily_gain============================== start_time 
start_time : 1656604800, datetime : Fri Jul  1 00:00:00 2022, gain : daily_gain============================== start_time 
end_time : 1656639439, datetime : Fri Jul  1 09:37:19 2022, gain : daily_gain============================ end_time 
start_time : 1656639439, datetime : Fri Jul  1 09:37:19 2022, gain : daily_gain============================== start_time 
end_time : 1656639596, datetime : Fri Jul  1 09:39:56 2022, gain : daily_gain============================ end_time 
start_time : 1656639362, datetime : Fri Jul  1 09:36:02 2022, gain : daily_gain============================== start_time 
end_time : 1656639712, datetime : Fri Jul  1 09:41:52 2022, gain : daily_gain============================ end_time 
start_time : 1656639596, datetime : Fri Jul  1 09:39:56 2022, gain : daily_gain============================== start_time 
end_time : 1656639745, datetime : Fri Jul  1 09:42:25 2022, gain : daily_gain============================ end_time 
start_time : 1656639745, datetime : Fri Jul  1 09:42:25 2022, gain : daily_gain============================== start_time 
end_time : 1656639931, datetime : Fri Jul  1 09:45:31 2022, gain : daily_gain============================ end_time 
start_time : 1656639931, datetime : Fri Jul  1 09:45:31 2022, gain : daily_gain============================== start_time 
start_time : 1656639712, datetime : Fri Jul  1 09:41:52 2022, gain : daily_gain============================== start_time 
end_time : 1656640003, datetime : Fri Jul  1 09:46:43 2022, gain : daily_gain============================ end_time 
end_time : 1656640006, datetime : Fri Jul  1 09:46:46 2022, gain : daily_gain============================ end_time 
start_time : 1656640003, datetime : Fri Jul  1 09:46:43 2022, gain : daily_gain============================== start_time 
end_time : 1656640243, datetime : Fri Jul  1 09:50:43 2022, gain : daily_gain============================ end_time 
start_time : 1656640243, datetime : Fri Jul  1 09:50:43 2022, gain : daily_gain============================== start_time 
end_time : 1656640334, datetime : Fri Jul  1 09:52:14 2022, gain : daily_gain============================ end_time 
start_time : 1656640334, datetime : Fri Jul  1 09:52:14 2022, gain : daily_gain============================== start_time 
end_time : 1656640641, datetime : Fri Jul  1 09:57:21 2022, gain : daily_gain============================ end_time 
start_time : 1656640641, datetime : Fri Jul  1 09:57:21 2022, gain : daily_gain============================== start_time 
end_time : 1656640765, datetime : Fri Jul  1 09:59:25 2022, gain : daily_gain============================ end_time 
start_time : 1656640765, datetime : Fri Jul  1 09:59:25 2022, gain : daily_gain============================== start_time 
end_time : 1656640997, datetime : Fri Jul  1 10:03:17 2022, gain : daily_gain============================ end_time 
start_time : 1656640997, datetime : Fri Jul  1 10:03:17 2022, gain : daily_gain============================== start_time 
end_time : 1656641163, datetime : Fri Jul  1 10:06:03 2022, gain : daily_gain============================ end_time 
start_time : 1656641163, datetime : Fri Jul  1 10:06:03 2022, gain : daily_gain============================== start_time 
end_time : 1656641274, datetime : Fri Jul  1 10:07:54 2022, gain : daily_gain============================ end_time 
start_time : 1656641274, datetime : Fri Jul  1 10:07:54 2022, gain : daily_gain============================== start_time 
end_time : 1656641526, datetime : Fri Jul  1 10:12:06 2022, gain : daily_gain============================ end_time 
start_time : 1656641526, datetime : Fri Jul  1 10:12:06 2022, gain : daily_gain============================== start_time 
end_time : 1656641601, datetime : Fri Jul  1 10:13:21 2022, gain : daily_gain============================ end_time 
start_time : 1656641601, datetime : Fri Jul  1 10:13:21 2022, gain : daily_gain============================== start_time 
end_time : 1656641739, datetime : Fri Jul  1 10:15:39 2022, gain : daily_gain============================ end_time 
start_time : 1656641739, datetime : Fri Jul  1 10:15:39 2022, gain : daily_gain============================== start_time 
end_time : 1656641881, datetime : Fri Jul  1 10:18:01 2022, gain : daily_gain============================ end_time 
start_time : 1656641881, datetime : Fri Jul  1 10:18:01 2022, gain : daily_gain============================== start_time 
end_time : 1656641990, datetime : Fri Jul  1 10:19:50 2022, gain : daily_gain============================ end_time 
start_time : 1656641990, datetime : Fri Jul  1 10:19:50 2022, gain : daily_gain============================== start_time 
end_time : 1656642108, datetime : Fri Jul  1 10:21:48 2022, gain : daily_gain============================ end_time 
start_time : 1656642108, datetime : Fri Jul  1 10:21:48 2022, gain : daily_gain============================== start_time 
end_time : 1656642217, datetime : Fri Jul  1 10:23:37 2022, gain : daily_gain============================ end_time 
start_time : 1656642217, datetime : Fri Jul  1 10:23:37 2022, gain : daily_gain============================== start_time 
end_time : 1656642554, datetime : Fri Jul  1 10:29:14 2022, gain : daily_gain============================ end_time 
start_time : 1656642554, datetime : Fri Jul  1 10:29:14 2022, gain : daily_gain============================== start_time 
end_time : 1656642799, datetime : Fri Jul  1 10:33:19 2022, gain : daily_gain============================ end_time 
start_time : 1656642799, datetime : Fri Jul  1 10:33:19 2022, gain : daily_gain============================== start_time 
end_time : 1656643121, datetime : Fri Jul  1 10:38:41 2022, gain : daily_gain============================ end_time 
start_time : 1656643121, datetime : Fri Jul  1 10:38:41 2022, gain : daily_gain============================== start_time 
end_time : 1656643348, datetime : Fri Jul  1 10:42:28 2022, gain : daily_gain============================ end_time 
start_time : 1656643348, datetime : Fri Jul  1 10:42:28 2022, gain : daily_gain============================== start_time 
start_time : 1656604800, datetime : Fri Jul  1 00:00:00 2022, gain : daily_gain============================== start_time 
end_time : 1656643439, datetime : Fri Jul  1 10:43:59 2022, gain : daily_gain============================ end_time 
start_time : 1656643439, datetime : Fri Jul  1 10:43:59 2022, gain : daily_gain============================== start_time 
end_time : 1656643679, datetime : Fri Jul  1 10:47:59 2022, gain : daily_gain============================ end_time 
start_time : 1656643679, datetime : Fri Jul  1 10:47:59 2022, gain : daily_gain============================== start_time 
end_time : 1656643956, datetime : Fri Jul  1 10:52:36 2022, gain : daily_gain============================ end_time 
start_time : 1656643956, datetime : Fri Jul  1 10:52:36 2022, gain : daily_gain============================== start_time 
end_time : 1656644091, datetime : Fri Jul  1 10:54:51 2022, gain : daily_gain============================ end_time 
start_time : 1656644091, datetime : Fri Jul  1 10:54:51 2022, gain : daily_gain============================== start_time 
end_time : 1656644297, datetime : Fri Jul  1 10:58:17 2022, gain : daily_gain============================ end_time 
start_time : 1656644297, datetime : Fri Jul  1 10:58:17 2022, gain : daily_gain============================== start_time 
end_time : 1656644478, datetime : Fri Jul  1 11:01:18 2022, gain : daily_gain============================ end_time 
start_time : 1656644478, datetime : Fri Jul  1 11:01:18 2022, gain : daily_gain============================== start_time 
end_time : 1656644772, datetime : Fri Jul  1 11:06:12 2022, gain : daily_gain============================ end_time 
start_time : 1656644772, datetime : Fri Jul  1 11:06:12 2022, gain : daily_gain============================== start_time 
end_time : 1656644921, datetime : Fri Jul  1 11:08:41 2022, gain : daily_gain============================ end_time 
start_time : 1656644921, datetime : Fri Jul  1 11:08:41 2022, gain : daily_gain============================== start_time 
end_time : 1656645089, datetime : Fri Jul  1 11:11:29 2022, gain : daily_gain============================ end_time 
start_time : 1656645089, datetime : Fri Jul  1 11:11:29 2022, gain : daily_gain============================== start_time 
end_time : 1656645163, datetime : Fri Jul  1 11:12:43 2022, gain : daily_gain============================ end_time 
start_time : 1656645163, datetime : Fri Jul  1 11:12:43 2022, gain : daily_gain============================== start_time 
end_time : 1656645230, datetime : Fri Jul  1 11:13:50 2022, gain : daily_gain============================ end_time 
start_time : 1656645230, datetime : Fri Jul  1 11:13:50 2022, gain : daily_gain============================== start_time 
end_time : 1656645308, datetime : Fri Jul  1 11:15:08 2022, gain : daily_gain============================ end_time 
start_time : 1656645308, datetime : Fri Jul  1 11:15:08 2022, gain : daily_gain============================== start_time 
end_time : 1656645635, datetime : Fri Jul  1 11:20:35 2022, gain : daily_gain============================ end_time 
start_time : 1656645635, datetime : Fri Jul  1 11:20:35 2022, gain : daily_gain============================== start_time 
end_time : 1656645812, datetime : Fri Jul  1 11:23:32 2022, gain : daily_gain============================ end_time 
start_time : 1656645812, datetime : Fri Jul  1 11:23:32 2022, gain : daily_gain============================== start_time 
end_time : 1656646119, datetime : Fri Jul  1 11:28:39 2022, gain : daily_gain============================ end_time 
start_time : 1656646119, datetime : Fri Jul  1 11:28:39 2022, gain : daily_gain============================== start_time 
end_time : 1656646339, datetime : Fri Jul  1 11:32:19 2022, gain : daily_gain============================ end_time 
start_time : 1656646339, datetime : Fri Jul  1 11:32:19 2022, gain : daily_gain============================== start_time 
end_time : 1656646448, datetime : Fri Jul  1 11:34:08 2022, gain : daily_gain============================ end_time 
start_time : 1656646448, datetime : Fri Jul  1 11:34:08 2022, gain : daily_gain============================== start_time 
end_time : 1656646634, datetime : Fri Jul  1 11:37:14 2022, gain : daily_gain============================ end_time 
start_time : 1656646634, datetime : Fri Jul  1 11:37:14 2022, gain : daily_gain============================== start_time 
end_time : 1656646967, datetime : Fri Jul  1 11:42:47 2022, gain : daily_gain============================ end_time 
start_time : 1656646967, datetime : Fri Jul  1 11:42:47 2022, gain : daily_gain============================== start_time 
end_time : 1656647218, datetime : Fri Jul  1 11:46:58 2022, gain : daily_gain============================ end_time 
start_time : 1656647218, datetime : Fri Jul  1 11:46:58 2022, gain : daily_gain============================== start_time 
end_time : 1656647535, datetime : Fri Jul  1 11:52:15 2022, gain : daily_gain============================ end_time 
start_time : 1656647535, datetime : Fri Jul  1 11:52:15 2022, gain : daily_gain============================== start_time 
end_time : 1656647758, datetime : Fri Jul  1 11:55:58 2022, gain : daily_gain============================ end_time 
start_time : 1656647758, datetime : Fri Jul  1 11:55:58 2022, gain : daily_gain============================== start_time 
end_time : 1656647985, datetime : Fri Jul  1 11:59:45 2022, gain : daily_gain============================ end_time 
start_time : 1656647985, datetime : Fri Jul  1 11:59:45 2022, gain : daily_gain============================== start_time 
end_time : 1656648128, datetime : Fri Jul  1 12:02:08 2022, gain : daily_gain============================ end_time 
start_time : 1656648128, datetime : Fri Jul  1 12:02:08 2022, gain : daily_gain============================== start_time 
end_time : 1656648323, datetime : Fri Jul  1 12:05:23 2022, gain : daily_gain============================ end_time 
start_time : 1656648323, datetime : Fri Jul  1 12:05:23 2022, gain : daily_gain============================== start_time 
end_time : 1656648497, datetime : Fri Jul  1 12:08:17 2022, gain : daily_gain============================ end_time 
start_time : 1656648497, datetime : Fri Jul  1 12:08:17 2022, gain : daily_gain============================== start_time 
end_time : 1656648725, datetime : Fri Jul  1 12:12:05 2022, gain : daily_gain============================ end_time 
start_time : 1656648725, datetime : Fri Jul  1 12:12:05 2022, gain : daily_gain============================== start_time 
end_time : 1656648929, datetime : Fri Jul  1 12:15:29 2022, gain : daily_gain============================ end_time 
start_time : 1656648929, datetime : Fri Jul  1 12:15:29 2022, gain : daily_gain============================== start_time 
end_time : 1656649247, datetime : Fri Jul  1 12:20:47 2022, gain : daily_gain============================ end_time 
start_time : 1656649247, datetime : Fri Jul  1 12:20:47 2022, gain : daily_gain============================== start_time 
end_time : 1656649561, datetime : Fri Jul  1 12:26:01 2022, gain : daily_gain============================ end_time 
start_time : 1656649561, datetime : Fri Jul  1 12:26:01 2022, gain : daily_gain============================== start_time 
end_time : 1656649849, datetime : Fri Jul  1 12:30:49 2022, gain : daily_gain============================ end_time 
start_time : 1656649849, datetime : Fri Jul  1 12:30:49 2022, gain : daily_gain============================== start_time 
end_time : 1656650080, datetime : Fri Jul  1 12:34:40 2022, gain : daily_gain============================ end_time 
start_time : 1656650080, datetime : Fri Jul  1 12:34:40 2022, gain : daily_gain============================== start_time 
end_time : 1656650175, datetime : Fri Jul  1 12:36:15 2022, gain : daily_gain============================ end_time 
start_time : 1656650175, datetime : Fri Jul  1 12:36:15 2022, gain : daily_gain============================== start_time 
end_time : 1656650321, datetime : Fri Jul  1 12:38:41 2022, gain : daily_gain============================ end_time 
start_time : 1656650321, datetime : Fri Jul  1 12:38:41 2022, gain : daily_gain============================== start_time 
end_time : 1656650446, datetime : Fri Jul  1 12:40:46 2022, gain : daily_gain============================ end_time 
start_time : 1656650446, datetime : Fri Jul  1 12:40:46 2022, gain : daily_gain============================== start_time 
end_time : 1656650664, datetime : Fri Jul  1 12:44:24 2022, gain : daily_gain============================ end_time 
start_time : 1656650664, datetime : Fri Jul  1 12:44:24 2022, gain : daily_gain============================== start_time 
end_time : 1656650747, datetime : Fri Jul  1 12:45:47 2022, gain : daily_gain============================ end_time 
start_time : 1656650747, datetime : Fri Jul  1 12:45:47 2022, gain : daily_gain============================== start_time 
end_time : 1656651051, datetime : Fri Jul  1 12:50:51 2022, gain : daily_gain============================ end_time 
start_time : 1656651051, datetime : Fri Jul  1 12:50:51 2022, gain : daily_gain============================== start_time 
end_time : 1656651106, datetime : Fri Jul  1 12:51:46 2022, gain : daily_gain============================ end_time 
start_time : 1656651106, datetime : Fri Jul  1 12:51:46 2022, gain : daily_gain============================== start_time 
end_time : 1656651212, datetime : Fri Jul  1 12:53:32 2022, gain : daily_gain============================ end_time 
start_time : 1656651212, datetime : Fri Jul  1 12:53:32 2022, gain : daily_gain============================== start_time 
end_time : 1656651348, datetime : Fri Jul  1 12:55:48 2022, gain : daily_gain============================ end_time 
start_time : 1656651348, datetime : Fri Jul  1 12:55:48 2022, gain : daily_gain============================== start_time 
end_time : 1656651684, datetime : Fri Jul  1 13:01:24 2022, gain : daily_gain============================ end_time 
start_time : 1656651684, datetime : Fri Jul  1 13:01:24 2022, gain : daily_gain============================== start_time 
end_time : 1656651989, datetime : Fri Jul  1 13:06:29 2022, gain : daily_gain============================ end_time 
start_time : 1656651989, datetime : Fri Jul  1 13:06:29 2022, gain : daily_gain============================== start_time 
end_time : 1656652203, datetime : Fri Jul  1 13:10:03 2022, gain : daily_gain============================ end_time 
start_time : 1656652203, datetime : Fri Jul  1 13:10:03 2022, gain : daily_gain============================== start_time 
end_time : 1656652453, datetime : Fri Jul  1 13:14:13 2022, gain : daily_gain============================ end_time 
start_time : 1656652453, datetime : Fri Jul  1 13:14:13 2022, gain : daily_gain============================== start_time 
end_time : 1656652568, datetime : Fri Jul  1 13:16:08 2022, gain : daily_gain============================ end_time 
start_time : 1656652568, datetime : Fri Jul  1 13:16:08 2022, gain : daily_gain============================== start_time 
end_time : 1656652706, datetime : Fri Jul  1 13:18:26 2022, gain : daily_gain============================ end_time 
start_time : 1656864000, datetime : Mon Jul  4 00:00:00 2022, gain : daily_gain============================== start_time 
end_time : 1656945577, datetime : Mon Jul  4 22:39:37 2022, gain : daily_gain============================ end_time 
start_time : 1656864000, datetime : Mon Jul  4 00:00:00 2022, gain : daily_gain============================== start_time 
end_time : 1656945635, datetime : Mon Jul  4 22:40:35 2022, gain : daily_gain============================ end_time 
start_time : 1656945635, datetime : Mon Jul  4 22:40:35 2022, gain : daily_gain============================== start_time 
end_time : 1656945721, datetime : Mon Jul  4 22:42:01 2022, gain : daily_gain============================ end_time 
start_time : 1657036800, datetime : Wed Jul  6 00:00:00 2022, gain : daily_gain============================== start_time 
end_time : 1657080720, datetime : Wed Jul  6 12:12:00 2022, gain : daily_gain============================ end_time 
start_time : 1657080720, datetime : Wed Jul  6 12:12:00 2022, gain : daily_gain============================== start_time 
end_time : 1657081002, datetime : Wed Jul  6 12:16:42 2022, gain : daily_gain============================ end_time 
start_time : 1657081002, datetime : Wed Jul  6 12:16:42 2022, gain : daily_gain============================== start_time 
end_time : 1657081319, datetime : Wed Jul  6 12:21:59 2022, gain : daily_gain============================ end_time 
start_time : 1657081319, datetime : Wed Jul  6 12:21:59 2022, gain : daily_gain============================== start_time 
end_time : 1657081477, datetime : Wed Jul  6 12:24:37 2022, gain : daily_gain============================ end_time 
start_time : 1657081477, datetime : Wed Jul  6 12:24:37 2022, gain : daily_gain============================== start_time 
end_time : 1657081744, datetime : Wed Jul  6 12:29:04 2022, gain : daily_gain============================ end_time 
start_time : 1657081744, datetime : Wed Jul  6 12:29:04 2022, gain : daily_gain============================== start_time 
end_time : 1657081853, datetime : Wed Jul  6 12:30:53 2022, gain : daily_gain============================ end_time 
start_time : 1657081853, datetime : Wed Jul  6 12:30:53 2022, gain : daily_gain============================== start_time 
end_time : 1657081989, datetime : Wed Jul  6 12:33:09 2022, gain : daily_gain============================ end_time 
start_time : 1657081989, datetime : Wed Jul  6 12:33:09 2022, gain : daily_gain============================== start_time 
end_time : 1657082154, datetime : Wed Jul  6 12:35:54 2022, gain : daily_gain============================ end_time 
start_time : 1657082154, datetime : Wed Jul  6 12:35:54 2022, gain : daily_gain============================== start_time 
end_time : 1657082290, datetime : Wed Jul  6 12:38:10 2022, gain : daily_gain============================ end_time 
start_time : 1657082290, datetime : Wed Jul  6 12:38:10 2022, gain : daily_gain============================== start_time 
end_time : 1657082429, datetime : Wed Jul  6 12:40:29 2022, gain : daily_gain============================ end_time 
start_time : 1657082429, datetime : Wed Jul  6 12:40:29 2022, gain : daily_gain============================== start_time 
end_time : 1657082562, datetime : Wed Jul  6 12:42:42 2022, gain : daily_gain============================ end_time 
start_time : 1657082562, datetime : Wed Jul  6 12:42:42 2022, gain : daily_gain============================== start_time 
end_time : 1657082892, datetime : Wed Jul  6 12:48:12 2022, gain : daily_gain============================ end_time 
start_time : 1657082892, datetime : Wed Jul  6 12:48:12 2022, gain : daily_gain============================== start_time 
end_time : 1657083005, datetime : Wed Jul  6 12:50:05 2022, gain : daily_gain============================ end_time 
start_time : 1657083005, datetime : Wed Jul  6 12:50:05 2022, gain : daily_gain============================== start_time 
end_time : 1657083157, datetime : Wed Jul  6 12:52:37 2022, gain : daily_gain============================ end_time 
start_time : 1657083157, datetime : Wed Jul  6 12:52:37 2022, gain : daily_gain============================== start_time 
end_time : 1657083369, datetime : Wed Jul  6 12:56:09 2022, gain : daily_gain============================ end_time 
start_time : 1657083369, datetime : Wed Jul  6 12:56:09 2022, gain : daily_gain============================== start_time 
end_time : 1657083456, datetime : Wed Jul  6 12:57:36 2022, gain : daily_gain============================ end_time 
start_time : 1657083456, datetime : Wed Jul  6 12:57:36 2022, gain : daily_gain============================== start_time 
end_time : 1657083656, datetime : Wed Jul  6 13:00:56 2022, gain : daily_gain============================ end_time 
start_time : 1657083656, datetime : Wed Jul  6 13:00:56 2022, gain : daily_gain============================== start_time 
end_time : 1657083974, datetime : Wed Jul  6 13:06:14 2022, gain : daily_gain============================ end_time 
start_time : 1657083974, datetime : Wed Jul  6 13:06:14 2022, gain : daily_gain============================== start_time 
end_time : 1657084214, datetime : Wed Jul  6 13:10:14 2022, gain : daily_gain============================ end_time 
start_time : 1657084214, datetime : Wed Jul  6 13:10:14 2022, gain : daily_gain============================== start_time 
end_time : 1657084389, datetime : Wed Jul  6 13:13:09 2022, gain : daily_gain============================ end_time 
start_time : 1657084389, datetime : Wed Jul  6 13:13:09 2022, gain : daily_gain============================== start_time 
end_time : 1657084593, datetime : Wed Jul  6 13:16:33 2022, gain : daily_gain============================ end_time 
start_time : 1657084593, datetime : Wed Jul  6 13:16:33 2022, gain : daily_gain============================== start_time 
end_time : 1657084868, datetime : Wed Jul  6 13:21:08 2022, gain : daily_gain============================ end_time 
start_time : 1657084868, datetime : Wed Jul  6 13:21:08 2022, gain : daily_gain============================== start_time 
end_time : 1657085175, datetime : Wed Jul  6 13:26:15 2022, gain : daily_gain============================ end_time 
start_time : 1657085175, datetime : Wed Jul  6 13:26:15 2022, gain : daily_gain============================== start_time 
end_time : 1657085375, datetime : Wed Jul  6 13:29:35 2022, gain : daily_gain============================ end_time 
start_time : 1657085375, datetime : Wed Jul  6 13:29:35 2022, gain : daily_gain============================== start_time 
end_time : 1657085684, datetime : Wed Jul  6 13:34:44 2022, gain : daily_gain============================ end_time 
start_time : 1657085684, datetime : Wed Jul  6 13:34:44 2022, gain : daily_gain============================== start_time 
end_time : 1657085735, datetime : Wed Jul  6 13:35:35 2022, gain : daily_gain============================ end_time 
start_time : 1657085735, datetime : Wed Jul  6 13:35:35 2022, gain : daily_gain============================== start_time 
end_time : 1657085923, datetime : Wed Jul  6 13:38:43 2022, gain : daily_gain============================ end_time 
start_time : 1657085923, datetime : Wed Jul  6 13:38:43 2022, gain : daily_gain============================== start_time 
end_time : 1657086168, datetime : Wed Jul  6 13:42:48 2022, gain : daily_gain============================ end_time 
start_time : 1657086168, datetime : Wed Jul  6 13:42:48 2022, gain : daily_gain============================== start_time 
end_time : 1657086251, datetime : Wed Jul  6 13:44:11 2022, gain : daily_gain============================ end_time 
start_time : 1657086251, datetime : Wed Jul  6 13:44:11 2022, gain : daily_gain============================== start_time 
end_time : 1657086570, datetime : Wed Jul  6 13:49:30 2022, gain : daily_gain============================ end_time 
start_time : 1657086570, datetime : Wed Jul  6 13:49:30 2022, gain : daily_gain============================== start_time 
end_time : 1657086807, datetime : Wed Jul  6 13:53:27 2022, gain : daily_gain============================ end_time 
start_time : 1657086807, datetime : Wed Jul  6 13:53:27 2022, gain : daily_gain============================== start_time 
end_time : 1657086879, datetime : Wed Jul  6 13:54:39 2022, gain : daily_gain============================ end_time 
start_time : 1657086879, datetime : Wed Jul  6 13:54:39 2022, gain : daily_gain============================== start_time 
end_time : 1657087013, datetime : Wed Jul  6 13:56:53 2022, gain : daily_gain============================ end_time 
start_time : 1657087013, datetime : Wed Jul  6 13:56:53 2022, gain : daily_gain============================== start_time 
end_time : 1657087083, datetime : Wed Jul  6 13:58:03 2022, gain : daily_gain============================ end_time 
start_time : 1657087083, datetime : Wed Jul  6 13:58:03 2022, gain : daily_gain============================== start_time 
end_time : 1657087376, datetime : Wed Jul  6 14:02:56 2022, gain : daily_gain============================ end_time 
start_time : 1657087376, datetime : Wed Jul  6 14:02:56 2022, gain : daily_gain============================== start_time 
end_time : 1657087482, datetime : Wed Jul  6 14:04:42 2022, gain : daily_gain============================ end_time 
start_time : 1657087482, datetime : Wed Jul  6 14:04:42 2022, gain : daily_gain============================== start_time 
end_time : 1657087537, datetime : Wed Jul  6 14:05:37 2022, gain : daily_gain============================ end_time 
start_time : 1657087537, datetime : Wed Jul  6 14:05:37 2022, gain : daily_gain============================== start_time 
end_time : 1657098501, datetime : Wed Jul  6 17:08:21 2022, gain : daily_gain============================ end_time 
start_time : 1657098501, datetime : Wed Jul  6 17:08:21 2022, gain : daily_gain============================== start_time 
end_time : 1657098675, datetime : Wed Jul  6 17:11:15 2022, gain : daily_gain============================ end_time 
start_time : 1657098675, datetime : Wed Jul  6 17:11:15 2022, gain : daily_gain============================== start_time 
end_time : 1657098902, datetime : Wed Jul  6 17:15:02 2022, gain : daily_gain============================ end_time 
start_time : 1657098902, datetime : Wed Jul  6 17:15:02 2022, gain : daily_gain============================== start_time 
end_time : 1657099011, datetime : Wed Jul  6 17:16:51 2022, gain : daily_gain============================ end_time 
start_time : 1657099011, datetime : Wed Jul  6 17:16:51 2022, gain : daily_gain============================== start_time 
end_time : 1657099332, datetime : Wed Jul  6 17:22:12 2022, gain : daily_gain============================ end_time 
start_time : 1657099332, datetime : Wed Jul  6 17:22:12 2022, gain : daily_gain============================== start_time 
end_time : 1657099497, datetime : Wed Jul  6 17:24:57 2022, gain : daily_gain============================ end_time 
start_time : 1657099497, datetime : Wed Jul  6 17:24:57 2022, gain : daily_gain============================== start_time 
end_time : 1657099653, datetime : Wed Jul  6 17:27:33 2022, gain : daily_gain============================ end_time 
start_time : 1657099653, datetime : Wed Jul  6 17:27:33 2022, gain : daily_gain============================== start_time 
end_time : 1657099739, datetime : Wed Jul  6 17:28:59 2022, gain : daily_gain============================ end_time 
start_time : 1657099739, datetime : Wed Jul  6 17:28:59 2022, gain : daily_gain============================== start_time 
end_time : 1657099850, datetime : Wed Jul  6 17:30:50 2022, gain : daily_gain============================ end_time 
start_time : 1657099850, datetime : Wed Jul  6 17:30:50 2022, gain : daily_gain============================== start_time 
end_time : 1657100043, datetime : Wed Jul  6 17:34:03 2022, gain : daily_gain============================ end_time 
start_time : 1657100043, datetime : Wed Jul  6 17:34:03 2022, gain : daily_gain============================== start_time 
end_time : 1657100260, datetime : Wed Jul  6 17:37:40 2022, gain : daily_gain============================ end_time 
start_time : 1657100260, datetime : Wed Jul  6 17:37:40 2022, gain : daily_gain============================== start_time 
end_time : 1657100540, datetime : Wed Jul  6 17:42:20 2022, gain : daily_gain============================ end_time 
start_time : 1657100540, datetime : Wed Jul  6 17:42:20 2022, gain : daily_gain============================== start_time 
end_time : 1657100704, datetime : Wed Jul  6 17:45:04 2022, gain : daily_gain============================ end_time 
start_time : 1657100704, datetime : Wed Jul  6 17:45:04 2022, gain : daily_gain============================== start_time 
end_time : 1657100944, datetime : Wed Jul  6 17:49:04 2022, gain : daily_gain============================ end_time 
start_time : 1657100944, datetime : Wed Jul  6 17:49:04 2022, gain : daily_gain============================== start_time 
end_time : 1657101219, datetime : Wed Jul  6 17:53:39 2022, gain : daily_gain============================ end_time 
start_time : 1657101219, datetime : Wed Jul  6 17:53:39 2022, gain : daily_gain============================== start_time 
end_time : 1657101371, datetime : Wed Jul  6 17:56:11 2022, gain : daily_gain============================ end_time 
start_time : 1657101371, datetime : Wed Jul  6 17:56:11 2022, gain : daily_gain============================== start_time 
end_time : 1657101493, datetime : Wed Jul  6 17:58:13 2022, gain : daily_gain============================ end_time 
start_time : 1657101493, datetime : Wed Jul  6 17:58:13 2022, gain : daily_gain============================== start_time 
end_time : 1657101733, datetime : Wed Jul  6 18:02:13 2022, gain : daily_gain============================ end_time 
start_time : 1657101733, datetime : Wed Jul  6 18:02:13 2022, gain : daily_gain============================== start_time 
end_time : 1657102023, datetime : Wed Jul  6 18:07:03 2022, gain : daily_gain============================ end_time 
start_time : 1657102023, datetime : Wed Jul  6 18:07:03 2022, gain : daily_gain============================== start_time 
end_time : 1657102354, datetime : Wed Jul  6 18:12:34 2022, gain : daily_gain============================ end_time 
start_time : 1657102354, datetime : Wed Jul  6 18:12:34 2022, gain : daily_gain============================== start_time 
end_time : 1657102642, datetime : Wed Jul  6 18:17:22 2022, gain : daily_gain============================ end_time 
start_time : 1657102642, datetime : Wed Jul  6 18:17:22 2022, gain : daily_gain============================== start_time 
end_time : 1657102867, datetime : Wed Jul  6 18:21:07 2022, gain : daily_gain============================ end_time 
start_time : 1657102867, datetime : Wed Jul  6 18:21:07 2022, gain : daily_gain============================== start_time 
end_time : 1657103014, datetime : Wed Jul  6 18:23:34 2022, gain : daily_gain============================ end_time 
start_time : 1657103014, datetime : Wed Jul  6 18:23:34 2022, gain : daily_gain============================== start_time 
end_time : 1657103069, datetime : Wed Jul  6 18:24:29 2022, gain : daily_gain============================ end_time 
start_time : 1657103069, datetime : Wed Jul  6 18:24:29 2022, gain : daily_gain============================== start_time 
end_time : 1657103401, datetime : Wed Jul  6 18:30:01 2022, gain : daily_gain============================ end_time 
start_time : 1657103401, datetime : Wed Jul  6 18:30:01 2022, gain : daily_gain============================== start_time 
end_time : 1657103684, datetime : Wed Jul  6 18:34:44 2022, gain : daily_gain============================ end_time 
start_time : 1657555200, datetime : Tue Jul 12 00:00:00 2022, gain : daily_gain============================== start_time 
end_time : 1657634750, datetime : Tue Jul 12 22:05:50 2022, gain : daily_gain============================ end_time 
start_time : 1657555200, datetime : Tue Jul 12 00:00:00 2022, gain : daily_gain============================== start_time 
end_time : 1657634808, datetime : Tue Jul 12 22:06:48 2022, gain : daily_gain============================ end_time 
start_time : 1657634808, datetime : Tue Jul 12 22:06:48 2022, gain : daily_gain============================== start_time 
end_time : 1657635027, datetime : Tue Jul 12 22:10:27 2022, gain : daily_gain============================ end_time 
start_time : 1657635027, datetime : Tue Jul 12 22:10:27 2022, gain : daily_gain============================== start_time 
end_time : 1657635120, datetime : Tue Jul 12 22:12:00 2022, gain : daily_gain============================ end_time 
start_time : 1657635120, datetime : Tue Jul 12 22:12:00 2022, gain : daily_gain============================== start_time 
end_time : 1657635213, datetime : Tue Jul 12 22:13:33 2022, gain : daily_gain============================ end_time 
start_time : 1657635213, datetime : Tue Jul 12 22:13:33 2022, gain : daily_gain============================== start_time 
end_time : 1657635538, datetime : Tue Jul 12 22:18:58 2022, gain : daily_gain============================ end_time 
start_time : 1657635538, datetime : Tue Jul 12 22:18:58 2022, gain : daily_gain============================== start_time 
end_time : 1657635846, datetime : Tue Jul 12 22:24:06 2022, gain : daily_gain============================ end_time 
start_time : 1657635846, datetime : Tue Jul 12 22:24:06 2022, gain : daily_gain============================== start_time 
end_time : 1657636011, datetime : Tue Jul 12 22:26:51 2022, gain : daily_gain============================ end_time 
start_time : 1657636011, datetime : Tue Jul 12 22:26:51 2022, gain : daily_gain============================== start_time 
end_time : 1657636213, datetime : Tue Jul 12 22:30:13 2022, gain : daily_gain============================ end_time 
start_time : 1657636213, datetime : Tue Jul 12 22:30:13 2022, gain : daily_gain============================== start_time 
end_time : 1657636507, datetime : Tue Jul 12 22:35:07 2022, gain : daily_gain============================ end_time 
start_time : 1657636507, datetime : Tue Jul 12 22:35:07 2022, gain : daily_gain============================== start_time 
end_time : 1657636838, datetime : Tue Jul 12 22:40:38 2022, gain : daily_gain============================ end_time 
start_time : 1657636838, datetime : Tue Jul 12 22:40:38 2022, gain : daily_gain============================== start_time 
end_time : 1657637122, datetime : Tue Jul 12 22:45:22 2022, gain : daily_gain============================ end_time 
start_time : 1657637122, datetime : Tue Jul 12 22:45:22 2022, gain : daily_gain============================== start_time 
end_time : 1657637362, datetime : Tue Jul 12 22:49:22 2022, gain : daily_gain============================ end_time 
start_time : 1657637362, datetime : Tue Jul 12 22:49:22 2022, gain : daily_gain============================== start_time 
end_time : 1657637490, datetime : Tue Jul 12 22:51:30 2022, gain : daily_gain============================ end_time 
start_time : 1657637490, datetime : Tue Jul 12 22:51:30 2022, gain : daily_gain============================== start_time 
end_time : 1657637824, datetime : Tue Jul 12 22:57:04 2022, gain : daily_gain============================ end_time 
start_time : 1657637824, datetime : Tue Jul 12 22:57:04 2022, gain : daily_gain============================== start_time 
end_time : 1657637983, datetime : Tue Jul 12 22:59:43 2022, gain : daily_gain============================ end_time 
start_time : 1657637983, datetime : Tue Jul 12 22:59:43 2022, gain : daily_gain============================== start_time 
start_time : 1657641600, datetime : Wed Jul 13 00:00:00 2022, gain : daily_gain============================== start_time 
start_time : 1657641600, datetime : Wed Jul 13 00:00:00 2022, gain : daily_gain============================== start_time 
end_time : 1657677828, datetime : Wed Jul 13 10:03:48 2022, gain : daily_gain============================ end_time 
start_time : 1657641600, datetime : Wed Jul 13 00:00:00 2022, gain : daily_gain============================== start_time 
end_time : 1657677881, datetime : Wed Jul 13 10:04:41 2022, gain : daily_gain============================ end_time 
start_time : 1657677881, datetime : Wed Jul 13 10:04:41 2022, gain : daily_gain============================== start_time 
end_time : 1657677945, datetime : Wed Jul 13 10:05:45 2022, gain : daily_gain============================ end_time 
start_time : 1657641600, datetime : Wed Jul 13 00:00:00 2022, gain : daily_gain============================== start_time 
time: 2022-07-13 10:08:28.969896
name: 林夕, daily_gain: 10.17, monthly_gain: 9.96, symbol: https://xueqiu.com/P/ZH1719129, datetime: Wed Jul 13 09:26:26 2022
end_time : 1657678003, datetime : Wed Jul 13 10:06:43 2022, gain : daily_gain============================ end_time 
start_time : 1657678003, datetime : Wed Jul 13 10:06:43 2022, gain : daily_gain============================== start_time 
end_time : 1657678370, datetime : Wed Jul 13 10:12:50 2022, gain : daily_gain============================ end_time 
start_time : 1657678370, datetime : Wed Jul 13 10:12:50 2022, gain : daily_gain============================== start_time 
end_time : 1657678647, datetime : Wed Jul 13 10:17:27 2022, gain : daily_gain============================ end_time 
start_time : 1657678647, datetime : Wed Jul 13 10:17:27 2022, gain : daily_gain============================== start_time 
end_time : 1657678913, datetime : Wed Jul 13 10:21:53 2022, gain : daily_gain============================ end_time 
start_time : 1657678913, datetime : Wed Jul 13 10:21:53 2022, gain : daily_gain============================== start_time 
time: 2022-07-13 10:27:31.069907
name: 晨晨, daily_gain: 9.09, monthly_gain: 106.51, symbol: https://xueqiu.com/P/ZH2163940, datetime: Wed Jul 13 10:25:01 2022
end_time : 1657679141, datetime : Wed Jul 13 10:25:41 2022, gain : daily_gain============================ end_time 
start_time : 1657679141, datetime : Wed Jul 13 10:25:41 2022, gain : daily_gain============================== start_time 
end_time : 1657679227, datetime : Wed Jul 13 10:27:07 2022, gain : daily_gain============================ end_time 
start_time : 1657679227, datetime : Wed Jul 13 10:27:07 2022, gain : daily_gain============================== start_time 
end_time : 1657679355, datetime : Wed Jul 13 10:29:15 2022, gain : daily_gain============================ end_time 
start_time : 1657679355, datetime : Wed Jul 13 10:29:15 2022, gain : daily_gain============================== start_time 
end_time : 1657680575, datetime : Wed Jul 13 10:49:35 2022, gain : daily_gain============================ end_time 
start_time : 1657680575, datetime : Wed Jul 13 10:49:35 2022, gain : daily_gain============================== start_time 
end_time : 1657680753, datetime : Wed Jul 13 10:52:33 2022, gain : daily_gain============================ end_time 
start_time : 1657680753, datetime : Wed Jul 13 10:52:33 2022, gain : daily_gain============================== start_time 
end_time : 1657681068, datetime : Wed Jul 13 10:57:48 2022, gain : daily_gain============================ end_time 
start_time : 1657681068, datetime : Wed Jul 13 10:57:48 2022, gain : daily_gain============================== start_time 
end_time : 1657681205, datetime : Wed Jul 13 11:00:05 2022, gain : daily_gain============================ end_time 
start_time : 1657681205, datetime : Wed Jul 13 11:00:05 2022, gain : daily_gain============================== start_time 
end_time : 1657681436, datetime : Wed Jul 13 11:03:56 2022, gain : daily_gain============================ end_time 
start_time : 1657681436, datetime : Wed Jul 13 11:03:56 2022, gain : daily_gain============================== start_time 
end_time : 1657681558, datetime : Wed Jul 13 11:05:58 2022, gain : daily_gain============================ end_time 
start_time : 1657681558, datetime : Wed Jul 13 11:05:58 2022, gain : daily_gain============================== start_time 
end_time : 1657681757, datetime : Wed Jul 13 11:09:17 2022, gain : daily_gain============================ end_time 
start_time : 1657681757, datetime : Wed Jul 13 11:09:17 2022, gain : daily_gain============================== start_time 
end_time : 1657681910, datetime : Wed Jul 13 11:11:50 2022, gain : daily_gain============================ end_time 
start_time : 1657681910, datetime : Wed Jul 13 11:11:50 2022, gain : daily_gain============================== start_time 
end_time : 1657681959, datetime : Wed Jul 13 11:12:39 2022, gain : daily_gain============================ end_time 
start_time : 1657681959, datetime : Wed Jul 13 11:12:39 2022, gain : daily_gain============================== start_time 
end_time : 1657682146, datetime : Wed Jul 13 11:15:46 2022, gain : daily_gain============================ end_time 
start_time : 1657682146, datetime : Wed Jul 13 11:15:46 2022, gain : daily_gain============================== start_time 
end_time : 1657682371, datetime : Wed Jul 13 11:19:31 2022, gain : daily_gain============================ end_time 
start_time : 1657682371, datetime : Wed Jul 13 11:19:31 2022, gain : daily_gain============================== start_time 
end_time : 1657682501, datetime : Wed Jul 13 11:21:41 2022, gain : daily_gain============================ end_time 
start_time : 1657682501, datetime : Wed Jul 13 11:21:41 2022, gain : daily_gain============================== start_time 
end_time : 1657682805, datetime : Wed Jul 13 11:26:45 2022, gain : daily_gain============================ end_time 
start_time : 1657682805, datetime : Wed Jul 13 11:26:45 2022, gain : daily_gain============================== start_time 
end_time : 1657682893, datetime : Wed Jul 13 11:28:13 2022, gain : daily_gain============================ end_time 
start_time : 1657682893, datetime : Wed Jul 13 11:28:13 2022, gain : daily_gain============================== start_time 
end_time : 1657682956, datetime : Wed Jul 13 11:29:16 2022, gain : daily_gain============================ end_time 
start_time : 1657682956, datetime : Wed Jul 13 11:29:16 2022, gain : daily_gain============================== start_time 
end_time : 1657683158, datetime : Wed Jul 13 11:32:38 2022, gain : daily_gain============================ end_time 
start_time : 1657683158, datetime : Wed Jul 13 11:32:38 2022, gain : daily_gain============================== start_time 
end_time : 1657683402, datetime : Wed Jul 13 11:36:42 2022, gain : daily_gain============================ end_time 
start_time : 1657683402, datetime : Wed Jul 13 11:36:42 2022, gain : daily_gain============================== start_time 
end_time : 1657683563, datetime : Wed Jul 13 11:39:23 2022, gain : daily_gain============================ end_time 
start_time : 1657683563, datetime : Wed Jul 13 11:39:23 2022, gain : daily_gain============================== start_time 
end_time : 1657683889, datetime : Wed Jul 13 11:44:49 2022, gain : daily_gain============================ end_time 
start_time : 1657683889, datetime : Wed Jul 13 11:44:49 2022, gain : daily_gain============================== start_time 
end_time : 1657686194, datetime : Wed Jul 13 12:23:14 2022, gain : daily_gain============================ end_time 
start_time : 1657686194, datetime : Wed Jul 13 12:23:14 2022, gain : daily_gain============================== start_time 
end_time : 1657686264, datetime : Wed Jul 13 12:24:24 2022, gain : daily_gain============================ end_time 
start_time : 1657686264, datetime : Wed Jul 13 12:24:24 2022, gain : daily_gain============================== start_time 
end_time : 1657686355, datetime : Wed Jul 13 12:25:55 2022, gain : daily_gain============================ end_time 
start_time : 1657686355, datetime : Wed Jul 13 12:25:55 2022, gain : daily_gain============================== start_time 
end_time : 1657686410, datetime : Wed Jul 13 12:26:50 2022, gain : daily_gain============================ end_time 
start_time : 1657686410, datetime : Wed Jul 13 12:26:50 2022, gain : daily_gain============================== start_time 
end_time : 1657686739, datetime : Wed Jul 13 12:32:19 2022, gain : daily_gain============================ end_time 
start_time : 1657686739, datetime : Wed Jul 13 12:32:19 2022, gain : daily_gain============================== start_time 
end_time : 1657686821, datetime : Wed Jul 13 12:33:41 2022, gain : daily_gain============================ end_time 
start_time : 1657686821, datetime : Wed Jul 13 12:33:41 2022, gain : daily_gain============================== start_time 
end_time : 1657687106, datetime : Wed Jul 13 12:38:26 2022, gain : daily_gain============================ end_time 
start_time : 1657687106, datetime : Wed Jul 13 12:38:26 2022, gain : daily_gain============================== start_time 
end_time : 1657687318, datetime : Wed Jul 13 12:41:58 2022, gain : daily_gain============================ end_time 
start_time : 1657687318, datetime : Wed Jul 13 12:41:58 2022, gain : daily_gain============================== start_time 
end_time : 1657687595, datetime : Wed Jul 13 12:46:35 2022, gain : daily_gain============================ end_time 
start_time : 1657687595, datetime : Wed Jul 13 12:46:35 2022, gain : daily_gain============================== start_time 
end_time : 1657687759, datetime : Wed Jul 13 12:49:19 2022, gain : daily_gain============================ end_time 
start_time : 1657687759, datetime : Wed Jul 13 12:49:19 2022, gain : daily_gain============================== start_time 
end_time : 1657687805, datetime : Wed Jul 13 12:50:05 2022, gain : daily_gain============================ end_time 
start_time : 1657687805, datetime : Wed Jul 13 12:50:05 2022, gain : daily_gain============================== start_time 
end_time : 1657687878, datetime : Wed Jul 13 12:51:18 2022, gain : daily_gain============================ end_time 
start_time : 1657687878, datetime : Wed Jul 13 12:51:18 2022, gain : daily_gain============================== start_time 
end_time : 1657688109, datetime : Wed Jul 13 12:55:09 2022, gain : daily_gain============================ end_time 
start_time : 1657688109, datetime : Wed Jul 13 12:55:09 2022, gain : daily_gain============================== start_time 
end_time : 1657688296, datetime : Wed Jul 13 12:58:16 2022, gain : daily_gain============================ end_time 
start_time : 1657688296, datetime : Wed Jul 13 12:58:16 2022, gain : daily_gain============================== start_time 
end_time : 1657688481, datetime : Wed Jul 13 13:01:21 2022, gain : daily_gain============================ end_time 
start_time : 1657688481, datetime : Wed Jul 13 13:01:21 2022, gain : daily_gain============================== start_time 
end_time : 1657688560, datetime : Wed Jul 13 13:02:40 2022, gain : daily_gain============================ end_time 
start_time : 1657688560, datetime : Wed Jul 13 13:02:40 2022, gain : daily_gain============================== start_time 
end_time : 1657688770, datetime : Wed Jul 13 13:06:10 2022, gain : daily_gain============================ end_time 
start_time : 1657688770, datetime : Wed Jul 13 13:06:10 2022, gain : daily_gain============================== start_time 
end_time : 1657688837, datetime : Wed Jul 13 13:07:17 2022, gain : daily_gain============================ end_time 
start_time : 1657688837, datetime : Wed Jul 13 13:07:17 2022, gain : daily_gain============================== start_time 
end_time : 1657688943, datetime : Wed Jul 13 13:09:03 2022, gain : daily_gain============================ end_time 
start_time : 1657688943, datetime : Wed Jul 13 13:09:03 2022, gain : daily_gain============================== start_time 
end_time : 1657689025, datetime : Wed Jul 13 13:10:25 2022, gain : daily_gain============================ end_time 
start_time : 1657689025, datetime : Wed Jul 13 13:10:25 2022, gain : daily_gain============================== start_time 
end_time : 1657689093, datetime : Wed Jul 13 13:11:33 2022, gain : daily_gain============================ end_time 
start_time : 1657689093, datetime : Wed Jul 13 13:11:33 2022, gain : daily_gain============================== start_time 
end_time : 1657689364, datetime : Wed Jul 13 13:16:04 2022, gain : daily_gain============================ end_time 
start_time : 1657689364, datetime : Wed Jul 13 13:16:04 2022, gain : daily_gain============================== start_time 
end_time : 1657689689, datetime : Wed Jul 13 13:21:29 2022, gain : daily_gain============================ end_time 
start_time : 1657689689, datetime : Wed Jul 13 13:21:29 2022, gain : daily_gain============================== start_time 
end_time : 1657689895, datetime : Wed Jul 13 13:24:55 2022, gain : daily_gain============================ end_time 
start_time : 1657689895, datetime : Wed Jul 13 13:24:55 2022, gain : daily_gain============================== start_time 
end_time : 1657689949, datetime : Wed Jul 13 13:25:49 2022, gain : daily_gain============================ end_time 
start_time : 1657689949, datetime : Wed Jul 13 13:25:49 2022, gain : daily_gain============================== start_time 
end_time : 1657690179, datetime : Wed Jul 13 13:29:39 2022, gain : daily_gain============================ end_time 
start_time : 1657690179, datetime : Wed Jul 13 13:29:39 2022, gain : daily_gain============================== start_time 
end_time : 1657690282, datetime : Wed Jul 13 13:31:22 2022, gain : daily_gain============================ end_time 
start_time : 1657690282, datetime : Wed Jul 13 13:31:22 2022, gain : daily_gain============================== start_time 
end_time : 1657690625, datetime : Wed Jul 13 13:37:05 2022, gain : daily_gain============================ end_time 
start_time : 1657690625, datetime : Wed Jul 13 13:37:05 2022, gain : daily_gain============================== start_time 
end_time : 1657690699, datetime : Wed Jul 13 13:38:19 2022, gain : daily_gain============================ end_time 
start_time : 1657690699, datetime : Wed Jul 13 13:38:19 2022, gain : daily_gain============================== start_time 
end_time : 1657690780, datetime : Wed Jul 13 13:39:40 2022, gain : daily_gain============================ end_time 
start_time : 1657690780, datetime : Wed Jul 13 13:39:40 2022, gain : daily_gain============================== start_time 
end_time : 1657691014, datetime : Wed Jul 13 13:43:34 2022, gain : daily_gain============================ end_time 
start_time : 1657691014, datetime : Wed Jul 13 13:43:34 2022, gain : daily_gain============================== start_time 
end_time : 1657694627, datetime : Wed Jul 13 14:43:47 2022, gain : daily_gain============================ end_time 
start_time : 1657694627, datetime : Wed Jul 13 14:43:47 2022, gain : daily_gain============================== start_time 
end_time : 1657694958, datetime : Wed Jul 13 14:49:18 2022, gain : daily_gain============================ end_time 
start_time : 1657694958, datetime : Wed Jul 13 14:49:18 2022, gain : daily_gain============================== start_time 
end_time : 1657695274, datetime : Wed Jul 13 14:54:34 2022, gain : daily_gain============================ end_time 
start_time : 1657695274, datetime : Wed Jul 13 14:54:34 2022, gain : daily_gain============================== start_time 
end_time : 1657695372, datetime : Wed Jul 13 14:56:12 2022, gain : daily_gain============================ end_time 
start_time : 1657695372, datetime : Wed Jul 13 14:56:12 2022, gain : daily_gain============================== start_time 
end_time : 1657695514, datetime : Wed Jul 13 14:58:34 2022, gain : daily_gain============================ end_time 
start_time : 1657695514, datetime : Wed Jul 13 14:58:34 2022, gain : daily_gain============================== start_time 
end_time : 1657695689, datetime : Wed Jul 13 15:01:29 2022, gain : daily_gain============================ end_time 
start_time : 1657695689, datetime : Wed Jul 13 15:01:29 2022, gain : daily_gain============================== start_time 
end_time : 1657695941, datetime : Wed Jul 13 15:05:41 2022, gain : daily_gain============================ end_time 
start_time : 1657695941, datetime : Wed Jul 13 15:05:41 2022, gain : daily_gain============================== start_time 
end_time : 1657696237, datetime : Wed Jul 13 15:10:37 2022, gain : daily_gain============================ end_time 
start_time : 1657696237, datetime : Wed Jul 13 15:10:37 2022, gain : daily_gain============================== start_time 
end_time : 1657696365, datetime : Wed Jul 13 15:12:45 2022, gain : daily_gain============================ end_time 
start_time : 1657696365, datetime : Wed Jul 13 15:12:45 2022, gain : daily_gain============================== start_time 
end_time : 1657696595, datetime : Wed Jul 13 15:16:35 2022, gain : daily_gain============================ end_time 
start_time : 1657696595, datetime : Wed Jul 13 15:16:35 2022, gain : daily_gain============================== start_time 
end_time : 1657696864, datetime : Wed Jul 13 15:21:04 2022, gain : daily_gain============================ end_time 
start_time : 1657696864, datetime : Wed Jul 13 15:21:04 2022, gain : daily_gain============================== start_time 
end_time : 1657697180, datetime : Wed Jul 13 15:26:20 2022, gain : daily_gain============================ end_time 
start_time : 1657697180, datetime : Wed Jul 13 15:26:20 2022, gain : daily_gain============================== start_time 
end_time : 1657704713, datetime : Wed Jul 13 17:31:53 2022, gain : daily_gain============================ end_time 
start_time : 1657704713, datetime : Wed Jul 13 17:31:53 2022, gain : daily_gain============================== start_time 
end_time : 1657704814, datetime : Wed Jul 13 17:33:34 2022, gain : daily_gain============================ end_time 
start_time : 1657704814, datetime : Wed Jul 13 17:33:34 2022, gain : daily_gain============================== start_time 
end_time : 1657704967, datetime : Wed Jul 13 17:36:07 2022, gain : daily_gain============================ end_time 
start_time : 1657704967, datetime : Wed Jul 13 17:36:07 2022, gain : daily_gain============================== start_time 
end_time : 1657705203, datetime : Wed Jul 13 17:40:03 2022, gain : daily_gain============================ end_time 
start_time : 1657705203, datetime : Wed Jul 13 17:40:03 2022, gain : daily_gain============================== start_time 
end_time : 1657705266, datetime : Wed Jul 13 17:41:06 2022, gain : daily_gain============================ end_time 
start_time : 1657705266, datetime : Wed Jul 13 17:41:06 2022, gain : daily_gain============================== start_time 
end_time : 1657705552, datetime : Wed Jul 13 17:45:52 2022, gain : daily_gain============================ end_time 
start_time : 1657705552, datetime : Wed Jul 13 17:45:52 2022, gain : daily_gain============================== start_time 
end_time : 1657705756, datetime : Wed Jul 13 17:49:16 2022, gain : daily_gain============================ end_time 
start_time : 1657705756, datetime : Wed Jul 13 17:49:16 2022, gain : daily_gain============================== start_time 
end_time : 1657706060, datetime : Wed Jul 13 17:54:20 2022, gain : daily_gain============================ end_time 
start_time : 1657706060, datetime : Wed Jul 13 17:54:20 2022, gain : daily_gain============================== start_time 
end_time : 1657706206, datetime : Wed Jul 13 17:56:46 2022, gain : daily_gain============================ end_time 
start_time : 1657706206, datetime : Wed Jul 13 17:56:46 2022, gain : daily_gain============================== start_time 
end_time : 1657706376, datetime : Wed Jul 13 17:59:36 2022, gain : daily_gain============================ end_time 
start_time : 1657706376, datetime : Wed Jul 13 17:59:36 2022, gain : daily_gain============================== start_time 
end_time : 1657706463, datetime : Wed Jul 13 18:01:03 2022, gain : daily_gain============================ end_time 
start_time : 1657706463, datetime : Wed Jul 13 18:01:03 2022, gain : daily_gain============================== start_time 
end_time : 1657706606, datetime : Wed Jul 13 18:03:26 2022, gain : daily_gain============================ end_time 
start_time : 1657706606, datetime : Wed Jul 13 18:03:26 2022, gain : daily_gain============================== start_time 
end_time : 1657706853, datetime : Wed Jul 13 18:07:33 2022, gain : daily_gain============================ end_time 
start_time : 1657706853, datetime : Wed Jul 13 18:07:33 2022, gain : daily_gain============================== start_time 
end_time : 1657707157, datetime : Wed Jul 13 18:12:37 2022, gain : daily_gain============================ end_time 
start_time : 1657707157, datetime : Wed Jul 13 18:12:37 2022, gain : daily_gain============================== start_time 
start_time : 1658160000, datetime : Tue Jul 19 00:00:00 2022, gain : daily_gain============================== start_time 
start_time : 1658160000, datetime : Tue Jul 19 00:00:00 2022, gain : daily_gain============================== start_time 
end_time : 1658195730, datetime : Tue Jul 19 09:55:30 2022, gain : daily_gain============================ end_time 
end_time : 1658195733, datetime : Tue Jul 19 09:55:33 2022, gain : daily_gain============================ end_time 
start_time : 1658160000, datetime : Tue Jul 19 00:00:00 2022, gain : daily_gain============================== start_time 
start_time : 1658160000, datetime : Tue Jul 19 00:00:00 2022, gain : daily_gain============================== start_time 
end_time : 1658195957, datetime : Tue Jul 19 09:59:17 2022, gain : daily_gain============================ end_time 
end_time : 1658195958, datetime : Tue Jul 19 09:59:18 2022, gain : daily_gain============================ end_time 
start_time : 1658160000, datetime : Tue Jul 19 00:00:00 2022, gain : daily_gain============================== start_time 
start_time : 1658160000, datetime : Tue Jul 19 00:00:00 2022, gain : daily_gain============================== start_time 
end_time : 1658196098, datetime : Tue Jul 19 10:01:38 2022, gain : daily_gain============================ end_time 
end_time : 1658196099, datetime : Tue Jul 19 10:01:39 2022, gain : daily_gain============================ end_time 
start_time : 1659456000, datetime : Wed Aug  3 00:00:00 2022, gain : daily_gain============================== start_time 
