start_time : 1656604800, datetime : Fri Jul  1 00:00:00 2022, gain : annualized_gain_rate============================== start_time 
time: 2022-07-01 09:24:47.187414
name: 你吹啥我都信, daily_gain: 0.0, monthly_gain: 21.02, symbol: https://xueqiu.com/P/ZH2512650, datetime: Fri Jul  1 09:20:37 2022
time: 2022-07-01 09:24:52.517590
name: 西游记组合, daily_gain: -1.25, monthly_gain: 0.47, symbol: https://xueqiu.com/P/ZH2964614, datetime: Fri Jul  1 09:07:54 2022
end_time : 1656638577, datetime : Fri Jul  1 09:22:57 2022, gain : annualized_gain_rate============================ end_time 
start_time : 1656638577, datetime : Fri Jul  1 09:22:57 2022, gain : annualized_gain_rate============================== start_time 
end_time : 1656638763, datetime : Fri Jul  1 09:26:03 2022, gain : annualized_gain_rate============================ end_time 
start_time : 1656604800, datetime : Fri Jul  1 00:00:00 2022, gain : annualized_gain_rate============================== start_time 
time: 2022-07-01 09:33:44.682810
name: 不确定不交易, daily_gain: -1.14, monthly_gain: 29.31, symbol: https://xueqiu.com/P/ZH2514120, datetime: Fri Jul  1 09:30:08 2022
end_time : 1656639116, datetime : Fri Jul  1 09:31:56 2022, gain : annualized_gain_rate============================ end_time 
start_time : 1656639116, datetime : Fri Jul  1 09:31:56 2022, gain : annualized_gain_rate============================== start_time 
end_time : 1656639401, datetime : Fri Jul  1 09:36:41 2022, gain : annualized_gain_rate============================ end_time 
start_time : 1656604800, datetime : Fri Jul  1 00:00:00 2022, gain : annualized_gain_rate============================== start_time 
end_time : 1656639480, datetime : Fri Jul  1 09:38:00 2022, gain : annualized_gain_rate============================ end_time 
start_time : 1656639480, datetime : Fri Jul  1 09:38:00 2022, gain : annualized_gain_rate============================== start_time 
end_time : 1656639629, datetime : Fri Jul  1 09:40:29 2022, gain : annualized_gain_rate============================ end_time 
start_time : 1656639401, datetime : Fri Jul  1 09:36:41 2022, gain : annualized_gain_rate============================== start_time 
end_time : 1656639747, datetime : Fri Jul  1 09:42:27 2022, gain : annualized_gain_rate============================ end_time 
start_time : 1656639629, datetime : Fri Jul  1 09:40:29 2022, gain : annualized_gain_rate============================== start_time 
end_time : 1656639789, datetime : Fri Jul  1 09:43:09 2022, gain : annualized_gain_rate============================ end_time 
start_time : 1656639789, datetime : Fri Jul  1 09:43:09 2022, gain : annualized_gain_rate============================== start_time 
end_time : 1656639973, datetime : Fri Jul  1 09:46:13 2022, gain : annualized_gain_rate============================ end_time 
start_time : 1656639747, datetime : Fri Jul  1 09:42:27 2022, gain : annualized_gain_rate============================== start_time 
start_time : 1656639973, datetime : Fri Jul  1 09:46:13 2022, gain : annualized_gain_rate============================== start_time 
time: 2022-07-01 09:49:15.837552
name: 不确定不交易, daily_gain: -2.17, monthly_gain: 27.96, symbol: https://xueqiu.com/P/ZH2514120, datetime: Fri Jul  1 09:47:24 2022
end_time : 1656640043, datetime : Fri Jul  1 09:47:23 2022, gain : annualized_gain_rate============================ end_time 
start_time : 1656640043, datetime : Fri Jul  1 09:47:23 2022, gain : annualized_gain_rate============================== start_time 
time: 2022-07-01 09:53:09.640184
name: 不确定不交易, daily_gain: -2.87, monthly_gain: 27.04, symbol: https://xueqiu.com/P/ZH2514120, datetime: Fri Jul  1 09:47:24 2022
end_time : 1656640277, datetime : Fri Jul  1 09:51:17 2022, gain : annualized_gain_rate============================ end_time 
start_time : 1656640277, datetime : Fri Jul  1 09:51:17 2022, gain : annualized_gain_rate============================== start_time 
time: 2022-07-01 09:54:45.500285
name: 不确定不交易, daily_gain: -3.45, monthly_gain: 26.28, symbol: https://xueqiu.com/P/ZH2514120, datetime: Fri Jul  1 09:53:52 2022
end_time : 1656640372, datetime : Fri Jul  1 09:52:52 2022, gain : annualized_gain_rate============================ end_time 
start_time : 1656640372, datetime : Fri Jul  1 09:52:52 2022, gain : annualized_gain_rate============================== start_time 
time: 2022-07-01 09:59:45.544565
name: 不确定不交易, daily_gain: -3.41, monthly_gain: 26.34, symbol: https://xueqiu.com/P/ZH2514120, datetime: Fri Jul  1 09:58:05 2022
end_time : 1656640674, datetime : Fri Jul  1 09:57:54 2022, gain : annualized_gain_rate============================ end_time 
start_time : 1656640674, datetime : Fri Jul  1 09:57:54 2022, gain : annualized_gain_rate============================== start_time 
end_time : 1656640814, datetime : Fri Jul  1 10:00:14 2022, gain : annualized_gain_rate============================ end_time 
start_time : 1656640814, datetime : Fri Jul  1 10:00:14 2022, gain : annualized_gain_rate============================== start_time 
end_time : 1656641041, datetime : Fri Jul  1 10:04:01 2022, gain : annualized_gain_rate============================ end_time 
start_time : 1656641041, datetime : Fri Jul  1 10:04:01 2022, gain : annualized_gain_rate============================== start_time 
end_time : 1656641200, datetime : Fri Jul  1 10:06:40 2022, gain : annualized_gain_rate============================ end_time 
start_time : 1656641200, datetime : Fri Jul  1 10:06:40 2022, gain : annualized_gain_rate============================== start_time 
end_time : 1656641316, datetime : Fri Jul  1 10:08:36 2022, gain : annualized_gain_rate============================ end_time 
start_time : 1656641316, datetime : Fri Jul  1 10:08:36 2022, gain : annualized_gain_rate============================== start_time 
end_time : 1656641556, datetime : Fri Jul  1 10:12:36 2022, gain : annualized_gain_rate============================ end_time 
start_time : 1656641556, datetime : Fri Jul  1 10:12:36 2022, gain : annualized_gain_rate============================== start_time 
end_time : 1656641640, datetime : Fri Jul  1 10:14:00 2022, gain : annualized_gain_rate============================ end_time 
start_time : 1656641640, datetime : Fri Jul  1 10:14:00 2022, gain : annualized_gain_rate============================== start_time 
end_time : 1656641769, datetime : Fri Jul  1 10:16:09 2022, gain : annualized_gain_rate============================ end_time 
start_time : 1656641769, datetime : Fri Jul  1 10:16:09 2022, gain : annualized_gain_rate============================== start_time 
end_time : 1656641917, datetime : Fri Jul  1 10:18:37 2022, gain : annualized_gain_rate============================ end_time 
start_time : 1656641917, datetime : Fri Jul  1 10:18:37 2022, gain : annualized_gain_rate============================== start_time 
end_time : 1656642041, datetime : Fri Jul  1 10:20:41 2022, gain : annualized_gain_rate============================ end_time 
start_time : 1656642041, datetime : Fri Jul  1 10:20:41 2022, gain : annualized_gain_rate============================== start_time 
end_time : 1656642147, datetime : Fri Jul  1 10:22:27 2022, gain : annualized_gain_rate============================ end_time 
start_time : 1656642147, datetime : Fri Jul  1 10:22:27 2022, gain : annualized_gain_rate============================== start_time 
end_time : 1656642249, datetime : Fri Jul  1 10:24:09 2022, gain : annualized_gain_rate============================ end_time 
start_time : 1656642249, datetime : Fri Jul  1 10:24:09 2022, gain : annualized_gain_rate============================== start_time 
end_time : 1656642592, datetime : Fri Jul  1 10:29:52 2022, gain : annualized_gain_rate============================ end_time 
start_time : 1656642592, datetime : Fri Jul  1 10:29:52 2022, gain : annualized_gain_rate============================== start_time 
end_time : 1656642838, datetime : Fri Jul  1 10:33:58 2022, gain : annualized_gain_rate============================ end_time 
start_time : 1656642838, datetime : Fri Jul  1 10:33:58 2022, gain : annualized_gain_rate============================== start_time 
end_time : 1656643170, datetime : Fri Jul  1 10:39:30 2022, gain : annualized_gain_rate============================ end_time 
start_time : 1656643170, datetime : Fri Jul  1 10:39:30 2022, gain : annualized_gain_rate============================== start_time 
end_time : 1656643386, datetime : Fri Jul  1 10:43:06 2022, gain : annualized_gain_rate============================ end_time 
start_time : 1656643386, datetime : Fri Jul  1 10:43:06 2022, gain : annualized_gain_rate============================== start_time 
end_time : 1656643477, datetime : Fri Jul  1 10:44:37 2022, gain : annualized_gain_rate============================ end_time 
start_time : 1656643477, datetime : Fri Jul  1 10:44:37 2022, gain : annualized_gain_rate============================== start_time 
end_time : 1656643718, datetime : Fri Jul  1 10:48:38 2022, gain : annualized_gain_rate============================ end_time 
start_time : 1656643718, datetime : Fri Jul  1 10:48:38 2022, gain : annualized_gain_rate============================== start_time 
end_time : 1656643989, datetime : Fri Jul  1 10:53:09 2022, gain : annualized_gain_rate============================ end_time 
start_time : 1656643989, datetime : Fri Jul  1 10:53:09 2022, gain : annualized_gain_rate============================== start_time 
end_time : 1656644117, datetime : Fri Jul  1 10:55:17 2022, gain : annualized_gain_rate============================ end_time 
start_time : 1656644117, datetime : Fri Jul  1 10:55:17 2022, gain : annualized_gain_rate============================== start_time 
end_time : 1656644345, datetime : Fri Jul  1 10:59:05 2022, gain : annualized_gain_rate============================ end_time 
start_time : 1656644345, datetime : Fri Jul  1 10:59:05 2022, gain : annualized_gain_rate============================== start_time 
end_time : 1656644511, datetime : Fri Jul  1 11:01:51 2022, gain : annualized_gain_rate============================ end_time 
start_time : 1656644511, datetime : Fri Jul  1 11:01:51 2022, gain : annualized_gain_rate============================== start_time 
end_time : 1656644808, datetime : Fri Jul  1 11:06:48 2022, gain : annualized_gain_rate============================ end_time 
start_time : 1656644808, datetime : Fri Jul  1 11:06:48 2022, gain : annualized_gain_rate============================== start_time 
end_time : 1656644954, datetime : Fri Jul  1 11:09:14 2022, gain : annualized_gain_rate============================ end_time 
start_time : 1656644954, datetime : Fri Jul  1 11:09:14 2022, gain : annualized_gain_rate============================== start_time 
end_time : 1656645127, datetime : Fri Jul  1 11:12:07 2022, gain : annualized_gain_rate============================ end_time 
start_time : 1656645127, datetime : Fri Jul  1 11:12:07 2022, gain : annualized_gain_rate============================== start_time 
end_time : 1656645196, datetime : Fri Jul  1 11:13:16 2022, gain : annualized_gain_rate============================ end_time 
start_time : 1656645196, datetime : Fri Jul  1 11:13:16 2022, gain : annualized_gain_rate============================== start_time 
end_time : 1656645268, datetime : Fri Jul  1 11:14:28 2022, gain : annualized_gain_rate============================ end_time 
start_time : 1656645268, datetime : Fri Jul  1 11:14:28 2022, gain : annualized_gain_rate============================== start_time 
end_time : 1656645343, datetime : Fri Jul  1 11:15:43 2022, gain : annualized_gain_rate============================ end_time 
start_time : 1656645343, datetime : Fri Jul  1 11:15:43 2022, gain : annualized_gain_rate============================== start_time 
end_time : 1656645667, datetime : Fri Jul  1 11:21:07 2022, gain : annualized_gain_rate============================ end_time 
start_time : 1656645667, datetime : Fri Jul  1 11:21:07 2022, gain : annualized_gain_rate============================== start_time 
end_time : 1656645841, datetime : Fri Jul  1 11:24:01 2022, gain : annualized_gain_rate============================ end_time 
start_time : 1656645841, datetime : Fri Jul  1 11:24:01 2022, gain : annualized_gain_rate============================== start_time 
end_time : 1656646160, datetime : Fri Jul  1 11:29:20 2022, gain : annualized_gain_rate============================ end_time 
start_time : 1656646160, datetime : Fri Jul  1 11:29:20 2022, gain : annualized_gain_rate============================== start_time 
end_time : 1656646383, datetime : Fri Jul  1 11:33:03 2022, gain : annualized_gain_rate============================ end_time 
start_time : 1656646383, datetime : Fri Jul  1 11:33:03 2022, gain : annualized_gain_rate============================== start_time 
end_time : 1656646488, datetime : Fri Jul  1 11:34:48 2022, gain : annualized_gain_rate============================ end_time 
start_time : 1656646488, datetime : Fri Jul  1 11:34:48 2022, gain : annualized_gain_rate============================== start_time 
end_time : 1656646674, datetime : Fri Jul  1 11:37:54 2022, gain : annualized_gain_rate============================ end_time 
start_time : 1656646674, datetime : Fri Jul  1 11:37:54 2022, gain : annualized_gain_rate============================== start_time 
end_time : 1656647002, datetime : Fri Jul  1 11:43:22 2022, gain : annualized_gain_rate============================ end_time 
start_time : 1656647002, datetime : Fri Jul  1 11:43:22 2022, gain : annualized_gain_rate============================== start_time 
end_time : 1656647247, datetime : Fri Jul  1 11:47:27 2022, gain : annualized_gain_rate============================ end_time 
start_time : 1656647247, datetime : Fri Jul  1 11:47:27 2022, gain : annualized_gain_rate============================== start_time 
end_time : 1656647567, datetime : Fri Jul  1 11:52:47 2022, gain : annualized_gain_rate============================ end_time 
start_time : 1656647567, datetime : Fri Jul  1 11:52:47 2022, gain : annualized_gain_rate============================== start_time 
end_time : 1656647798, datetime : Fri Jul  1 11:56:38 2022, gain : annualized_gain_rate============================ end_time 
start_time : 1656647798, datetime : Fri Jul  1 11:56:38 2022, gain : annualized_gain_rate============================== start_time 
end_time : 1656648017, datetime : Fri Jul  1 12:00:17 2022, gain : annualized_gain_rate============================ end_time 
start_time : 1656648017, datetime : Fri Jul  1 12:00:17 2022, gain : annualized_gain_rate============================== start_time 
end_time : 1656648155, datetime : Fri Jul  1 12:02:35 2022, gain : annualized_gain_rate============================ end_time 
start_time : 1656648155, datetime : Fri Jul  1 12:02:35 2022, gain : annualized_gain_rate============================== start_time 
end_time : 1656648347, datetime : Fri Jul  1 12:05:47 2022, gain : annualized_gain_rate============================ end_time 
start_time : 1656648347, datetime : Fri Jul  1 12:05:47 2022, gain : annualized_gain_rate============================== start_time 
end_time : 1656648537, datetime : Fri Jul  1 12:08:57 2022, gain : annualized_gain_rate============================ end_time 
start_time : 1656648537, datetime : Fri Jul  1 12:08:57 2022, gain : annualized_gain_rate============================== start_time 
end_time : 1656648752, datetime : Fri Jul  1 12:12:32 2022, gain : annualized_gain_rate============================ end_time 
start_time : 1656648752, datetime : Fri Jul  1 12:12:32 2022, gain : annualized_gain_rate============================== start_time 
end_time : 1656648961, datetime : Fri Jul  1 12:16:01 2022, gain : annualized_gain_rate============================ end_time 
start_time : 1656648961, datetime : Fri Jul  1 12:16:01 2022, gain : annualized_gain_rate============================== start_time 
end_time : 1656649284, datetime : Fri Jul  1 12:21:24 2022, gain : annualized_gain_rate============================ end_time 
start_time : 1656649284, datetime : Fri Jul  1 12:21:24 2022, gain : annualized_gain_rate============================== start_time 
end_time : 1656649590, datetime : Fri Jul  1 12:26:30 2022, gain : annualized_gain_rate============================ end_time 
start_time : 1656649590, datetime : Fri Jul  1 12:26:30 2022, gain : annualized_gain_rate============================== start_time 
end_time : 1656649886, datetime : Fri Jul  1 12:31:26 2022, gain : annualized_gain_rate============================ end_time 
start_time : 1656649886, datetime : Fri Jul  1 12:31:26 2022, gain : annualized_gain_rate============================== start_time 
end_time : 1656650114, datetime : Fri Jul  1 12:35:14 2022, gain : annualized_gain_rate============================ end_time 
start_time : 1656650114, datetime : Fri Jul  1 12:35:14 2022, gain : annualized_gain_rate============================== start_time 
end_time : 1656650216, datetime : Fri Jul  1 12:36:56 2022, gain : annualized_gain_rate============================ end_time 
start_time : 1656650216, datetime : Fri Jul  1 12:36:56 2022, gain : annualized_gain_rate============================== start_time 
end_time : 1656650356, datetime : Fri Jul  1 12:39:16 2022, gain : annualized_gain_rate============================ end_time 
start_time : 1656650356, datetime : Fri Jul  1 12:39:16 2022, gain : annualized_gain_rate============================== start_time 
end_time : 1656650479, datetime : Fri Jul  1 12:41:19 2022, gain : annualized_gain_rate============================ end_time 
start_time : 1656650479, datetime : Fri Jul  1 12:41:19 2022, gain : annualized_gain_rate============================== start_time 
end_time : 1656650693, datetime : Fri Jul  1 12:44:53 2022, gain : annualized_gain_rate============================ end_time 
start_time : 1656650693, datetime : Fri Jul  1 12:44:53 2022, gain : annualized_gain_rate============================== start_time 
end_time : 1656650775, datetime : Fri Jul  1 12:46:15 2022, gain : annualized_gain_rate============================ end_time 
start_time : 1656650775, datetime : Fri Jul  1 12:46:15 2022, gain : annualized_gain_rate============================== start_time 
end_time : 1656651085, datetime : Fri Jul  1 12:51:25 2022, gain : annualized_gain_rate============================ end_time 
start_time : 1656651085, datetime : Fri Jul  1 12:51:25 2022, gain : annualized_gain_rate============================== start_time 
end_time : 1656651139, datetime : Fri Jul  1 12:52:19 2022, gain : annualized_gain_rate============================ end_time 
start_time : 1656651139, datetime : Fri Jul  1 12:52:19 2022, gain : annualized_gain_rate============================== start_time 
end_time : 1656651249, datetime : Fri Jul  1 12:54:09 2022, gain : annualized_gain_rate============================ end_time 
start_time : 1656651249, datetime : Fri Jul  1 12:54:09 2022, gain : annualized_gain_rate============================== start_time 
end_time : 1656651385, datetime : Fri Jul  1 12:56:25 2022, gain : annualized_gain_rate============================ end_time 
start_time : 1656651385, datetime : Fri Jul  1 12:56:25 2022, gain : annualized_gain_rate============================== start_time 
end_time : 1656651712, datetime : Fri Jul  1 13:01:52 2022, gain : annualized_gain_rate============================ end_time 
start_time : 1656651712, datetime : Fri Jul  1 13:01:52 2022, gain : annualized_gain_rate============================== start_time 
end_time : 1656652015, datetime : Fri Jul  1 13:06:55 2022, gain : annualized_gain_rate============================ end_time 
start_time : 1656652015, datetime : Fri Jul  1 13:06:55 2022, gain : annualized_gain_rate============================== start_time 
end_time : 1656652233, datetime : Fri Jul  1 13:10:33 2022, gain : annualized_gain_rate============================ end_time 
start_time : 1656652233, datetime : Fri Jul  1 13:10:33 2022, gain : annualized_gain_rate============================== start_time 
end_time : 1656652500, datetime : Fri Jul  1 13:15:00 2022, gain : annualized_gain_rate============================ end_time 
start_time : 1656652500, datetime : Fri Jul  1 13:15:00 2022, gain : annualized_gain_rate============================== start_time 
end_time : 1656652610, datetime : Fri Jul  1 13:16:50 2022, gain : annualized_gain_rate============================ end_time 
start_time : 1656864000, datetime : Mon Jul  4 00:00:00 2022, gain : annualized_gain_rate============================== start_time 
end_time : 1656945612, datetime : Mon Jul  4 22:40:12 2022, gain : annualized_gain_rate============================ end_time 
start_time : 1656864000, datetime : Mon Jul  4 00:00:00 2022, gain : annualized_gain_rate============================== start_time 
time: 2022-07-04 22:43:06.692513
name: 不确定不交易, daily_gain: 2.93, monthly_gain: 26.58, symbol: https://xueqiu.com/P/ZH2514120, datetime: Mon Jul  4 14:55:04 2022
end_time : 1656945685, datetime : Mon Jul  4 22:41:25 2022, gain : annualized_gain_rate============================ end_time 
start_time : 1656945685, datetime : Mon Jul  4 22:41:25 2022, gain : annualized_gain_rate============================== start_time 
end_time : 1656945758, datetime : Mon Jul  4 22:42:38 2022, gain : annualized_gain_rate============================ end_time 
start_time : 1657036800, datetime : Wed Jul  6 00:00:00 2022, gain : annualized_gain_rate============================== start_time 
end_time : 1657080755, datetime : Wed Jul  6 12:12:35 2022, gain : annualized_gain_rate============================ end_time 
start_time : 1657080755, datetime : Wed Jul  6 12:12:35 2022, gain : annualized_gain_rate============================== start_time 
end_time : 1657081036, datetime : Wed Jul  6 12:17:16 2022, gain : annualized_gain_rate============================ end_time 
start_time : 1657081036, datetime : Wed Jul  6 12:17:16 2022, gain : annualized_gain_rate============================== start_time 
end_time : 1657081355, datetime : Wed Jul  6 12:22:35 2022, gain : annualized_gain_rate============================ end_time 
start_time : 1657081355, datetime : Wed Jul  6 12:22:35 2022, gain : annualized_gain_rate============================== start_time 
end_time : 1657081506, datetime : Wed Jul  6 12:25:06 2022, gain : annualized_gain_rate============================ end_time 
start_time : 1657081506, datetime : Wed Jul  6 12:25:06 2022, gain : annualized_gain_rate============================== start_time 
end_time : 1657081794, datetime : Wed Jul  6 12:29:54 2022, gain : annualized_gain_rate============================ end_time 
start_time : 1657081794, datetime : Wed Jul  6 12:29:54 2022, gain : annualized_gain_rate============================== start_time 
end_time : 1657081883, datetime : Wed Jul  6 12:31:23 2022, gain : annualized_gain_rate============================ end_time 
start_time : 1657081883, datetime : Wed Jul  6 12:31:23 2022, gain : annualized_gain_rate============================== start_time 
end_time : 1657082020, datetime : Wed Jul  6 12:33:40 2022, gain : annualized_gain_rate============================ end_time 
start_time : 1657082020, datetime : Wed Jul  6 12:33:40 2022, gain : annualized_gain_rate============================== start_time 
end_time : 1657082191, datetime : Wed Jul  6 12:36:31 2022, gain : annualized_gain_rate============================ end_time 
start_time : 1657082191, datetime : Wed Jul  6 12:36:31 2022, gain : annualized_gain_rate============================== start_time 
end_time : 1657082319, datetime : Wed Jul  6 12:38:39 2022, gain : annualized_gain_rate============================ end_time 
start_time : 1657082319, datetime : Wed Jul  6 12:38:39 2022, gain : annualized_gain_rate============================== start_time 
end_time : 1657082459, datetime : Wed Jul  6 12:40:59 2022, gain : annualized_gain_rate============================ end_time 
start_time : 1657082459, datetime : Wed Jul  6 12:40:59 2022, gain : annualized_gain_rate============================== start_time 
end_time : 1657082594, datetime : Wed Jul  6 12:43:14 2022, gain : annualized_gain_rate============================ end_time 
start_time : 1657082594, datetime : Wed Jul  6 12:43:14 2022, gain : annualized_gain_rate============================== start_time 
end_time : 1657082922, datetime : Wed Jul  6 12:48:42 2022, gain : annualized_gain_rate============================ end_time 
start_time : 1657082922, datetime : Wed Jul  6 12:48:42 2022, gain : annualized_gain_rate============================== start_time 
end_time : 1657083039, datetime : Wed Jul  6 12:50:39 2022, gain : annualized_gain_rate============================ end_time 
start_time : 1657083039, datetime : Wed Jul  6 12:50:39 2022, gain : annualized_gain_rate============================== start_time 
end_time : 1657083188, datetime : Wed Jul  6 12:53:08 2022, gain : annualized_gain_rate============================ end_time 
start_time : 1657083188, datetime : Wed Jul  6 12:53:08 2022, gain : annualized_gain_rate============================== start_time 
end_time : 1657083395, datetime : Wed Jul  6 12:56:35 2022, gain : annualized_gain_rate============================ end_time 
start_time : 1657083395, datetime : Wed Jul  6 12:56:35 2022, gain : annualized_gain_rate============================== start_time 
end_time : 1657083483, datetime : Wed Jul  6 12:58:03 2022, gain : annualized_gain_rate============================ end_time 
start_time : 1657083483, datetime : Wed Jul  6 12:58:03 2022, gain : annualized_gain_rate============================== start_time 
end_time : 1657083695, datetime : Wed Jul  6 13:01:35 2022, gain : annualized_gain_rate============================ end_time 
start_time : 1657083695, datetime : Wed Jul  6 13:01:35 2022, gain : annualized_gain_rate============================== start_time 
end_time : 1657083998, datetime : Wed Jul  6 13:06:38 2022, gain : annualized_gain_rate============================ end_time 
start_time : 1657083998, datetime : Wed Jul  6 13:06:38 2022, gain : annualized_gain_rate============================== start_time 
end_time : 1657084239, datetime : Wed Jul  6 13:10:39 2022, gain : annualized_gain_rate============================ end_time 
start_time : 1657084239, datetime : Wed Jul  6 13:10:39 2022, gain : annualized_gain_rate============================== start_time 
end_time : 1657084418, datetime : Wed Jul  6 13:13:38 2022, gain : annualized_gain_rate============================ end_time 
start_time : 1657084418, datetime : Wed Jul  6 13:13:38 2022, gain : annualized_gain_rate============================== start_time 
end_time : 1657084618, datetime : Wed Jul  6 13:16:58 2022, gain : annualized_gain_rate============================ end_time 
start_time : 1657084618, datetime : Wed Jul  6 13:16:58 2022, gain : annualized_gain_rate============================== start_time 
end_time : 1657084895, datetime : Wed Jul  6 13:21:35 2022, gain : annualized_gain_rate============================ end_time 
start_time : 1657084895, datetime : Wed Jul  6 13:21:35 2022, gain : annualized_gain_rate============================== start_time 
end_time : 1657085205, datetime : Wed Jul  6 13:26:45 2022, gain : annualized_gain_rate============================ end_time 
start_time : 1657085205, datetime : Wed Jul  6 13:26:45 2022, gain : annualized_gain_rate============================== start_time 
end_time : 1657085407, datetime : Wed Jul  6 13:30:07 2022, gain : annualized_gain_rate============================ end_time 
start_time : 1657085407, datetime : Wed Jul  6 13:30:07 2022, gain : annualized_gain_rate============================== start_time 
end_time : 1657085713, datetime : Wed Jul  6 13:35:13 2022, gain : annualized_gain_rate============================ end_time 
start_time : 1657085713, datetime : Wed Jul  6 13:35:13 2022, gain : annualized_gain_rate============================== start_time 
end_time : 1657085765, datetime : Wed Jul  6 13:36:05 2022, gain : annualized_gain_rate============================ end_time 
start_time : 1657085765, datetime : Wed Jul  6 13:36:05 2022, gain : annualized_gain_rate============================== start_time 
end_time : 1657085948, datetime : Wed Jul  6 13:39:08 2022, gain : annualized_gain_rate============================ end_time 
start_time : 1657085948, datetime : Wed Jul  6 13:39:08 2022, gain : annualized_gain_rate============================== start_time 
end_time : 1657086199, datetime : Wed Jul  6 13:43:19 2022, gain : annualized_gain_rate============================ end_time 
start_time : 1657086199, datetime : Wed Jul  6 13:43:19 2022, gain : annualized_gain_rate============================== start_time 
end_time : 1657086280, datetime : Wed Jul  6 13:44:40 2022, gain : annualized_gain_rate============================ end_time 
start_time : 1657086280, datetime : Wed Jul  6 13:44:40 2022, gain : annualized_gain_rate============================== start_time 
end_time : 1657086596, datetime : Wed Jul  6 13:49:56 2022, gain : annualized_gain_rate============================ end_time 
start_time : 1657086596, datetime : Wed Jul  6 13:49:56 2022, gain : annualized_gain_rate============================== start_time 
end_time : 1657086838, datetime : Wed Jul  6 13:53:58 2022, gain : annualized_gain_rate============================ end_time 
start_time : 1657086838, datetime : Wed Jul  6 13:53:58 2022, gain : annualized_gain_rate============================== start_time 
end_time : 1657086908, datetime : Wed Jul  6 13:55:08 2022, gain : annualized_gain_rate============================ end_time 
start_time : 1657086908, datetime : Wed Jul  6 13:55:08 2022, gain : annualized_gain_rate============================== start_time 
end_time : 1657087040, datetime : Wed Jul  6 13:57:20 2022, gain : annualized_gain_rate============================ end_time 
start_time : 1657087040, datetime : Wed Jul  6 13:57:20 2022, gain : annualized_gain_rate============================== start_time 
end_time : 1657087112, datetime : Wed Jul  6 13:58:32 2022, gain : annualized_gain_rate============================ end_time 
start_time : 1657087112, datetime : Wed Jul  6 13:58:32 2022, gain : annualized_gain_rate============================== start_time 
end_time : 1657087405, datetime : Wed Jul  6 14:03:25 2022, gain : annualized_gain_rate============================ end_time 
start_time : 1657087405, datetime : Wed Jul  6 14:03:25 2022, gain : annualized_gain_rate============================== start_time 
end_time : 1657087521, datetime : Wed Jul  6 14:05:21 2022, gain : annualized_gain_rate============================ end_time 
start_time : 1657087521, datetime : Wed Jul  6 14:05:21 2022, gain : annualized_gain_rate============================== start_time 
end_time : 1657087570, datetime : Wed Jul  6 14:06:10 2022, gain : annualized_gain_rate============================ end_time 
start_time : 1657087570, datetime : Wed Jul  6 14:06:10 2022, gain : annualized_gain_rate============================== start_time 
end_time : 1657098527, datetime : Wed Jul  6 17:08:47 2022, gain : annualized_gain_rate============================ end_time 
start_time : 1657098527, datetime : Wed Jul  6 17:08:47 2022, gain : annualized_gain_rate============================== start_time 
end_time : 1657098708, datetime : Wed Jul  6 17:11:48 2022, gain : annualized_gain_rate============================ end_time 
start_time : 1657098708, datetime : Wed Jul  6 17:11:48 2022, gain : annualized_gain_rate============================== start_time 
end_time : 1657098927, datetime : Wed Jul  6 17:15:27 2022, gain : annualized_gain_rate============================ end_time 
start_time : 1657098927, datetime : Wed Jul  6 17:15:27 2022, gain : annualized_gain_rate============================== start_time 
end_time : 1657099038, datetime : Wed Jul  6 17:17:18 2022, gain : annualized_gain_rate============================ end_time 
start_time : 1657099038, datetime : Wed Jul  6 17:17:18 2022, gain : annualized_gain_rate============================== start_time 
end_time : 1657099355, datetime : Wed Jul  6 17:22:35 2022, gain : annualized_gain_rate============================ end_time 
start_time : 1657099355, datetime : Wed Jul  6 17:22:35 2022, gain : annualized_gain_rate============================== start_time 
end_time : 1657099527, datetime : Wed Jul  6 17:25:27 2022, gain : annualized_gain_rate============================ end_time 
start_time : 1657099527, datetime : Wed Jul  6 17:25:27 2022, gain : annualized_gain_rate============================== start_time 
end_time : 1657099686, datetime : Wed Jul  6 17:28:06 2022, gain : annualized_gain_rate============================ end_time 
start_time : 1657099686, datetime : Wed Jul  6 17:28:06 2022, gain : annualized_gain_rate============================== start_time 
end_time : 1657099765, datetime : Wed Jul  6 17:29:25 2022, gain : annualized_gain_rate============================ end_time 
start_time : 1657099765, datetime : Wed Jul  6 17:29:25 2022, gain : annualized_gain_rate============================== start_time 
end_time : 1657099878, datetime : Wed Jul  6 17:31:18 2022, gain : annualized_gain_rate============================ end_time 
start_time : 1657099878, datetime : Wed Jul  6 17:31:18 2022, gain : annualized_gain_rate============================== start_time 
end_time : 1657100075, datetime : Wed Jul  6 17:34:35 2022, gain : annualized_gain_rate============================ end_time 
start_time : 1657100075, datetime : Wed Jul  6 17:34:35 2022, gain : annualized_gain_rate============================== start_time 
end_time : 1657100290, datetime : Wed Jul  6 17:38:10 2022, gain : annualized_gain_rate============================ end_time 
start_time : 1657100290, datetime : Wed Jul  6 17:38:10 2022, gain : annualized_gain_rate============================== start_time 
end_time : 1657100569, datetime : Wed Jul  6 17:42:49 2022, gain : annualized_gain_rate============================ end_time 
start_time : 1657100569, datetime : Wed Jul  6 17:42:49 2022, gain : annualized_gain_rate============================== start_time 
end_time : 1657100731, datetime : Wed Jul  6 17:45:31 2022, gain : annualized_gain_rate============================ end_time 
start_time : 1657100731, datetime : Wed Jul  6 17:45:31 2022, gain : annualized_gain_rate============================== start_time 
end_time : 1657100972, datetime : Wed Jul  6 17:49:32 2022, gain : annualized_gain_rate============================ end_time 
start_time : 1657100972, datetime : Wed Jul  6 17:49:32 2022, gain : annualized_gain_rate============================== start_time 
end_time : 1657101255, datetime : Wed Jul  6 17:54:15 2022, gain : annualized_gain_rate============================ end_time 
start_time : 1657101255, datetime : Wed Jul  6 17:54:15 2022, gain : annualized_gain_rate============================== start_time 
end_time : 1657101405, datetime : Wed Jul  6 17:56:45 2022, gain : annualized_gain_rate============================ end_time 
start_time : 1657101405, datetime : Wed Jul  6 17:56:45 2022, gain : annualized_gain_rate============================== start_time 
end_time : 1657101521, datetime : Wed Jul  6 17:58:41 2022, gain : annualized_gain_rate============================ end_time 
start_time : 1657101521, datetime : Wed Jul  6 17:58:41 2022, gain : annualized_gain_rate============================== start_time 
end_time : 1657101765, datetime : Wed Jul  6 18:02:45 2022, gain : annualized_gain_rate============================ end_time 
start_time : 1657101765, datetime : Wed Jul  6 18:02:45 2022, gain : annualized_gain_rate============================== start_time 
end_time : 1657102051, datetime : Wed Jul  6 18:07:31 2022, gain : annualized_gain_rate============================ end_time 
start_time : 1657102051, datetime : Wed Jul  6 18:07:31 2022, gain : annualized_gain_rate============================== start_time 
end_time : 1657102381, datetime : Wed Jul  6 18:13:01 2022, gain : annualized_gain_rate============================ end_time 
start_time : 1657102381, datetime : Wed Jul  6 18:13:01 2022, gain : annualized_gain_rate============================== start_time 
end_time : 1657102673, datetime : Wed Jul  6 18:17:53 2022, gain : annualized_gain_rate============================ end_time 
start_time : 1657102673, datetime : Wed Jul  6 18:17:53 2022, gain : annualized_gain_rate============================== start_time 
end_time : 1657102901, datetime : Wed Jul  6 18:21:41 2022, gain : annualized_gain_rate============================ end_time 
start_time : 1657102901, datetime : Wed Jul  6 18:21:41 2022, gain : annualized_gain_rate============================== start_time 
end_time : 1657103041, datetime : Wed Jul  6 18:24:01 2022, gain : annualized_gain_rate============================ end_time 
start_time : 1657103041, datetime : Wed Jul  6 18:24:01 2022, gain : annualized_gain_rate============================== start_time 
end_time : 1657103098, datetime : Wed Jul  6 18:24:58 2022, gain : annualized_gain_rate============================ end_time 
start_time : 1657103098, datetime : Wed Jul  6 18:24:58 2022, gain : annualized_gain_rate============================== start_time 
end_time : 1657103434, datetime : Wed Jul  6 18:30:34 2022, gain : annualized_gain_rate============================ end_time 
start_time : 1657555200, datetime : Tue Jul 12 00:00:00 2022, gain : annualized_gain_rate============================== start_time 
end_time : 1657634779, datetime : Tue Jul 12 22:06:19 2022, gain : annualized_gain_rate============================ end_time 
start_time : 1657555200, datetime : Tue Jul 12 00:00:00 2022, gain : annualized_gain_rate============================== start_time 
time: 2022-07-12 22:09:07.230676
name: 不确定不交易, daily_gain: -0.53, monthly_gain: -2.05, symbol: https://xueqiu.com/P/ZH2514120, datetime: Tue Jul 12 14:55:37 2022
end_time : 1657634836, datetime : Tue Jul 12 22:07:16 2022, gain : annualized_gain_rate============================ end_time 
start_time : 1657634836, datetime : Tue Jul 12 22:07:16 2022, gain : annualized_gain_rate============================== start_time 
end_time : 1657635058, datetime : Tue Jul 12 22:10:58 2022, gain : annualized_gain_rate============================ end_time 
start_time : 1657635058, datetime : Tue Jul 12 22:10:58 2022, gain : annualized_gain_rate============================== start_time 
end_time : 1657635148, datetime : Tue Jul 12 22:12:28 2022, gain : annualized_gain_rate============================ end_time 
start_time : 1657635148, datetime : Tue Jul 12 22:12:28 2022, gain : annualized_gain_rate============================== start_time 
end_time : 1657635235, datetime : Tue Jul 12 22:13:55 2022, gain : annualized_gain_rate============================ end_time 
start_time : 1657635235, datetime : Tue Jul 12 22:13:55 2022, gain : annualized_gain_rate============================== start_time 
end_time : 1657635570, datetime : Tue Jul 12 22:19:30 2022, gain : annualized_gain_rate============================ end_time 
start_time : 1657635570, datetime : Tue Jul 12 22:19:30 2022, gain : annualized_gain_rate============================== start_time 
end_time : 1657635880, datetime : Tue Jul 12 22:24:40 2022, gain : annualized_gain_rate============================ end_time 
start_time : 1657635880, datetime : Tue Jul 12 22:24:40 2022, gain : annualized_gain_rate============================== start_time 
end_time : 1657636036, datetime : Tue Jul 12 22:27:16 2022, gain : annualized_gain_rate============================ end_time 
start_time : 1657636036, datetime : Tue Jul 12 22:27:16 2022, gain : annualized_gain_rate============================== start_time 
end_time : 1657636243, datetime : Tue Jul 12 22:30:43 2022, gain : annualized_gain_rate============================ end_time 
start_time : 1657636243, datetime : Tue Jul 12 22:30:43 2022, gain : annualized_gain_rate============================== start_time 
end_time : 1657636530, datetime : Tue Jul 12 22:35:30 2022, gain : annualized_gain_rate============================ end_time 
start_time : 1657636530, datetime : Tue Jul 12 22:35:30 2022, gain : annualized_gain_rate============================== start_time 
end_time : 1657636866, datetime : Tue Jul 12 22:41:06 2022, gain : annualized_gain_rate============================ end_time 
start_time : 1657636866, datetime : Tue Jul 12 22:41:06 2022, gain : annualized_gain_rate============================== start_time 
end_time : 1657637149, datetime : Tue Jul 12 22:45:49 2022, gain : annualized_gain_rate============================ end_time 
start_time : 1657637149, datetime : Tue Jul 12 22:45:49 2022, gain : annualized_gain_rate============================== start_time 
end_time : 1657637395, datetime : Tue Jul 12 22:49:55 2022, gain : annualized_gain_rate============================ end_time 
start_time : 1657637395, datetime : Tue Jul 12 22:49:55 2022, gain : annualized_gain_rate============================== start_time 
end_time : 1657637524, datetime : Tue Jul 12 22:52:04 2022, gain : annualized_gain_rate============================ end_time 
start_time : 1657637524, datetime : Tue Jul 12 22:52:04 2022, gain : annualized_gain_rate============================== start_time 
end_time : 1657637858, datetime : Tue Jul 12 22:57:38 2022, gain : annualized_gain_rate============================ end_time 
start_time : 1657637858, datetime : Tue Jul 12 22:57:38 2022, gain : annualized_gain_rate============================== start_time 
end_time : 1657638014, datetime : Tue Jul 12 23:00:14 2022, gain : annualized_gain_rate============================ end_time 
start_time : 1657641600, datetime : Wed Jul 13 00:00:00 2022, gain : annualized_gain_rate============================== start_time 
start_time : 1657641600, datetime : Wed Jul 13 00:00:00 2022, gain : annualized_gain_rate============================== start_time 
end_time : 1657677919, datetime : Wed Jul 13 10:05:19 2022, gain : annualized_gain_rate============================ end_time 
start_time : 1657677919, datetime : Wed Jul 13 10:05:19 2022, gain : annualized_gain_rate============================== start_time 
start_time : 1657641600, datetime : Wed Jul 13 00:00:00 2022, gain : annualized_gain_rate============================== start_time 
end_time : 1657678050, datetime : Wed Jul 13 10:07:30 2022, gain : annualized_gain_rate============================ end_time 
start_time : 1657678050, datetime : Wed Jul 13 10:07:30 2022, gain : annualized_gain_rate============================== start_time 
end_time : 1657678414, datetime : Wed Jul 13 10:13:34 2022, gain : annualized_gain_rate============================ end_time 
start_time : 1657678414, datetime : Wed Jul 13 10:13:34 2022, gain : annualized_gain_rate============================== start_time 
end_time : 1657678699, datetime : Wed Jul 13 10:18:19 2022, gain : annualized_gain_rate============================ end_time 
start_time : 1657678699, datetime : Wed Jul 13 10:18:19 2022, gain : annualized_gain_rate============================== start_time 
time: 2022-07-13 10:24:24.583681
name: 梅子黄时雨, daily_gain: -2.5, monthly_gain: -13.08, symbol: https://xueqiu.com/P/ZH1231033, datetime: Wed Jul 13 10:20:14 2022
end_time : 1657678950, datetime : Wed Jul 13 10:22:30 2022, gain : annualized_gain_rate============================ end_time 
start_time : 1657678950, datetime : Wed Jul 13 10:22:30 2022, gain : annualized_gain_rate============================== start_time 
time: 2022-07-13 10:28:11.900305
name: 中线, daily_gain: -2.55, monthly_gain: -3.66, symbol: https://xueqiu.com/P/ZH154076, datetime: Wed Jul 13 10:27:46 2022
end_time : 1657679181, datetime : Wed Jul 13 10:26:21 2022, gain : annualized_gain_rate============================ end_time 
start_time : 1657679181, datetime : Wed Jul 13 10:26:21 2022, gain : annualized_gain_rate============================== start_time 
time: 2022-07-13 10:29:36.664387
name: 中线, daily_gain: -2.55, monthly_gain: -3.66, symbol: https://xueqiu.com/P/ZH154076, datetime: Wed Jul 13 10:27:46 2022
end_time : 1657679272, datetime : Wed Jul 13 10:27:52 2022, gain : annualized_gain_rate============================ end_time 
start_time : 1657679272, datetime : Wed Jul 13 10:27:52 2022, gain : annualized_gain_rate============================== start_time 
end_time : 1657679393, datetime : Wed Jul 13 10:29:53 2022, gain : annualized_gain_rate============================ end_time 
start_time : 1657679393, datetime : Wed Jul 13 10:29:53 2022, gain : annualized_gain_rate============================== start_time 
time: 2022-07-13 10:51:59.588038
name: 顶哥实盘组合v1, daily_gain: -0.43, monthly_gain: 49.36, symbol: https://xueqiu.com/P/ZH1998302, datetime: Wed Jul 13 10:42:33 2022
time: 2022-07-13 10:52:00.824776
name: 顶哥一年八万倍, daily_gain: -0.34, monthly_gain: 43.78, symbol: https://xueqiu.com/P/ZH2365896, datetime: Wed Jul 13 10:42:35 2022
end_time : 1657680611, datetime : Wed Jul 13 10:50:11 2022, gain : annualized_gain_rate============================ end_time 
start_time : 1657680611, datetime : Wed Jul 13 10:50:11 2022, gain : annualized_gain_rate============================== start_time 
end_time : 1657680800, datetime : Wed Jul 13 10:53:20 2022, gain : annualized_gain_rate============================ end_time 
start_time : 1657680800, datetime : Wed Jul 13 10:53:20 2022, gain : annualized_gain_rate============================== start_time 
end_time : 1657681101, datetime : Wed Jul 13 10:58:21 2022, gain : annualized_gain_rate============================ end_time 
start_time : 1657681101, datetime : Wed Jul 13 10:58:21 2022, gain : annualized_gain_rate============================== start_time 
end_time : 1657681240, datetime : Wed Jul 13 11:00:40 2022, gain : annualized_gain_rate============================ end_time 
start_time : 1657681240, datetime : Wed Jul 13 11:00:40 2022, gain : annualized_gain_rate============================== start_time 
end_time : 1657681466, datetime : Wed Jul 13 11:04:26 2022, gain : annualized_gain_rate============================ end_time 
start_time : 1657681466, datetime : Wed Jul 13 11:04:26 2022, gain : annualized_gain_rate============================== start_time 
end_time : 1657681585, datetime : Wed Jul 13 11:06:25 2022, gain : annualized_gain_rate============================ end_time 
start_time : 1657681585, datetime : Wed Jul 13 11:06:25 2022, gain : annualized_gain_rate============================== start_time 
end_time : 1657681786, datetime : Wed Jul 13 11:09:46 2022, gain : annualized_gain_rate============================ end_time 
start_time : 1657681786, datetime : Wed Jul 13 11:09:46 2022, gain : annualized_gain_rate============================== start_time 
end_time : 1657681938, datetime : Wed Jul 13 11:12:18 2022, gain : annualized_gain_rate============================ end_time 
start_time : 1657681938, datetime : Wed Jul 13 11:12:18 2022, gain : annualized_gain_rate============================== start_time 
end_time : 1657681988, datetime : Wed Jul 13 11:13:08 2022, gain : annualized_gain_rate============================ end_time 
start_time : 1657681988, datetime : Wed Jul 13 11:13:08 2022, gain : annualized_gain_rate============================== start_time 
end_time : 1657682184, datetime : Wed Jul 13 11:16:24 2022, gain : annualized_gain_rate============================ end_time 
start_time : 1657682184, datetime : Wed Jul 13 11:16:24 2022, gain : annualized_gain_rate============================== start_time 
end_time : 1657682397, datetime : Wed Jul 13 11:19:57 2022, gain : annualized_gain_rate============================ end_time 
start_time : 1657682397, datetime : Wed Jul 13 11:19:57 2022, gain : annualized_gain_rate============================== start_time 
end_time : 1657682528, datetime : Wed Jul 13 11:22:08 2022, gain : annualized_gain_rate============================ end_time 
start_time : 1657682528, datetime : Wed Jul 13 11:22:08 2022, gain : annualized_gain_rate============================== start_time 
end_time : 1657682835, datetime : Wed Jul 13 11:27:15 2022, gain : annualized_gain_rate============================ end_time 
start_time : 1657682835, datetime : Wed Jul 13 11:27:15 2022, gain : annualized_gain_rate============================== start_time 
end_time : 1657682923, datetime : Wed Jul 13 11:28:43 2022, gain : annualized_gain_rate============================ end_time 
start_time : 1657682923, datetime : Wed Jul 13 11:28:43 2022, gain : annualized_gain_rate============================== start_time 
end_time : 1657682987, datetime : Wed Jul 13 11:29:47 2022, gain : annualized_gain_rate============================ end_time 
start_time : 1657682987, datetime : Wed Jul 13 11:29:47 2022, gain : annualized_gain_rate============================== start_time 
end_time : 1657683189, datetime : Wed Jul 13 11:33:09 2022, gain : annualized_gain_rate============================ end_time 
start_time : 1657683189, datetime : Wed Jul 13 11:33:09 2022, gain : annualized_gain_rate============================== start_time 
end_time : 1657683433, datetime : Wed Jul 13 11:37:13 2022, gain : annualized_gain_rate============================ end_time 
start_time : 1657683433, datetime : Wed Jul 13 11:37:13 2022, gain : annualized_gain_rate============================== start_time 
end_time : 1657683591, datetime : Wed Jul 13 11:39:51 2022, gain : annualized_gain_rate============================ end_time 
start_time : 1657683591, datetime : Wed Jul 13 11:39:51 2022, gain : annualized_gain_rate============================== start_time 
end_time : 1657683915, datetime : Wed Jul 13 11:45:15 2022, gain : annualized_gain_rate============================ end_time 
start_time : 1657683915, datetime : Wed Jul 13 11:45:15 2022, gain : annualized_gain_rate============================== start_time 
end_time : 1657686230, datetime : Wed Jul 13 12:23:50 2022, gain : annualized_gain_rate============================ end_time 
start_time : 1657686230, datetime : Wed Jul 13 12:23:50 2022, gain : annualized_gain_rate============================== start_time 
end_time : 1657686294, datetime : Wed Jul 13 12:24:54 2022, gain : annualized_gain_rate============================ end_time 
start_time : 1657686294, datetime : Wed Jul 13 12:24:54 2022, gain : annualized_gain_rate============================== start_time 
end_time : 1657686383, datetime : Wed Jul 13 12:26:23 2022, gain : annualized_gain_rate============================ end_time 
start_time : 1657686383, datetime : Wed Jul 13 12:26:23 2022, gain : annualized_gain_rate============================== start_time 
end_time : 1657686439, datetime : Wed Jul 13 12:27:19 2022, gain : annualized_gain_rate============================ end_time 
start_time : 1657686439, datetime : Wed Jul 13 12:27:19 2022, gain : annualized_gain_rate============================== start_time 
end_time : 1657686771, datetime : Wed Jul 13 12:32:51 2022, gain : annualized_gain_rate============================ end_time 
start_time : 1657686771, datetime : Wed Jul 13 12:32:51 2022, gain : annualized_gain_rate============================== start_time 
end_time : 1657686854, datetime : Wed Jul 13 12:34:14 2022, gain : annualized_gain_rate============================ end_time 
start_time : 1657686854, datetime : Wed Jul 13 12:34:14 2022, gain : annualized_gain_rate============================== start_time 
end_time : 1657687132, datetime : Wed Jul 13 12:38:52 2022, gain : annualized_gain_rate============================ end_time 
start_time : 1657687132, datetime : Wed Jul 13 12:38:52 2022, gain : annualized_gain_rate============================== start_time 
end_time : 1657687347, datetime : Wed Jul 13 12:42:27 2022, gain : annualized_gain_rate============================ end_time 
start_time : 1657687347, datetime : Wed Jul 13 12:42:27 2022, gain : annualized_gain_rate============================== start_time 
end_time : 1657687630, datetime : Wed Jul 13 12:47:10 2022, gain : annualized_gain_rate============================ end_time 
start_time : 1657687630, datetime : Wed Jul 13 12:47:10 2022, gain : annualized_gain_rate============================== start_time 
end_time : 1657687791, datetime : Wed Jul 13 12:49:51 2022, gain : annualized_gain_rate============================ end_time 
start_time : 1657687791, datetime : Wed Jul 13 12:49:51 2022, gain : annualized_gain_rate============================== start_time 
end_time : 1657687836, datetime : Wed Jul 13 12:50:36 2022, gain : annualized_gain_rate============================ end_time 
start_time : 1657687836, datetime : Wed Jul 13 12:50:36 2022, gain : annualized_gain_rate============================== start_time 
end_time : 1657687908, datetime : Wed Jul 13 12:51:48 2022, gain : annualized_gain_rate============================ end_time 
start_time : 1657687908, datetime : Wed Jul 13 12:51:48 2022, gain : annualized_gain_rate============================== start_time 
end_time : 1657688141, datetime : Wed Jul 13 12:55:41 2022, gain : annualized_gain_rate============================ end_time 
start_time : 1657688141, datetime : Wed Jul 13 12:55:41 2022, gain : annualized_gain_rate============================== start_time 
end_time : 1657688324, datetime : Wed Jul 13 12:58:44 2022, gain : annualized_gain_rate============================ end_time 
start_time : 1657688324, datetime : Wed Jul 13 12:58:44 2022, gain : annualized_gain_rate============================== start_time 
end_time : 1657688510, datetime : Wed Jul 13 13:01:50 2022, gain : annualized_gain_rate============================ end_time 
start_time : 1657688510, datetime : Wed Jul 13 13:01:50 2022, gain : annualized_gain_rate============================== start_time 
end_time : 1657688595, datetime : Wed Jul 13 13:03:15 2022, gain : annualized_gain_rate============================ end_time 
start_time : 1657688595, datetime : Wed Jul 13 13:03:15 2022, gain : annualized_gain_rate============================== start_time 
end_time : 1657688796, datetime : Wed Jul 13 13:06:36 2022, gain : annualized_gain_rate============================ end_time 
start_time : 1657688796, datetime : Wed Jul 13 13:06:36 2022, gain : annualized_gain_rate============================== start_time 
end_time : 1657688867, datetime : Wed Jul 13 13:07:47 2022, gain : annualized_gain_rate============================ end_time 
start_time : 1657688867, datetime : Wed Jul 13 13:07:47 2022, gain : annualized_gain_rate============================== start_time 
end_time : 1657688974, datetime : Wed Jul 13 13:09:34 2022, gain : annualized_gain_rate============================ end_time 
start_time : 1657688974, datetime : Wed Jul 13 13:09:34 2022, gain : annualized_gain_rate============================== start_time 
end_time : 1657689058, datetime : Wed Jul 13 13:10:58 2022, gain : annualized_gain_rate============================ end_time 
start_time : 1657689058, datetime : Wed Jul 13 13:10:58 2022, gain : annualized_gain_rate============================== start_time 
end_time : 1657689135, datetime : Wed Jul 13 13:12:15 2022, gain : annualized_gain_rate============================ end_time 
start_time : 1657689135, datetime : Wed Jul 13 13:12:15 2022, gain : annualized_gain_rate============================== start_time 
end_time : 1657689392, datetime : Wed Jul 13 13:16:32 2022, gain : annualized_gain_rate============================ end_time 
start_time : 1657689392, datetime : Wed Jul 13 13:16:32 2022, gain : annualized_gain_rate============================== start_time 
end_time : 1657689718, datetime : Wed Jul 13 13:21:58 2022, gain : annualized_gain_rate============================ end_time 
start_time : 1657689718, datetime : Wed Jul 13 13:21:58 2022, gain : annualized_gain_rate============================== start_time 
end_time : 1657689927, datetime : Wed Jul 13 13:25:27 2022, gain : annualized_gain_rate============================ end_time 
start_time : 1657689927, datetime : Wed Jul 13 13:25:27 2022, gain : annualized_gain_rate============================== start_time 
end_time : 1657689980, datetime : Wed Jul 13 13:26:20 2022, gain : annualized_gain_rate============================ end_time 
start_time : 1657689980, datetime : Wed Jul 13 13:26:20 2022, gain : annualized_gain_rate============================== start_time 
end_time : 1657690210, datetime : Wed Jul 13 13:30:10 2022, gain : annualized_gain_rate============================ end_time 
start_time : 1657690210, datetime : Wed Jul 13 13:30:10 2022, gain : annualized_gain_rate============================== start_time 
end_time : 1657690328, datetime : Wed Jul 13 13:32:08 2022, gain : annualized_gain_rate============================ end_time 
start_time : 1657690328, datetime : Wed Jul 13 13:32:08 2022, gain : annualized_gain_rate============================== start_time 
end_time : 1657690664, datetime : Wed Jul 13 13:37:44 2022, gain : annualized_gain_rate============================ end_time 
start_time : 1657690664, datetime : Wed Jul 13 13:37:44 2022, gain : annualized_gain_rate============================== start_time 
end_time : 1657690740, datetime : Wed Jul 13 13:39:00 2022, gain : annualized_gain_rate============================ end_time 
start_time : 1657690740, datetime : Wed Jul 13 13:39:00 2022, gain : annualized_gain_rate============================== start_time 
end_time : 1657690816, datetime : Wed Jul 13 13:40:16 2022, gain : annualized_gain_rate============================ end_time 
start_time : 1657690816, datetime : Wed Jul 13 13:40:16 2022, gain : annualized_gain_rate============================== start_time 
end_time : 1657691055, datetime : Wed Jul 13 13:44:15 2022, gain : annualized_gain_rate============================ end_time 
start_time : 1657691055, datetime : Wed Jul 13 13:44:15 2022, gain : annualized_gain_rate============================== start_time 
end_time : 1657694658, datetime : Wed Jul 13 14:44:18 2022, gain : annualized_gain_rate============================ end_time 
start_time : 1657694658, datetime : Wed Jul 13 14:44:18 2022, gain : annualized_gain_rate============================== start_time 
end_time : 1657694996, datetime : Wed Jul 13 14:49:56 2022, gain : annualized_gain_rate============================ end_time 
start_time : 1657694996, datetime : Wed Jul 13 14:49:56 2022, gain : annualized_gain_rate============================== start_time 
end_time : 1657695339, datetime : Wed Jul 13 14:55:39 2022, gain : annualized_gain_rate============================ end_time 
start_time : 1657695339, datetime : Wed Jul 13 14:55:39 2022, gain : annualized_gain_rate============================== start_time 
end_time : 1657695404, datetime : Wed Jul 13 14:56:44 2022, gain : annualized_gain_rate============================ end_time 
start_time : 1657695404, datetime : Wed Jul 13 14:56:44 2022, gain : annualized_gain_rate============================== start_time 
end_time : 1657695540, datetime : Wed Jul 13 14:59:00 2022, gain : annualized_gain_rate============================ end_time 
start_time : 1657695540, datetime : Wed Jul 13 14:59:00 2022, gain : annualized_gain_rate============================== start_time 
end_time : 1657695723, datetime : Wed Jul 13 15:02:03 2022, gain : annualized_gain_rate============================ end_time 
start_time : 1657695723, datetime : Wed Jul 13 15:02:03 2022, gain : annualized_gain_rate============================== start_time 
end_time : 1657695971, datetime : Wed Jul 13 15:06:11 2022, gain : annualized_gain_rate============================ end_time 
start_time : 1657695971, datetime : Wed Jul 13 15:06:11 2022, gain : annualized_gain_rate============================== start_time 
end_time : 1657696272, datetime : Wed Jul 13 15:11:12 2022, gain : annualized_gain_rate============================ end_time 
start_time : 1657696272, datetime : Wed Jul 13 15:11:12 2022, gain : annualized_gain_rate============================== start_time 
end_time : 1657696397, datetime : Wed Jul 13 15:13:17 2022, gain : annualized_gain_rate============================ end_time 
start_time : 1657696397, datetime : Wed Jul 13 15:13:17 2022, gain : annualized_gain_rate============================== start_time 
end_time : 1657696629, datetime : Wed Jul 13 15:17:09 2022, gain : annualized_gain_rate============================ end_time 
start_time : 1657696629, datetime : Wed Jul 13 15:17:09 2022, gain : annualized_gain_rate============================== start_time 
end_time : 1657696895, datetime : Wed Jul 13 15:21:35 2022, gain : annualized_gain_rate============================ end_time 
start_time : 1657696895, datetime : Wed Jul 13 15:21:35 2022, gain : annualized_gain_rate============================== start_time 
end_time : 1657697213, datetime : Wed Jul 13 15:26:53 2022, gain : annualized_gain_rate============================ end_time 
start_time : 1657697213, datetime : Wed Jul 13 15:26:53 2022, gain : annualized_gain_rate============================== start_time 
end_time : 1657704745, datetime : Wed Jul 13 17:32:25 2022, gain : annualized_gain_rate============================ end_time 
start_time : 1657704745, datetime : Wed Jul 13 17:32:25 2022, gain : annualized_gain_rate============================== start_time 
end_time : 1657704842, datetime : Wed Jul 13 17:34:02 2022, gain : annualized_gain_rate============================ end_time 
start_time : 1657704842, datetime : Wed Jul 13 17:34:02 2022, gain : annualized_gain_rate============================== start_time 
end_time : 1657704996, datetime : Wed Jul 13 17:36:36 2022, gain : annualized_gain_rate============================ end_time 
start_time : 1657704996, datetime : Wed Jul 13 17:36:36 2022, gain : annualized_gain_rate============================== start_time 
end_time : 1657705230, datetime : Wed Jul 13 17:40:30 2022, gain : annualized_gain_rate============================ end_time 
start_time : 1657705230, datetime : Wed Jul 13 17:40:30 2022, gain : annualized_gain_rate============================== start_time 
end_time : 1657705296, datetime : Wed Jul 13 17:41:36 2022, gain : annualized_gain_rate============================ end_time 
start_time : 1657705296, datetime : Wed Jul 13 17:41:36 2022, gain : annualized_gain_rate============================== start_time 
end_time : 1657705579, datetime : Wed Jul 13 17:46:19 2022, gain : annualized_gain_rate============================ end_time 
start_time : 1657705579, datetime : Wed Jul 13 17:46:19 2022, gain : annualized_gain_rate============================== start_time 
end_time : 1657705786, datetime : Wed Jul 13 17:49:46 2022, gain : annualized_gain_rate============================ end_time 
start_time : 1657705786, datetime : Wed Jul 13 17:49:46 2022, gain : annualized_gain_rate============================== start_time 
end_time : 1657706088, datetime : Wed Jul 13 17:54:48 2022, gain : annualized_gain_rate============================ end_time 
start_time : 1657706088, datetime : Wed Jul 13 17:54:48 2022, gain : annualized_gain_rate============================== start_time 
end_time : 1657706239, datetime : Wed Jul 13 17:57:19 2022, gain : annualized_gain_rate============================ end_time 
start_time : 1657706239, datetime : Wed Jul 13 17:57:19 2022, gain : annualized_gain_rate============================== start_time 
end_time : 1657706407, datetime : Wed Jul 13 18:00:07 2022, gain : annualized_gain_rate============================ end_time 
start_time : 1657706407, datetime : Wed Jul 13 18:00:07 2022, gain : annualized_gain_rate============================== start_time 
end_time : 1657706497, datetime : Wed Jul 13 18:01:37 2022, gain : annualized_gain_rate============================ end_time 
start_time : 1657706497, datetime : Wed Jul 13 18:01:37 2022, gain : annualized_gain_rate============================== start_time 
end_time : 1657706641, datetime : Wed Jul 13 18:04:01 2022, gain : annualized_gain_rate============================ end_time 
start_time : 1657706641, datetime : Wed Jul 13 18:04:01 2022, gain : annualized_gain_rate============================== start_time 
end_time : 1657706882, datetime : Wed Jul 13 18:08:02 2022, gain : annualized_gain_rate============================ end_time 
start_time : 1657706882, datetime : Wed Jul 13 18:08:02 2022, gain : annualized_gain_rate============================== start_time 
end_time : 1657707188, datetime : Wed Jul 13 18:13:08 2022, gain : annualized_gain_rate============================ end_time 
start_time : 1658160000, datetime : Tue Jul 19 00:00:00 2022, gain : annualized_gain_rate============================== start_time 
start_time : 1658160000, datetime : Tue Jul 19 00:00:00 2022, gain : annualized_gain_rate============================== start_time 
start_time : 1658160000, datetime : Tue Jul 19 00:00:00 2022, gain : annualized_gain_rate============================== start_time 
start_time : 1658160000, datetime : Tue Jul 19 00:00:00 2022, gain : annualized_gain_rate============================== start_time 
